#
# There is insufficient memory for the Java Runtime Environment to continue.
# Native memory allocation (malloc) failed to allocate 1708336 bytes for Chunk::new
# Possible reasons:
#   The system is out of physical RAM or swap space
#   The process is running with CompressedOops enabled, and the Java Heap may be blocking the growth of the native heap
# Possible solutions:
#   Reduce memory load on the system
#   Increase physical memory or swap space
#   Check if swap backing store is full
#   Decrease Java heap size (-Xmx/-Xms)
#   Decrease number of Java threads
#   Decrease Java thread stack sizes (-Xss)
#   Set larger code cache with -XX:ReservedCodeCacheSize=
#   JVM is running with Unscaled Compressed Oops mode in which the Java heap is
#     placed in the first 4GB address space. The Java Heap base address is the
#     maximum limit for the native heap growth. Please use -XX:HeapBaseMinAddress
#     to set the Java Heap base and to place the Java Heap above 4GB virtual address.
# This output file may be truncated or incomplete.
#
#  Out of Memory Error (arena.cpp:189), pid=16600, tid=3948
#
# JRE version: Java(TM) SE Runtime Environment (17.0.12+8) (build 17.0.12+8-LTS-286)
# Java VM: Java HotSpot(TM) 64-Bit Server VM (17.0.12+8-LTS-286, mixed mode, sharing, tiered, compressed oops, compressed class ptrs, g1 gc, windows-amd64)
# No core dump will be written. Minidumps are not enabled by default on client versions of Windows
#

---------------  S U M M A R Y ------------

Command Line: -javaagent:C:\Program Files\JetBrains\IntelliJ IDEA Community Edition 2024.2.3\lib\idea_rt.jar=55572:C:\Program Files\JetBrains\IntelliJ IDEA Community Edition 2024.2.3\bin -Dfile.encoding=UTF-8 com.example.mentalhealth.MentalHealthApplication

Host: Intel(R) Core(TM) i7-8550U CPU @ 1.80GHz, 8 cores, 7G,  Windows 11 , 64 bit Build 26100 (10.0.26100.7309)
Time: Fri Dec 12 11:52:45 2025 Egypt Standard Time elapsed time: 14.569234 seconds (0d 0h 0m 14s)

---------------  T H R E A D  ---------------

Current thread (0x0000022a615f3a20):  JavaThread "C2 CompilerThread0" daemon [_thread_in_native, id=3948, stack(0x000000a3e7700000,0x000000a3e7800000)]


Current CompileTask:
C2:  14570 4969       4       org.springframework.core.annotation.TypeMappedAnnotations::get (52 bytes)

Stack: [0x000000a3e7700000,0x000000a3e7800000]
Native frames: (J=compiled Java code, j=interpreted, Vv=VM code, C=native code)
V  [jvm.dll+0x67a04a]
V  [jvm.dll+0x7da4ed]
V  [jvm.dll+0x7dbe33]
V  [jvm.dll+0x7dc4a3]
V  [jvm.dll+0x24508f]
V  [jvm.dll+0xab773]
V  [jvm.dll+0xabd3c]
V  [jvm.dll+0x361b9f]
V  [jvm.dll+0x32c431]
V  [jvm.dll+0x32b8ca]
V  [jvm.dll+0x21683f]
V  [jvm.dll+0x215c6f]
V  [jvm.dll+0x1a2960]
V  [jvm.dll+0x22610b]
V  [jvm.dll+0x2242ab]
V  [jvm.dll+0x79075c]
V  [jvm.dll+0x78abea]
V  [jvm.dll+0x678f35]
C  [ucrtbase.dll+0x37b0]
C  [KERNEL32.DLL+0x2e8d7]
C  [ntdll.dll+0x8c53c]


---------------  P R O C E S S  ---------------

Threads class SMR info:
_java_thread_list=0x0000022a68f4e610, length=21, elements={
0x0000022a4360e5c0, 0x0000022a615a70e0, 0x0000022a615a8720, 0x0000022a615be440,
0x0000022a615c0930, 0x0000022a615c5140, 0x0000022a615ea9b0, 0x0000022a615f3a20,
0x0000022a615f4790, 0x0000022a615fb820, 0x0000022a615fc240, 0x0000022a615fc750,
0x0000022a615f94b0, 0x0000022a615fa8f0, 0x0000022a615f99c0, 0x0000022a615fb310,
0x0000022a615fcc60, 0x0000022a615fbd30, 0x0000022a615fae00, 0x0000022a677219d0,
0x0000022a69bf9ae0
}

Java Threads: ( => current thread )
  0x0000022a4360e5c0 JavaThread "main" [_thread_in_Java, id=10980, stack(0x000000a3e6a00000,0x000000a3e6b00000)]
  0x0000022a615a70e0 JavaThread "Reference Handler" daemon [_thread_blocked, id=13228, stack(0x000000a3e7100000,0x000000a3e7200000)]
  0x0000022a615a8720 JavaThread "Finalizer" daemon [_thread_blocked, id=7736, stack(0x000000a3e7200000,0x000000a3e7300000)]
  0x0000022a615be440 JavaThread "Signal Dispatcher" daemon [_thread_blocked, id=13804, stack(0x000000a3e7300000,0x000000a3e7400000)]
  0x0000022a615c0930 JavaThread "Attach Listener" daemon [_thread_blocked, id=12552, stack(0x000000a3e7400000,0x000000a3e7500000)]
  0x0000022a615c5140 JavaThread "Service Thread" daemon [_thread_blocked, id=17696, stack(0x000000a3e7500000,0x000000a3e7600000)]
  0x0000022a615ea9b0 JavaThread "Monitor Deflation Thread" daemon [_thread_blocked, id=11960, stack(0x000000a3e7600000,0x000000a3e7700000)]
=>0x0000022a615f3a20 JavaThread "C2 CompilerThread0" daemon [_thread_in_native, id=3948, stack(0x000000a3e7700000,0x000000a3e7800000)]
  0x0000022a615f4790 JavaThread "C1 CompilerThread0" daemon [_thread_blocked, id=4804, stack(0x000000a3e7800000,0x000000a3e7900000)]
  0x0000022a615fb820 JavaThread "Sweeper thread" daemon [_thread_blocked, id=15896, stack(0x000000a3e7900000,0x000000a3e7a00000)]
  0x0000022a615fc240 JavaThread "Common-Cleaner" daemon [_thread_blocked, id=3676, stack(0x000000a3e7a00000,0x000000a3e7b00000)]
  0x0000022a615fc750 JavaThread "Monitor Ctrl-Break" daemon [_thread_in_native, id=3840, stack(0x000000a3e7b00000,0x000000a3e7c00000)]
  0x0000022a615f94b0 JavaThread "Notification Thread" daemon [_thread_blocked, id=17804, stack(0x000000a3e7c00000,0x000000a3e7d00000)]
  0x0000022a615fa8f0 JavaThread "Catalina-utility-1" [_thread_blocked, id=12392, stack(0x000000a3e8800000,0x000000a3e8900000)]
  0x0000022a615f99c0 JavaThread "Catalina-utility-2" [_thread_blocked, id=16672, stack(0x000000a3e8900000,0x000000a3e8a00000)]
  0x0000022a615fb310 JavaThread "container-0" [_thread_blocked, id=12172, stack(0x000000a3e8a00000,0x000000a3e8b00000)]
  0x0000022a615fcc60 JavaThread "PostgreSQL-JDBC-Cleaner" daemon [_thread_blocked, id=5620, stack(0x000000a3e8c00000,0x000000a3e8d00000)]
  0x0000022a615fbd30 JavaThread "HikariPool-1:housekeeper" daemon [_thread_blocked, id=18064, stack(0x000000a3e8d00000,0x000000a3e8e00000)]
  0x0000022a615fae00 JavaThread "HikariPool-1:connection-adder" daemon [_thread_blocked, id=4224, stack(0x000000a3e8e00000,0x000000a3e8f00000)]
  0x0000022a677219d0 JavaThread "C2 CompilerThread1" daemon [_thread_in_native, id=16608, stack(0x000000a3e7e00000,0x000000a3e7f00000)]
  0x0000022a69bf9ae0 JavaThread "C2 CompilerThread2" daemon [_thread_in_native, id=14400, stack(0x000000a3e8400000,0x000000a3e8500000)]

Other Threads:
  0x0000022a615a2420 VMThread "VM Thread" [stack: 0x000000a3e7000000,0x000000a3e7100000] [id=16316]
  0x0000022a436913a0 WatcherThread [stack: 0x000000a3e7d00000,0x000000a3e7e00000] [id=13152]
  0x0000022a43669a40 GCTaskThread "GC Thread#0" [stack: 0x000000a3e6b00000,0x000000a3e6c00000] [id=17788]
  0x0000022a669cc8c0 GCTaskThread "GC Thread#1" [stack: 0x000000a3e7f00000,0x000000a3e8000000] [id=11268]
  0x0000022a667e55c0 GCTaskThread "GC Thread#2" [stack: 0x000000a3e8000000,0x000000a3e8100000] [id=18248]
  0x0000022a667deeb0 GCTaskThread "GC Thread#3" [stack: 0x000000a3e8100000,0x000000a3e8200000] [id=18092]
  0x0000022a6644e340 GCTaskThread "GC Thread#4" [stack: 0x000000a3e8200000,0x000000a3e8300000] [id=9796]
  0x0000022a6660a760 GCTaskThread "GC Thread#5" [stack: 0x000000a3e8300000,0x000000a3e8400000] [id=16984]
  0x0000022a66c00400 GCTaskThread "GC Thread#6" [stack: 0x000000a3e8500000,0x000000a3e8600000] [id=5524]
  0x0000022a67d08010 GCTaskThread "GC Thread#7" [stack: 0x000000a3e8600000,0x000000a3e8700000] [id=17524]
  0x0000022a4367c0c0 ConcurrentGCThread "G1 Main Marker" [stack: 0x000000a3e6c00000,0x000000a3e6d00000] [id=10624]
  0x0000022a4367d180 ConcurrentGCThread "G1 Conc#0" [stack: 0x000000a3e6d00000,0x000000a3e6e00000] [id=1072]
  0x0000022a679e7330 ConcurrentGCThread "G1 Conc#1" [stack: 0x000000a3e8700000,0x000000a3e8800000] [id=3228]
  0x0000022a436ce460 ConcurrentGCThread "G1 Refine#0" [stack: 0x000000a3e6e00000,0x000000a3e6f00000] [id=7224]
  0x0000022a436cec40 ConcurrentGCThread "G1 Service" [stack: 0x000000a3e6f00000,0x000000a3e7000000] [id=16612]

Threads with active compile tasks:
C2 CompilerThread0    15767 4969       4       org.springframework.core.annotation.TypeMappedAnnotations::get (52 bytes)
C1 CompilerThread0    15768 5064       3       org.springframework.core.MethodParameter::<init> (99 bytes)
C2 CompilerThread1    15769 4978       4       org.springframework.core.annotation.TypeMappedAnnotations::get (8 bytes)
C2 CompilerThread2    15769 5056   !   4       java.lang.reflect.Field::declaredAnnotations (82 bytes)

VM state: not at safepoint (normal execution)

VM Mutex/Monitor currently owned by a thread: None

Heap address: 0x0000000082600000, size: 2010 MB, Compressed Oops mode: 32-bit

CDS archive(s) mapped at: [0x0000022a00000000-0x0000022a00bd0000-0x0000022a00bd0000), size 12386304, SharedBaseAddress: 0x0000022a00000000, ArchiveRelocationMode: 1.
Compressed class space mapped at: 0x0000022a01000000-0x0000022a41000000, reserved size: 1073741824
Narrow klass base: 0x0000022a00000000, Narrow klass shift: 0, Narrow klass range: 0x100000000

GC Precious Log:
 CPUs: 8 total, 8 available
 Memory: 8035M
 Large Page Support: Disabled
 NUMA Support: Disabled
 Compressed Oops: Enabled (32-bit)
 Heap Region Size: 1M
 Heap Min Capacity: 8M
 Heap Initial Capacity: 126M
 Heap Max Capacity: 2010M
 Pre-touch: Disabled
 Parallel Workers: 8
 Concurrent Workers: 2
 Concurrent Refinement Workers: 8
 Periodic GC: Disabled

Heap:
 garbage-first heap   total 89088K, used 41058K [0x0000000082600000, 0x0000000100000000)
  region size 1024K, 21 young (21504K), 3 survivors (3072K)
 Metaspace       used 59468K, committed 59968K, reserved 1114112K
  class space    used 8315K, committed 8576K, reserved 1048576K

Heap Regions: E=young(eden), S=young(survivor), O=old, HS=humongous(starts), HC=humongous(continues), CS=collection set, F=free, OA=open archive, CA=closed archive, TAMS=top-at-mark-start (previous, next)
|   0|0x0000000082600000, 0x0000000082700000, 0x0000000082700000|100%|HS|  |TAMS 0x0000000082700000, 0x0000000082600000| Complete 
|   1|0x0000000082700000, 0x0000000082800000, 0x0000000082800000|100%|HS|  |TAMS 0x0000000082800000, 0x0000000082700000| Complete 
|   2|0x0000000082800000, 0x0000000082900000, 0x0000000082900000|100%| O|  |TAMS 0x0000000082900000, 0x0000000082800000| Untracked 
|   3|0x0000000082900000, 0x0000000082a00000, 0x0000000082a00000|100%| O|  |TAMS 0x0000000082a00000, 0x0000000082900000| Untracked 
|   4|0x0000000082a00000, 0x0000000082b00000, 0x0000000082b00000|100%| O|  |TAMS 0x0000000082b00000, 0x0000000082a00000| Untracked 
|   5|0x0000000082b00000, 0x0000000082c00000, 0x0000000082c00000|100%| O|  |TAMS 0x0000000082c00000, 0x0000000082b00000| Untracked 
|   6|0x0000000082c00000, 0x0000000082d00000, 0x0000000082d00000|100%| O|  |TAMS 0x0000000082d00000, 0x0000000082c00000| Untracked 
|   7|0x0000000082d00000, 0x0000000082e00000, 0x0000000082e00000|100%| O|  |TAMS 0x0000000082e00000, 0x0000000082d00000| Untracked 
|   8|0x0000000082e00000, 0x0000000082f00000, 0x0000000082f00000|100%| O|  |TAMS 0x0000000082f00000, 0x0000000082e00000| Untracked 
|   9|0x0000000082f00000, 0x0000000083000000, 0x0000000083000000|100%| O|  |TAMS 0x0000000083000000, 0x0000000082f00000| Untracked 
|  10|0x0000000083000000, 0x0000000083100000, 0x0000000083100000|100%| O|  |TAMS 0x0000000083100000, 0x0000000083000000| Untracked 
|  11|0x0000000083100000, 0x0000000083200000, 0x0000000083200000|100%| O|  |TAMS 0x0000000083200000, 0x0000000083100000| Untracked 
|  12|0x0000000083200000, 0x0000000083300000, 0x0000000083300000|100%| O|  |TAMS 0x0000000083300000, 0x0000000083200000| Untracked 
|  13|0x0000000083300000, 0x0000000083400000, 0x0000000083400000|100%| O|  |TAMS 0x0000000083400000, 0x0000000083300000| Untracked 
|  14|0x0000000083400000, 0x0000000083500000, 0x0000000083500000|100%| O|  |TAMS 0x0000000083500000, 0x0000000083400000| Untracked 
|  15|0x0000000083500000, 0x0000000083600000, 0x0000000083600000|100%| O|  |TAMS 0x0000000083600000, 0x0000000083500000| Untracked 
|  16|0x0000000083600000, 0x0000000083600000, 0x0000000083700000|  0%| F|  |TAMS 0x0000000083600000, 0x0000000083600000| Untracked 
|  17|0x0000000083700000, 0x0000000083800000, 0x0000000083800000|100%| O|  |TAMS 0x000000008379fa00, 0x0000000083700000| Untracked 
|  18|0x0000000083800000, 0x0000000083900000, 0x0000000083900000|100%| O|  |TAMS 0x0000000083800000, 0x0000000083800000| Untracked 
|  19|0x0000000083900000, 0x0000000083a00000, 0x0000000083a00000|100%| O|  |TAMS 0x0000000083900000, 0x0000000083900000| Untracked 
|  20|0x0000000083a00000, 0x0000000083b00000, 0x0000000083b00000|100%| O|  |TAMS 0x0000000083a00000, 0x0000000083a00000| Untracked 
|  21|0x0000000083b00000, 0x0000000083b18800, 0x0000000083c00000|  9%| O|  |TAMS 0x0000000083b00000, 0x0000000083b00000| Untracked 
|  22|0x0000000083c00000, 0x0000000083c00000, 0x0000000083d00000|  0%| F|  |TAMS 0x0000000083c00000, 0x0000000083c00000| Untracked 
|  23|0x0000000083d00000, 0x0000000083d00000, 0x0000000083e00000|  0%| F|  |TAMS 0x0000000083d00000, 0x0000000083d00000| Untracked 
|  24|0x0000000083e00000, 0x0000000083e00000, 0x0000000083f00000|  0%| F|  |TAMS 0x0000000083e00000, 0x0000000083e00000| Untracked 
|  25|0x0000000083f00000, 0x0000000083f00000, 0x0000000084000000|  0%| F|  |TAMS 0x0000000083f00000, 0x0000000083f00000| Untracked 
|  26|0x0000000084000000, 0x0000000084000000, 0x0000000084100000|  0%| F|  |TAMS 0x0000000084000000, 0x0000000084000000| Untracked 
|  27|0x0000000084100000, 0x0000000084100000, 0x0000000084200000|  0%| F|  |TAMS 0x0000000084100000, 0x0000000084100000| Untracked 
|  28|0x0000000084200000, 0x0000000084200000, 0x0000000084300000|  0%| F|  |TAMS 0x0000000084200000, 0x0000000084200000| Untracked 
|  29|0x0000000084300000, 0x0000000084300000, 0x0000000084400000|  0%| F|  |TAMS 0x0000000084300000, 0x0000000084300000| Untracked 
|  30|0x0000000084400000, 0x0000000084400000, 0x0000000084500000|  0%| F|  |TAMS 0x0000000084400000, 0x0000000084400000| Untracked 
|  31|0x0000000084500000, 0x0000000084500000, 0x0000000084600000|  0%| F|  |TAMS 0x0000000084500000, 0x0000000084500000| Untracked 
|  32|0x0000000084600000, 0x0000000084600000, 0x0000000084700000|  0%| F|  |TAMS 0x0000000084600000, 0x0000000084600000| Untracked 
|  33|0x0000000084700000, 0x0000000084700000, 0x0000000084800000|  0%| F|  |TAMS 0x0000000084700000, 0x0000000084700000| Untracked 
|  34|0x0000000084800000, 0x0000000084800000, 0x0000000084900000|  0%| F|  |TAMS 0x0000000084800000, 0x0000000084800000| Untracked 
|  35|0x0000000084900000, 0x0000000084900000, 0x0000000084a00000|  0%| F|  |TAMS 0x0000000084900000, 0x0000000084900000| Untracked 
|  36|0x0000000084a00000, 0x0000000084a00000, 0x0000000084b00000|  0%| F|  |TAMS 0x0000000084a00000, 0x0000000084a00000| Untracked 
|  37|0x0000000084b00000, 0x0000000084b00000, 0x0000000084c00000|  0%| F|  |TAMS 0x0000000084b00000, 0x0000000084b00000| Untracked 
|  38|0x0000000084c00000, 0x0000000084c00000, 0x0000000084d00000|  0%| F|  |TAMS 0x0000000084c00000, 0x0000000084c00000| Untracked 
|  39|0x0000000084d00000, 0x0000000084d00000, 0x0000000084e00000|  0%| F|  |TAMS 0x0000000084d00000, 0x0000000084d00000| Untracked 
|  40|0x0000000084e00000, 0x0000000084f00000, 0x0000000084f00000|100%| S|CS|TAMS 0x0000000084e00000, 0x0000000084e00000| Complete 
|  41|0x0000000084f00000, 0x0000000085000000, 0x0000000085000000|100%| S|CS|TAMS 0x0000000084f00000, 0x0000000084f00000| Complete 
|  42|0x0000000085000000, 0x0000000085100000, 0x0000000085100000|100%| S|CS|TAMS 0x0000000085000000, 0x0000000085000000| Complete 
|  43|0x0000000085100000, 0x0000000085100000, 0x0000000085200000|  0%| F|  |TAMS 0x0000000085100000, 0x0000000085100000| Untracked 
|  44|0x0000000085200000, 0x0000000085200000, 0x0000000085300000|  0%| F|  |TAMS 0x0000000085200000, 0x0000000085200000| Untracked 
|  45|0x0000000085300000, 0x0000000085300000, 0x0000000085400000|  0%| F|  |TAMS 0x0000000085300000, 0x0000000085300000| Untracked 
|  46|0x0000000085400000, 0x0000000085400000, 0x0000000085500000|  0%| F|  |TAMS 0x0000000085400000, 0x0000000085400000| Untracked 
|  47|0x0000000085500000, 0x0000000085500000, 0x0000000085600000|  0%| F|  |TAMS 0x0000000085500000, 0x0000000085500000| Untracked 
|  48|0x0000000085600000, 0x0000000085600000, 0x0000000085700000|  0%| F|  |TAMS 0x0000000085600000, 0x0000000085600000| Untracked 
|  49|0x0000000085700000, 0x0000000085700000, 0x0000000085800000|  0%| F|  |TAMS 0x0000000085700000, 0x0000000085700000| Untracked 
|  50|0x0000000085800000, 0x0000000085800000, 0x0000000085900000|  0%| F|  |TAMS 0x0000000085800000, 0x0000000085800000| Untracked 
|  51|0x0000000085900000, 0x0000000085900000, 0x0000000085a00000|  0%| F|  |TAMS 0x0000000085900000, 0x0000000085900000| Untracked 
|  52|0x0000000085a00000, 0x0000000085a00000, 0x0000000085b00000|  0%| F|  |TAMS 0x0000000085a00000, 0x0000000085a00000| Untracked 
|  53|0x0000000085b00000, 0x0000000085b00000, 0x0000000085c00000|  0%| F|  |TAMS 0x0000000085b00000, 0x0000000085b00000| Untracked 
|  54|0x0000000085c00000, 0x0000000085c00000, 0x0000000085d00000|  0%| F|  |TAMS 0x0000000085c00000, 0x0000000085c00000| Untracked 
|  55|0x0000000085d00000, 0x0000000085d00000, 0x0000000085e00000|  0%| F|  |TAMS 0x0000000085d00000, 0x0000000085d00000| Untracked 
|  56|0x0000000085e00000, 0x0000000085e00000, 0x0000000085f00000|  0%| F|  |TAMS 0x0000000085e00000, 0x0000000085e00000| Untracked 
|  57|0x0000000085f00000, 0x0000000085f00000, 0x0000000086000000|  0%| F|  |TAMS 0x0000000085f00000, 0x0000000085f00000| Untracked 
|  58|0x0000000086000000, 0x0000000086000000, 0x0000000086100000|  0%| F|  |TAMS 0x0000000086000000, 0x0000000086000000| Untracked 
|  59|0x0000000086100000, 0x0000000086100000, 0x0000000086200000|  0%| F|  |TAMS 0x0000000086100000, 0x0000000086100000| Untracked 
|  60|0x0000000086200000, 0x0000000086200000, 0x0000000086300000|  0%| F|  |TAMS 0x0000000086200000, 0x0000000086200000| Untracked 
|  61|0x0000000086300000, 0x0000000086300000, 0x0000000086400000|  0%| F|  |TAMS 0x0000000086300000, 0x0000000086300000| Untracked 
|  62|0x0000000086400000, 0x0000000086400000, 0x0000000086500000|  0%| F|  |TAMS 0x0000000086400000, 0x0000000086400000| Untracked 
|  63|0x0000000086500000, 0x0000000086500000, 0x0000000086600000|  0%| F|  |TAMS 0x0000000086500000, 0x0000000086500000| Untracked 
|  64|0x0000000086600000, 0x0000000086600000, 0x0000000086700000|  0%| F|  |TAMS 0x0000000086600000, 0x0000000086600000| Untracked 
|  65|0x0000000086700000, 0x0000000086700000, 0x0000000086800000|  0%| F|  |TAMS 0x0000000086700000, 0x0000000086700000| Untracked 
|  66|0x0000000086800000, 0x0000000086800000, 0x0000000086900000|  0%| F|  |TAMS 0x0000000086800000, 0x0000000086800000| Untracked 
|  67|0x0000000086900000, 0x0000000086900000, 0x0000000086a00000|  0%| F|  |TAMS 0x0000000086900000, 0x0000000086900000| Untracked 
|  68|0x0000000086a00000, 0x0000000086a00000, 0x0000000086b00000|  0%| F|  |TAMS 0x0000000086a00000, 0x0000000086a00000| Untracked 
|  69|0x0000000086b00000, 0x0000000086c00000, 0x0000000086c00000|100%| E|  |TAMS 0x0000000086b00000, 0x0000000086b00000| Complete 
|  70|0x0000000086c00000, 0x0000000086d00000, 0x0000000086d00000|100%| E|CS|TAMS 0x0000000086c00000, 0x0000000086c00000| Complete 
|  71|0x0000000086d00000, 0x0000000086e00000, 0x0000000086e00000|100%| E|CS|TAMS 0x0000000086d00000, 0x0000000086d00000| Complete 
|  72|0x0000000086e00000, 0x0000000086f00000, 0x0000000086f00000|100%| E|CS|TAMS 0x0000000086e00000, 0x0000000086e00000| Complete 
|  73|0x0000000086f00000, 0x0000000087000000, 0x0000000087000000|100%| E|CS|TAMS 0x0000000086f00000, 0x0000000086f00000| Complete 
|  74|0x0000000087000000, 0x0000000087100000, 0x0000000087100000|100%| E|CS|TAMS 0x0000000087000000, 0x0000000087000000| Complete 
|  75|0x0000000087100000, 0x0000000087200000, 0x0000000087200000|100%| E|CS|TAMS 0x0000000087100000, 0x0000000087100000| Complete 
|  76|0x0000000087200000, 0x0000000087300000, 0x0000000087300000|100%| E|CS|TAMS 0x0000000087200000, 0x0000000087200000| Complete 
|  77|0x0000000087300000, 0x0000000087400000, 0x0000000087400000|100%| E|CS|TAMS 0x0000000087300000, 0x0000000087300000| Complete 
|  78|0x0000000087400000, 0x0000000087500000, 0x0000000087500000|100%| E|CS|TAMS 0x0000000087400000, 0x0000000087400000| Complete 
|  79|0x0000000087500000, 0x0000000087600000, 0x0000000087600000|100%| E|CS|TAMS 0x0000000087500000, 0x0000000087500000| Complete 
|  80|0x0000000087600000, 0x0000000087700000, 0x0000000087700000|100%| E|CS|TAMS 0x0000000087600000, 0x0000000087600000| Complete 
|  81|0x0000000087700000, 0x0000000087800000, 0x0000000087800000|100%| E|CS|TAMS 0x0000000087700000, 0x0000000087700000| Complete 
|  82|0x0000000087800000, 0x0000000087900000, 0x0000000087900000|100%| E|CS|TAMS 0x0000000087800000, 0x0000000087800000| Complete 
|  83|0x0000000087900000, 0x0000000087a00000, 0x0000000087a00000|100%| E|CS|TAMS 0x0000000087900000, 0x0000000087900000| Complete 
|  84|0x0000000087a00000, 0x0000000087b00000, 0x0000000087b00000|100%| E|CS|TAMS 0x0000000087a00000, 0x0000000087a00000| Complete 
|  85|0x0000000087b00000, 0x0000000087c00000, 0x0000000087c00000|100%| E|CS|TAMS 0x0000000087b00000, 0x0000000087b00000| Complete 
| 125|0x000000008a300000, 0x000000008a400000, 0x000000008a400000|100%| E|CS|TAMS 0x000000008a300000, 0x000000008a300000| Complete 

Card table byte_map: [0x0000022a5a4d0000,0x0000022a5a8c0000] _byte_map_base: 0x0000022a5a0bd000

Marking Bits (Prev, Next): (CMBitMap*) 0x0000022a4366af80, (CMBitMap*) 0x0000022a4366afc0
 Prev Bits: [0x0000022a5acb0000, 0x0000022a5cc18000)
 Next Bits: [0x0000022a5cc20000, 0x0000022a5eb88000)

Polling page: 0x0000022a41490000

Metaspace:

Usage:
  Non-class:     49.96 MB used.
      Class:      8.12 MB used.
       Both:     58.09 MB used.

Virtual space:
  Non-class space:       64.00 MB reserved,      50.19 MB ( 78%) committed,  1 nodes.
      Class space:        1.00 GB reserved,       8.38 MB ( <1%) committed,  1 nodes.
             Both:        1.06 GB reserved,      58.56 MB (  5%) committed. 

Chunk freelists:
   Non-Class:  13.81 MB
       Class:  7.45 MB
        Both:  21.27 MB

MaxMetaspaceSize: unlimited
CompressedClassSpaceSize: 1.00 GB
Initial GC threshold: 21.00 MB
Current GC threshold: 58.88 MB
CDS: on
MetaspaceReclaimPolicy: balanced
 - commit_granule_bytes: 65536.
 - commit_granule_words: 8192.
 - virtual_space_node_default_size: 8388608.
 - enlarge_chunks_in_place: 1.
 - new_chunks_are_fully_committed: 0.
 - uncommit_free_chunks: 1.
 - use_allocation_guard: 0.
 - handle_deallocations: 1.


Internal statistics:

num_allocs_failed_limit: 6.
num_arena_births: 696.
num_arena_deaths: 0.
num_vsnodes_births: 2.
num_vsnodes_deaths: 0.
num_space_committed: 937.
num_space_uncommitted: 0.
num_chunks_returned_to_freelist: 6.
num_chunks_taken_from_freelist: 2894.
num_chunk_merges: 6.
num_chunk_splits: 2088.
num_chunks_enlarged: 1658.
num_inconsistent_stats: 0.

CodeHeap 'non-profiled nmethods': size=120000Kb used=3137Kb max_used=3523Kb free=116862Kb
 bounds [0x0000022a52990000, 0x0000022a52d10000, 0x0000022a59ec0000]
CodeHeap 'profiled nmethods': size=120000Kb used=8207Kb max_used=9872Kb free=111792Kb
 bounds [0x0000022a4aec0000, 0x0000022a4b870000, 0x0000022a523f0000]
CodeHeap 'non-nmethods': size=5760Kb used=1321Kb max_used=1395Kb free=4439Kb
 bounds [0x0000022a523f0000, 0x0000022a52660000, 0x0000022a52990000]
 total_blobs=4976 nmethods=4326 adapters=562
 compilation: enabled
              stopped_count=0, restarted_count=0
 full_count=0

Compilation events (20 events):
Event: 14.518 Thread 0x0000022a615f4790 nmethod 5018 0x0000022a4b11d510 code [0x0000022a4b11d6c0, 0x0000022a4b11d918]
Event: 14.518 Thread 0x0000022a615f4790 5011       3       org.springframework.core.convert.TypeDescriptor::getAnnotations (8 bytes)
Event: 14.520 Thread 0x0000022a615f4790 nmethod 5011 0x0000022a4b114110 code [0x0000022a4b114300, 0x0000022a4b114a38]
Event: 14.520 Thread 0x0000022a615f4790 5013       3       org.springframework.aop.framework.autoproxy.AutoProxyUtils::isOriginalInstance (55 bytes)
Event: 14.523 Thread 0x0000022a69bf9ae0 nmethod 4986 0x0000022a52adad90 code [0x0000022a52adb140, 0x0000022a52adc7f0]
Event: 14.523 Thread 0x0000022a69bf9ae0 5008       4       jdk.internal.org.objectweb.asm.Frame::getAbstractTypeFromDescriptor (415 bytes)
Event: 14.524 Thread 0x0000022a615f4790 nmethod 5013 0x0000022a4b29be10 code [0x0000022a4b29c0a0, 0x0000022a4b29ccb8]
Event: 14.524 Thread 0x0000022a615f4790 5015       1       org.springframework.util.ConcurrentLruCache$Node::setNext (6 bytes)
Event: 14.525 Thread 0x0000022a615f4790 nmethod 5015 0x0000022a5299d690 code [0x0000022a5299d820, 0x0000022a5299d938]
Event: 14.525 Thread 0x0000022a615f4790 5016       1       org.springframework.util.ConcurrentLruCache$Node::setPrevious (6 bytes)
Event: 14.525 Thread 0x0000022a615f4790 nmethod 5016 0x0000022a52aa8390 code [0x0000022a52aa8520, 0x0000022a52aa8638]
Event: 14.525 Thread 0x0000022a615f4790 5017       1       java.lang.reflect.Parameter::getRealName (5 bytes)
Event: 14.525 Thread 0x0000022a615f4790 nmethod 5017 0x0000022a52aa8090 code [0x0000022a52aa8220, 0x0000022a52aa82f8]
Event: 14.537 Thread 0x0000022a615f4790 5020       3       org.springframework.beans.factory.support.AbstractAutowireCapableBeanFactory::determineTargetType (83 bytes)
Event: 14.540 Thread 0x0000022a615f4790 nmethod 5020 0x0000022a4af13c90 code [0x0000022a4af13ea0, 0x0000022a4af14ae8]
Event: 14.551 Thread 0x0000022a615f4790 5021       3       org.springframework.beans.factory.annotation.InjectionMetadata::checkConfigMembers (105 bytes)
Event: 14.556 Thread 0x0000022a615f4790 nmethod 5021 0x0000022a4b031390 code [0x0000022a4b031660, 0x0000022a4b032578]
Event: 14.556 Thread 0x0000022a615f4790 5022       3       org.springframework.beans.factory.annotation.InjectionMetadata::inject (75 bytes)
Event: 14.558 Thread 0x0000022a615f4790 nmethod 5022 0x0000022a4b0bef10 code [0x0000022a4b0bf120, 0x0000022a4b0bf868]
Event: 14.558 Thread 0x0000022a615f4790 5023       3       org.springframework.core.convert.support.GenericConversionService::getConverter (106 bytes)

GC Heap History (20 events):
Event: 4.195 GC heap before
{Heap before GC invocations=2 (full 0):
 garbage-first heap   total 129024K, used 51015K [0x0000000082600000, 0x0000000100000000)
  region size 1024K, 45 young (46080K), 3 survivors (3072K)
 Metaspace       used 21172K, committed 21504K, reserved 1114112K
  class space    used 2663K, committed 2816K, reserved 1048576K
}
Event: 4.214 GC heap after
{Heap after GC invocations=3 (full 0):
 garbage-first heap   total 129024K, used 13390K [0x0000000082600000, 0x0000000100000000)
  region size 1024K, 6 young (6144K), 6 survivors (6144K)
 Metaspace       used 21172K, committed 21504K, reserved 1114112K
  class space    used 2663K, committed 2816K, reserved 1048576K
}
Event: 5.920 GC heap before
{Heap before GC invocations=4 (full 0):
 garbage-first heap   total 51200K, used 37966K [0x0000000082600000, 0x0000000100000000)
  region size 1024K, 30 young (30720K), 6 survivors (6144K)
 Metaspace       used 25085K, committed 25536K, reserved 1114112K
  class space    used 3226K, committed 3456K, reserved 1048576K
}
Event: 5.941 GC heap after
{Heap after GC invocations=5 (full 0):
 garbage-first heap   total 51200K, used 16288K [0x0000000082600000, 0x0000000100000000)
  region size 1024K, 3 young (3072K), 3 survivors (3072K)
 Metaspace       used 25085K, committed 25536K, reserved 1114112K
  class space    used 3226K, committed 3456K, reserved 1048576K
}
Event: 5.984 GC heap before
{Heap before GC invocations=5 (full 0):
 garbage-first heap   total 51200K, used 16288K [0x0000000082600000, 0x0000000100000000)
  region size 1024K, 4 young (4096K), 3 survivors (3072K)
 Metaspace       used 25421K, committed 25792K, reserved 1114112K
  class space    used 3265K, committed 3456K, reserved 1048576K
}
Event: 5.994 GC heap after
{Heap after GC invocations=6 (full 0):
 garbage-first heap   total 51200K, used 16754K [0x0000000082600000, 0x0000000100000000)
  region size 1024K, 1 young (1024K), 1 survivors (1024K)
 Metaspace       used 25421K, committed 25792K, reserved 1114112K
  class space    used 3265K, committed 3456K, reserved 1048576K
}
Event: 7.024 GC heap before
{Heap before GC invocations=6 (full 0):
 garbage-first heap   total 51200K, used 36210K [0x0000000082600000, 0x0000000100000000)
  region size 1024K, 20 young (20480K), 1 survivors (1024K)
 Metaspace       used 29650K, committed 30080K, reserved 1114112K
  class space    used 3826K, committed 4032K, reserved 1048576K
}
Event: 7.030 GC heap after
{Heap after GC invocations=7 (full 0):
 garbage-first heap   total 51200K, used 18149K [0x0000000082600000, 0x0000000100000000)
  region size 1024K, 2 young (2048K), 2 survivors (2048K)
 Metaspace       used 29650K, committed 30080K, reserved 1114112K
  class space    used 3826K, committed 4032K, reserved 1048576K
}
Event: 7.915 GC heap before
{Heap before GC invocations=7 (full 0):
 garbage-first heap   total 51200K, used 37605K [0x0000000082600000, 0x0000000100000000)
  region size 1024K, 21 young (21504K), 2 survivors (2048K)
 Metaspace       used 34008K, committed 34496K, reserved 1114112K
  class space    used 4540K, committed 4800K, reserved 1048576K
}
Event: 7.919 GC heap after
{Heap after GC invocations=8 (full 0):
 garbage-first heap   total 51200K, used 19466K [0x0000000082600000, 0x0000000100000000)
  region size 1024K, 2 young (2048K), 2 survivors (2048K)
 Metaspace       used 34008K, committed 34496K, reserved 1114112K
  class space    used 4540K, committed 4800K, reserved 1048576K
}
Event: 8.225 GC heap before
{Heap before GC invocations=8 (full 0):
 garbage-first heap   total 51200K, used 27658K [0x0000000082600000, 0x0000000100000000)
  region size 1024K, 11 young (11264K), 2 survivors (2048K)
 Metaspace       used 35488K, committed 35968K, reserved 1114112K
  class space    used 4871K, committed 5120K, reserved 1048576K
}
Event: 8.229 GC heap after
{Heap after GC invocations=9 (full 0):
 garbage-first heap   total 51200K, used 20094K [0x0000000082600000, 0x0000000100000000)
  region size 1024K, 2 young (2048K), 2 survivors (2048K)
 Metaspace       used 35488K, committed 35968K, reserved 1114112K
  class space    used 4871K, committed 5120K, reserved 1048576K
}
Event: 9.228 GC heap before
{Heap before GC invocations=10 (full 0):
 garbage-first heap   total 51200K, used 39550K [0x0000000082600000, 0x0000000100000000)
  region size 1024K, 21 young (21504K), 2 survivors (2048K)
 Metaspace       used 40573K, committed 41024K, reserved 1114112K
  class space    used 5654K, committed 5824K, reserved 1048576K
}
Event: 9.234 GC heap after
{Heap after GC invocations=11 (full 0):
 garbage-first heap   total 51200K, used 21481K [0x0000000082600000, 0x0000000100000000)
  region size 1024K, 3 young (3072K), 3 survivors (3072K)
 Metaspace       used 40573K, committed 41024K, reserved 1114112K
  class space    used 5654K, committed 5824K, reserved 1048576K
}
Event: 9.311 GC heap before
{Heap before GC invocations=11 (full 0):
 garbage-first heap   total 51200K, used 22505K [0x0000000082600000, 0x0000000100000000)
  region size 1024K, 4 young (4096K), 3 survivors (3072K)
 Metaspace       used 41108K, committed 41536K, reserved 1114112K
  class space    used 5693K, committed 5888K, reserved 1048576K
}
Event: 9.316 GC heap after
{Heap after GC invocations=12 (full 0):
 garbage-first heap   total 51200K, used 20846K [0x0000000082600000, 0x0000000100000000)
  region size 1024K, 1 young (1024K), 1 survivors (1024K)
 Metaspace       used 41108K, committed 41536K, reserved 1114112K
  class space    used 5693K, committed 5888K, reserved 1048576K
}
Event: 10.134 GC heap before
{Heap before GC invocations=12 (full 0):
 garbage-first heap   total 51200K, used 38254K [0x0000000082600000, 0x0000000100000000)
  region size 1024K, 19 young (19456K), 1 survivors (1024K)
 Metaspace       used 45314K, committed 45824K, reserved 1114112K
  class space    used 6218K, committed 6464K, reserved 1048576K
}
Event: 10.138 GC heap after
{Heap after GC invocations=13 (full 0):
 garbage-first heap   total 89088K, used 21801K [0x0000000082600000, 0x0000000100000000)
  region size 1024K, 2 young (2048K), 2 survivors (2048K)
 Metaspace       used 45314K, committed 45824K, reserved 1114112K
  class space    used 6218K, committed 6464K, reserved 1048576K
}
Event: 12.284 GC heap before
{Heap before GC invocations=13 (full 0):
 garbage-first heap   total 89088K, used 66857K [0x0000000082600000, 0x0000000100000000)
  region size 1024K, 46 young (47104K), 2 survivors (2048K)
 Metaspace       used 57207K, committed 57728K, reserved 1114112K
  class space    used 8019K, committed 8256K, reserved 1048576K
}
Event: 12.289 GC heap after
{Heap after GC invocations=14 (full 0):
 garbage-first heap   total 89088K, used 23650K [0x0000000082600000, 0x0000000100000000)
  region size 1024K, 3 young (3072K), 3 survivors (3072K)
 Metaspace       used 57207K, committed 57728K, reserved 1114112K
  class space    used 8019K, committed 8256K, reserved 1048576K
}

Deoptimization events (20 events):
Event: 12.557 Thread 0x0000022a4360e5c0 DEOPT PACKING pc=0x0000022a52bbf8dc sp=0x000000a3e6afcb90
Event: 12.557 Thread 0x0000022a4360e5c0 DEOPT UNPACKING pc=0x0000022a524423a3 sp=0x000000a3e6afc818 mode 2
Event: 12.566 Thread 0x0000022a4360e5c0 Uncommon trap: trap_request=0xffffff45 fr.pc=0x0000022a52bd2870 relative=0x0000000000002890
Event: 12.566 Thread 0x0000022a4360e5c0 Uncommon trap: reason=unstable_if action=reinterpret pc=0x0000022a52bd2870 method=org.springframework.core.annotation.AnnotationsScanner.processClassInheritedAnnotations(Ljava/lang/Object;Ljava/lang/Class;Lorg/springframework/core/annotation/AnnotationsPr
Event: 12.566 Thread 0x0000022a4360e5c0 DEOPT PACKING pc=0x0000022a52bd2870 sp=0x000000a3e6afc050
Event: 12.566 Thread 0x0000022a4360e5c0 DEOPT UNPACKING pc=0x0000022a524423a3 sp=0x000000a3e6afbe98 mode 2
Event: 12.574 Thread 0x0000022a4360e5c0 Uncommon trap: trap_request=0xffffff45 fr.pc=0x0000022a52c25518 relative=0x00000000000001f8
Event: 12.574 Thread 0x0000022a4360e5c0 Uncommon trap: reason=unstable_if action=reinterpret pc=0x0000022a52c25518 method=java.util.ArrayDeque.addLast(Ljava/lang/Object;)V @ 42 c2
Event: 12.574 Thread 0x0000022a4360e5c0 DEOPT PACKING pc=0x0000022a52c25518 sp=0x000000a3e6afd2f0
Event: 12.574 Thread 0x0000022a4360e5c0 DEOPT UNPACKING pc=0x0000022a524423a3 sp=0x000000a3e6afd248 mode 2
Event: 12.845 Thread 0x0000022a4360e5c0 DEOPT PACKING pc=0x0000022a4b759154 sp=0x000000a3e6afcbf0
Event: 12.845 Thread 0x0000022a4360e5c0 DEOPT UNPACKING pc=0x0000022a52442b43 sp=0x000000a3e6afc110 mode 0
Event: 12.859 Thread 0x0000022a4360e5c0 Uncommon trap: trap_request=0xffffff45 fr.pc=0x0000022a52cfa478 relative=0x0000000000001758
Event: 12.859 Thread 0x0000022a4360e5c0 Uncommon trap: reason=unstable_if action=reinterpret pc=0x0000022a52cfa478 method=java.lang.Module.isStaticallyExportedOrOpen(Ljava/lang/String;Ljava/lang/Module;Z)Z @ 8 c2
Event: 12.859 Thread 0x0000022a4360e5c0 DEOPT PACKING pc=0x0000022a52cfa478 sp=0x000000a3e6afc4c0
Event: 12.859 Thread 0x0000022a4360e5c0 DEOPT UNPACKING pc=0x0000022a524423a3 sp=0x000000a3e6afc298 mode 2
Event: 13.037 Thread 0x0000022a4360e5c0 Uncommon trap: trap_request=0xffffff45 fr.pc=0x0000022a52ce6a58 relative=0x0000000000001398
Event: 13.037 Thread 0x0000022a4360e5c0 Uncommon trap: reason=unstable_if action=reinterpret pc=0x0000022a52ce6a58 method=java.util.concurrent.ConcurrentHashMap.computeIfAbsent(Ljava/lang/Object;Ljava/util/function/Function;)Ljava/lang/Object; @ 123 c2
Event: 13.037 Thread 0x0000022a4360e5c0 DEOPT PACKING pc=0x0000022a52ce6a58 sp=0x000000a3e6afd490
Event: 13.037 Thread 0x0000022a4360e5c0 DEOPT UNPACKING pc=0x0000022a524423a3 sp=0x000000a3e6afd420 mode 2

Classes unloaded (0 events):
No events

Classes redefined (0 events):
No events

Internal exceptions (20 events):
Event: 10.201 Thread 0x0000022a4360e5c0 Implicit null exception at 0x0000022a52c5df93 to 0x0000022a52c5e0f0
Event: 10.326 Thread 0x0000022a4360e5c0 Exception <a 'java/lang/IncompatibleClassChangeError'{0x0000000087814e60}: Found class java.lang.Object, but interface was expected> (0x0000000087814e60) 
thrown [s\open\src\hotspot\share\interpreter\linkResolver.cpp, line 826]
Event: 10.365 Thread 0x0000022a4360e5c0 Exception <a 'java/lang/NoSuchMethodError'{0x00000000878d21f8}: 'java.lang.Object java.lang.invoke.DirectMethodHandle$Holder.invokeStatic(java.lang.Object, java.lang.Object, int, java.lang.Object)'> (0x00000000878d21f8) 
thrown [s\open\src\hotspot\share\interpreter\linkResolver.cpp, line 759]
Event: 10.365 Thread 0x0000022a4360e5c0 Exception <a 'java/lang/NoSuchMethodError'{0x00000000878d5c90}: 'java.lang.Object java.lang.invoke.DirectMethodHandle$Holder.invokeStaticInit(java.lang.Object, java.lang.Object, int, java.lang.Object)'> (0x00000000878d5c90) 
thrown [s\open\src\hotspot\share\interpreter\linkResolver.cpp, line 759]
Event: 11.497 Thread 0x0000022a4360e5c0 Exception <a 'java/lang/NoSuchMethodError'{0x0000000085c3b180}: 'void java.lang.invoke.DirectMethodHandle$Holder.invokeInterface(java.lang.Object, java.lang.Object, int, java.lang.Object)'> (0x0000000085c3b180) 
thrown [s\open\src\hotspot\share\interpreter\linkResolver.cpp, line 759]
Event: 11.501 Thread 0x0000022a4360e5c0 Exception <a 'java/lang/NoSuchMethodError'{0x0000000085c62978}: 'java.lang.Object java.lang.invoke.DirectMethodHandle$Holder.newInvokeSpecial(java.lang.Object, java.lang.Object, int, java.lang.Object)'> (0x0000000085c62978) 
thrown [s\open\src\hotspot\share\interpreter\linkResolver.cpp, line 759]
Event: 11.536 Thread 0x0000022a4360e5c0 Exception <a 'java/lang/NoSuchMethodError'{0x0000000085b92608}: 'void java.lang.invoke.DirectMethodHandle$Holder.invokeSpecial(java.lang.Object, java.lang.Object, int, java.lang.Object)'> (0x0000000085b92608) 
thrown [s\open\src\hotspot\share\interpreter\linkResolver.cpp, line 759]
Event: 11.593 Thread 0x0000022a4360e5c0 Exception <a 'java/lang/NoSuchMethodError'{0x0000000085905198}: 'int java.lang.invoke.DirectMethodHandle$Holder.invokeStatic(java.lang.Object, int, java.lang.Object)'> (0x0000000085905198) 
thrown [s\open\src\hotspot\share\interpreter\linkResolver.cpp, line 759]
Event: 11.596 Thread 0x0000022a4360e5c0 Exception <a 'java/lang/NoSuchMethodError'{0x000000008591c9d8}: 'void java.lang.invoke.DirectMethodHandle$Holder.invokeSpecial(java.lang.Object, java.lang.Object, java.lang.Object, java.lang.Object, java.lang.Object, int, java.lang.Object, java.lang.Object)'> (0x000000008591c9d8) 
thrown [s\open\src\hotspot\share\interpreter\linkResolver.cpp, line 759]
Event: 11.601 Thread 0x0000022a4360e5c0 Exception <a 'java/lang/NoSuchMethodError'{0x00000000859512c0}: 'java.lang.Object java.lang.invoke.DirectMethodHandle$Holder.newInvokeSpecial(java.lang.Object, java.lang.Object, java.lang.Object, java.lang.Object, java.lang.Object, java.lang.Object, java.lang.Object, java.lang.Object, java.lang.Object, java.lang.Object, java.lang.Object, java.lang.Object)'> (0x00000000859512c0) 
thrown [s\open\src\hotspot\share\interpreter\linkResolver.cpp, line 759]
Event: 11.602 Thread 0x0000022a4360e5c0 Exception <a 'java/lang/NoSuchMethodError'{0x00000000859561b8}: 'java.lang.Object java.lang.invoke.DirectMethodHandle$Holder.invokeSpecial(java.lang.Object, java.lang.Object, java.lang.Object, java.lang.Object, java.lang.Object, java.lang.Object, java.lang.Object, java.lang.Object, java.lang.Object, java.lang.Object, java.lang.Object, java.lang.Object, java.lang.Object)'> (0x00000000859561b8) 
thrown [s\open\src\hotspot\share\interpreter\linkResolver.cpp, line 759]
Event: 11.602 Thread 0x0000022a4360e5c0 Exception <a 'java/lang/NoSuchMethodError'{0x000000008595ac90}: 'java.lang.Object java.lang.invoke.Invokers$Holder.linkToTargetMethod(java.lang.Object, java.lang.Object, java.lang.Object, java.lang.Object, java.lang.Object, java.lang.Object, java.lang.Object, java.lang.Object, java.lang.Object, java.lang.Object, java.lang.Object, java.lang.Object)'> (0x000000008595ac90) 
thrown [s\open\src\hotspot\share\interpreter\linkResolver.cpp, line 759]
Event: 11.668 Thread 0x0000022a4360e5c0 Exception <a 'java/lang/IncompatibleClassChangeError'{0x00000000857046d0}: Found class java.lang.Object, but interface was expected> (0x00000000857046d0) 
thrown [s\open\src\hotspot\share\interpreter\linkResolver.cpp, line 826]
Event: 11.696 Thread 0x0000022a4360e5c0 Exception <a 'java/lang/NoSuchMethodError'{0x00000000857a8598}: 'java.lang.Object java.lang.invoke.DirectMethodHandle$Holder.newInvokeSpecial(java.lang.Object, java.lang.Object, int, java.lang.Object, int, java.lang.Object, java.lang.Object)'> (0x00000000857a8598) 
thrown [s\open\src\hotspot\share\interpreter\linkResolver.cpp, line 759]
Event: 11.733 Thread 0x0000022a4360e5c0 Exception <a 'java/lang/NoSuchMethodError'{0x000000008562bc78}: 'java.lang.Object java.lang.invoke.DirectMethodHandle$Holder.newInvokeSpecial(java.lang.Object, java.lang.Object, java.lang.Object, java.lang.Object, java.lang.Object, java.lang.Object, java.lang.Object, int)'> (0x000000008562bc78) 
thrown [s\open\src\hotspot\share\interpreter\linkResolver.cpp, line 759]
Event: 11.734 Thread 0x0000022a4360e5c0 Exception <a 'java/lang/NoSuchMethodError'{0x0000000085630c70}: 'java.lang.Object java.lang.invoke.DirectMethodHandle$Holder.invokeSpecial(java.lang.Object, java.lang.Object, java.lang.Object, java.lang.Object, java.lang.Object, java.lang.Object, java.lang.Object, java.lang.Object, int)'> (0x0000000085630c70) 
thrown [s\open\src\hotspot\share\interpreter\linkResolver.cpp, line 759]
Event: 11.734 Thread 0x0000022a4360e5c0 Exception <a 'java/lang/NoSuchMethodError'{0x0000000085635738}: 'java.lang.Object java.lang.invoke.Invokers$Holder.linkToTargetMethod(java.lang.Object, java.lang.Object, java.lang.Object, java.lang.Object, java.lang.Object, java.lang.Object, int, java.lang.Object)'> (0x0000000085635738) 
thrown [s\open\src\hotspot\share\interpreter\linkResolver.cpp, line 759]
Event: 12.281 Thread 0x0000022a4360e5c0 Implicit null exception at 0x0000022a52c49026 to 0x0000022a52c49335
Event: 12.616 Thread 0x0000022a4360e5c0 Exception <a 'java/lang/IncompatibleClassChangeError'{0x000000008761b4d8}: Found class java.lang.Object, but interface was expected> (0x000000008761b4d8) 
thrown [s\open\src\hotspot\share\interpreter\linkResolver.cpp, line 826]
Event: 12.740 Thread 0x0000022a4360e5c0 Exception <a 'java/lang/IncompatibleClassChangeError'{0x00000000875b5648}: Found class java.lang.Object, but interface was expected> (0x00000000875b5648) 
thrown [s\open\src\hotspot\share\interpreter\linkResolver.cpp, line 826]

VM Operations (20 events):
Event: 11.262 Executing VM operation: HandshakeAllThreads
Event: 11.262 Executing VM operation: HandshakeAllThreads done
Event: 11.262 Executing VM operation: Cleanup
Event: 11.263 Executing VM operation: Cleanup done
Event: 11.917 Executing VM operation: HandshakeAllThreads
Event: 11.917 Executing VM operation: HandshakeAllThreads done
Event: 11.995 Executing VM operation: HandshakeAllThreads
Event: 11.995 Executing VM operation: HandshakeAllThreads done
Event: 12.137 Executing VM operation: HandshakeAllThreads
Event: 12.141 Executing VM operation: HandshakeAllThreads done
Event: 12.284 Executing VM operation: G1CollectForAllocation
Event: 12.289 Executing VM operation: G1CollectForAllocation done
Event: 12.844 Executing VM operation: HandshakeAllThreads
Event: 12.844 Executing VM operation: HandshakeAllThreads done
Event: 13.076 Executing VM operation: HandshakeAllThreads
Event: 13.076 Executing VM operation: HandshakeAllThreads done
Event: 13.077 Executing VM operation: HandshakeAllThreads
Event: 13.077 Executing VM operation: HandshakeAllThreads done
Event: 14.076 Executing VM operation: Cleanup
Event: 14.077 Executing VM operation: Cleanup done

Events (20 events):
Event: 12.384 loading class javax/naming/Reference
Event: 12.385 loading class javax/naming/Reference done
Event: 12.529 Thread 0x0000022a677219d0 Thread added: 0x0000022a677219d0
Event: 12.544 Thread 0x0000022a69bf9ae0 Thread added: 0x0000022a69bf9ae0
Event: 12.556 loading class java/lang/SafeVarargs
Event: 12.556 loading class java/lang/SafeVarargs done
Event: 12.570 loading class sun/reflect/generics/reflectiveObjects/GenericArrayTypeImpl
Event: 12.570 loading class sun/reflect/generics/reflectiveObjects/GenericArrayTypeImpl done
Event: 12.843 loading class java/util/regex/Pattern$SliceS
Event: 12.843 loading class java/util/regex/Pattern$SliceS done
Event: 12.911 loading class java/util/WeakHashMap$KeyIterator
Event: 12.912 loading class java/util/WeakHashMap$HashIterator
Event: 12.912 loading class java/util/WeakHashMap$HashIterator done
Event: 12.912 loading class java/util/WeakHashMap$KeyIterator done
Event: 12.912 loading class java/util/WeakHashMap$EntrySet
Event: 12.914 loading class java/util/WeakHashMap$EntrySet done
Event: 12.914 loading class java/util/WeakHashMap$EntryIterator
Event: 12.914 loading class java/util/WeakHashMap$EntryIterator done
Event: 13.052 loading class java/lang/Package$1PackageInfoProxy
Event: 13.052 loading class java/lang/Package$1PackageInfoProxy done


Dynamic libraries:
0x00007ff621460000 - 0x00007ff621470000 	C:\Program Files\Java\jdk-17\bin\java.exe
0x00007ffac6780000 - 0x00007ffac69e7000 	C:\WINDOWS\SYSTEM32\ntdll.dll
0x00007ffac4860000 - 0x00007ffac4929000 	C:\WINDOWS\System32\KERNEL32.DLL
0x00007ffac3ac0000 - 0x00007ffac3eaf000 	C:\WINDOWS\System32\KERNELBASE.dll
0x00007ffac4220000 - 0x00007ffac436b000 	C:\WINDOWS\System32\ucrtbase.dll
0x00007ffa9c450000 - 0x00007ffa9c46b000 	C:\Program Files\Java\jdk-17\bin\VCRUNTIME140.dll
0x00007ffabeb40000 - 0x00007ffabeb59000 	C:\Program Files\Java\jdk-17\bin\jli.dll
0x00007ffac65c0000 - 0x00007ffac6674000 	C:\WINDOWS\System32\ADVAPI32.dll
0x00007ffac58b0000 - 0x00007ffac5959000 	C:\WINDOWS\System32\msvcrt.dll
0x00007ffac6690000 - 0x00007ffac6736000 	C:\WINDOWS\System32\sechost.dll
0x00007ffac62f0000 - 0x00007ffac6408000 	C:\WINDOWS\System32\RPCRT4.dll
0x00007ffac49f0000 - 0x00007ffac4bb5000 	C:\WINDOWS\System32\USER32.dll
0x00007ffaa9430000 - 0x00007ffaa96c3000 	C:\WINDOWS\WinSxS\amd64_microsoft.windows.common-controls_6595b64144ccf1df_6.0.26100.7309_none_3e05feeae336a044\COMCTL32.dll
0x00007ffac44f0000 - 0x00007ffac4517000 	C:\WINDOWS\System32\win32u.dll
0x00007ffac4520000 - 0x00007ffac454b000 	C:\WINDOWS\System32\GDI32.dll
0x00007ffac3ec0000 - 0x00007ffac3fec000 	C:\WINDOWS\System32\gdi32full.dll
0x00007ffac38d0000 - 0x00007ffac3973000 	C:\WINDOWS\System32\msvcp_win.dll
0x00007ffab8a20000 - 0x00007ffab8a2b000 	C:\WINDOWS\SYSTEM32\VERSION.dll
0x00007ffac6410000 - 0x00007ffac6441000 	C:\WINDOWS\System32\IMM32.DLL
0x00007ffaa5f20000 - 0x00007ffaa5f2c000 	C:\Program Files\Java\jdk-17\bin\vcruntime140_1.dll
0x00007ffa78e10000 - 0x00007ffa78e9e000 	C:\Program Files\Java\jdk-17\bin\msvcp140.dll
0x00007ffa079e0000 - 0x00007ffa085c0000 	C:\Program Files\Java\jdk-17\bin\server\jvm.dll
0x00007ffac6680000 - 0x00007ffac6688000 	C:\WINDOWS\System32\PSAPI.DLL
0x00007ffaa85b0000 - 0x00007ffaa85ba000 	C:\WINDOWS\SYSTEM32\WSOCK32.dll
0x00007ffaac800000 - 0x00007ffaac835000 	C:\WINDOWS\SYSTEM32\WINMM.dll
0x00007ffac5c80000 - 0x00007ffac5cf4000 	C:\WINDOWS\System32\WS2_32.dll
0x00007ffac2620000 - 0x00007ffac263b000 	C:\WINDOWS\SYSTEM32\kernel.appcore.dll
0x00007ffaa5ef0000 - 0x00007ffaa5efa000 	C:\Program Files\Java\jdk-17\bin\jimage.dll
0x00007ffac08a0000 - 0x00007ffac0ae2000 	C:\WINDOWS\SYSTEM32\DBGHELP.DLL
0x00007ffac5f60000 - 0x00007ffac62e5000 	C:\WINDOWS\System32\combase.dll
0x00007ffac5ba0000 - 0x00007ffac5c76000 	C:\WINDOWS\System32\OLEAUT32.dll
0x00007ffa9bcc0000 - 0x00007ffa9bcfc000 	C:\WINDOWS\SYSTEM32\dbgcore.DLL
0x00007ffac3a10000 - 0x00007ffac3ab5000 	C:\WINDOWS\System32\bcryptPrimitives.dll
0x00007ffa9d6b0000 - 0x00007ffa9d6be000 	C:\Program Files\Java\jdk-17\bin\instrument.dll
0x00007ffa92360000 - 0x00007ffa92385000 	C:\Program Files\Java\jdk-17\bin\java.dll
0x00007ffa71540000 - 0x00007ffa71617000 	C:\Program Files\Java\jdk-17\bin\jsvml.dll
0x00007ffac4bc0000 - 0x00007ffac5313000 	C:\WINDOWS\System32\SHELL32.dll
0x00007ffac3ff0000 - 0x00007ffac415a000 	C:\WINDOWS\System32\wintypes.dll
0x00007ffac1510000 - 0x00007ffac1d6e000 	C:\WINDOWS\SYSTEM32\windows.storage.dll
0x00007ffac46f0000 - 0x00007ffac47e5000 	C:\WINDOWS\System32\SHCORE.dll
0x00007ffac4680000 - 0x00007ffac46e6000 	C:\WINDOWS\System32\shlwapi.dll
0x00007ffac37f0000 - 0x00007ffac3819000 	C:\WINDOWS\SYSTEM32\profapi.dll
0x00007ffa8da00000 - 0x00007ffa8da18000 	C:\Program Files\Java\jdk-17\bin\zip.dll
0x00007ffa941d0000 - 0x00007ffa941e9000 	C:\Program Files\Java\jdk-17\bin\net.dll
0x00007ffab4a70000 - 0x00007ffab4b98000 	C:\WINDOWS\SYSTEM32\WINHTTP.dll
0x00007ffac2bf0000 - 0x00007ffac2c5b000 	C:\WINDOWS\system32\mswsock.dll
0x00007ffa8e140000 - 0x00007ffa8e156000 	C:\Program Files\Java\jdk-17\bin\nio.dll
0x00007ffa8cde0000 - 0x00007ffa8cdfa000 	C:\Program Files\JetBrains\IntelliJ IDEA Community Edition 2024.2.3\bin\breakgen64.dll
0x00007ffa9c410000 - 0x00007ffa9c41e000 	C:\Program Files\Java\jdk-17\bin\sunmscapi.dll
0x00007ffac4370000 - 0x00007ffac44e7000 	C:\WINDOWS\System32\CRYPT32.dll
0x00007ffac30d0000 - 0x00007ffac3100000 	C:\WINDOWS\SYSTEM32\ncrypt.dll
0x00007ffac3080000 - 0x00007ffac30bf000 	C:\WINDOWS\SYSTEM32\NTASN1.dll
0x00007ffac2ec0000 - 0x00007ffac2edb000 	C:\WINDOWS\SYSTEM32\CRYPTSP.dll
0x00007ffac25e0000 - 0x00007ffac261a000 	C:\WINDOWS\system32\rsaenh.dll
0x00007ffac2ca0000 - 0x00007ffac2ccb000 	C:\WINDOWS\SYSTEM32\USERENV.dll
0x00007ffac37c0000 - 0x00007ffac37ea000 	C:\WINDOWS\SYSTEM32\bcrypt.dll
0x00007ffac2eb0000 - 0x00007ffac2ebc000 	C:\WINDOWS\SYSTEM32\CRYPTBASE.dll
0x00007ffac2140000 - 0x00007ffac2174000 	C:\WINDOWS\SYSTEM32\IPHLPAPI.DLL
0x00007ffac4670000 - 0x00007ffac467a000 	C:\WINDOWS\System32\NSI.dll
0x00007ffab4a40000 - 0x00007ffab4a5e000 	C:\WINDOWS\SYSTEM32\dhcpcsvc6.DLL
0x00007ffab4a10000 - 0x00007ffab4a33000 	C:\WINDOWS\SYSTEM32\dhcpcsvc.DLL
0x00007ffac2180000 - 0x00007ffac22ac000 	C:\WINDOWS\SYSTEM32\DNSAPI.dll
0x00007ffa9d470000 - 0x00007ffa9d47a000 	C:\Program Files\Java\jdk-17\bin\management.dll
0x00007ffa9d3d0000 - 0x00007ffa9d3db000 	C:\Program Files\Java\jdk-17\bin\management_ext.dll
0x00007ffab2bd0000 - 0x00007ffab2bdb000 	C:\Windows\System32\rasadhlp.dll
0x00007ffab4400000 - 0x00007ffab4486000 	C:\WINDOWS\System32\fwpuclnt.dll

dbghelp: loaded successfully - version: 4.0.5 - missing functions: none
symbol engine: initialized successfully - sym options: 0x614 - pdb path: .;C:\Program Files\Java\jdk-17\bin;C:\WINDOWS\SYSTEM32;C:\WINDOWS\WinSxS\amd64_microsoft.windows.common-controls_6595b64144ccf1df_6.0.26100.7309_none_3e05feeae336a044;C:\Program Files\Java\jdk-17\bin\server;C:\Program Files\JetBrains\IntelliJ IDEA Community Edition 2024.2.3\bin

VM Arguments:
jvm_args: -javaagent:C:\Program Files\JetBrains\IntelliJ IDEA Community Edition 2024.2.3\lib\idea_rt.jar=55572:C:\Program Files\JetBrains\IntelliJ IDEA Community Edition 2024.2.3\bin -Dfile.encoding=UTF-8 
java_command: com.example.mentalhealth.MentalHealthApplication
java_class_path (initial): M:\BEST_PROGRAMMING-FINAL_PROJECT\MENTAL_HEALTH_BST_PRO_2\target\classes;C:\Users\HP.MYLAPTOP1.000\.m2\repository\org\springframework\boot\spring-boot-starter-data-jpa\4.0.0\spring-boot-starter-data-jpa-4.0.0.jar;C:\Users\HP.MYLAPTOP1.000\.m2\repository\org\springframework\boot\spring-boot-starter\4.0.0\spring-boot-starter-4.0.0.jar;C:\Users\HP.MYLAPTOP1.000\.m2\repository\org\springframework\boot\spring-boot-starter-logging\4.0.0\spring-boot-starter-logging-4.0.0.jar;C:\Users\HP.MYLAPTOP1.000\.m2\repository\ch\qos\logback\logback-classic\1.5.21\logback-classic-1.5.21.jar;C:\Users\HP.MYLAPTOP1.000\.m2\repository\ch\qos\logback\logback-core\1.5.21\logback-core-1.5.21.jar;C:\Users\HP.MYLAPTOP1.000\.m2\repository\org\apache\logging\log4j\log4j-to-slf4j\2.25.2\log4j-to-slf4j-2.25.2.jar;C:\Users\HP.MYLAPTOP1.000\.m2\repository\org\apache\logging\log4j\log4j-api\2.25.2\log4j-api-2.25.2.jar;C:\Users\HP.MYLAPTOP1.000\.m2\repository\org\slf4j\jul-to-slf4j\2.0.17\jul-to-slf4j-2.0.17.jar;C:\Users\HP.MYLAPTOP1.000\.m2\repository\org\springframework\boot\spring-boot-autoconfigure\4.0.0\spring-boot-autoconfigure-4.0.0.jar;C:\Users\HP.MYLAPTOP1.000\.m2\repository\jakarta\annotation\jakarta.annotation-api\3.0.0\jakarta.annotation-api-3.0.0.jar;C:\Users\HP.MYLAPTOP1.000\.m2\repository\org\yaml\snakeyaml\2.5\snakeyaml-2.5.jar;C:\Users\HP.MYLAPTOP1.000\.m2\repository\org\springframework\boot\spring-boot-starter-jdbc\4.0.0\spring-boot-starter-jdbc-4.0.0.jar;C:\Users\HP.MYLAPTOP1.000\.m2\repository\com\zaxxer\HikariCP\7.0.2\HikariCP-7.0.2.jar;C:\Users\HP.MYLAPTOP1.000\.m2\repository\org\slf4j\slf4j-api\2.0.17\slf4j-api-2.0.17.jar;C:\Users\HP.MYLAPTOP1.000\.m2\repository\org\springframework\boot\spring-boot-data-jpa\4.0.0\spring-boot-data-jpa-4.0.0.jar;C:\Users\HP.MYLAPTOP1.000\.m2\repository\org\springframework\boot\spring-boot-data-commons\4.0.0\spring-boot-data-commons-4.0.0.jar;C:\Users\HP.MYLAPTOP1.000\.m2\repository\org\springframework\boot\spring-boot-
Launcher Type: SUN_STANDARD

[Global flags]
     intx CICompilerCount                          = 4                                         {product} {ergonomic}
     uint ConcGCThreads                            = 2                                         {product} {ergonomic}
     uint G1ConcRefinementThreads                  = 8                                         {product} {ergonomic}
   size_t G1HeapRegionSize                         = 1048576                                   {product} {ergonomic}
    uintx GCDrainStackTargetSize                   = 64                                        {product} {ergonomic}
   size_t InitialHeapSize                          = 132120576                                 {product} {ergonomic}
   size_t MarkStackSize                            = 4194304                                   {product} {ergonomic}
   size_t MaxHeapSize                              = 2107637760                                {product} {ergonomic}
   size_t MaxNewSize                               = 1264582656                                {product} {ergonomic}
   size_t MinHeapDeltaBytes                        = 1048576                                   {product} {ergonomic}
   size_t MinHeapSize                              = 8388608                                   {product} {ergonomic}
    uintx NonNMethodCodeHeapSize                   = 5839372                                {pd product} {ergonomic}
    uintx NonProfiledCodeHeapSize                  = 122909434                              {pd product} {ergonomic}
    uintx ProfiledCodeHeapSize                     = 122909434                              {pd product} {ergonomic}
    uintx ReservedCodeCacheSize                    = 251658240                              {pd product} {ergonomic}
     bool SegmentedCodeCache                       = true                                      {product} {ergonomic}
   size_t SoftMaxHeapSize                          = 2107637760                             {manageable} {ergonomic}
     bool UseCompressedClassPointers               = true                           {product lp64_product} {ergonomic}
     bool UseCompressedOops                        = true                           {product lp64_product} {ergonomic}
     bool UseG1GC                                  = true                                      {product} {ergonomic}
     bool UseLargePagesIndividualAllocation        = false                                  {pd product} {ergonomic}

Logging:
Log output configuration:
 #0: stdout all=warning uptime,level,tags
 #1: stderr all=off uptime,level,tags

Environment Variables:
PATH=C:\Program Files\Common Files\Oracle\Java\javapath;C:\ProgramData\Oracle\Java\javapath;C:\Program Files (x86)\Common Files\Oracle\Java\java8path;C:\Program Files (x86)\Common Files\Oracle\Java\javapath;C:\WINDOWS\system32;C:\WINDOWS;C:\WINDOWS\System32\Wbem;C:\WINDOWS\System32\WindowsPowerShell\v1.0\;C:\WINDOWS\System32\OpenSSH\;C:\Program Files (x86)\PuTTY\;C:\Users\HP\AppData\Local\nvm;C:\nvm4w\nodejs;C:\ProgramData\Microsoft\Windows\Start Menu\Programs;C:\Program Files\nodejs\;C:\Program Files\dotnet\;C:\Program Files\Git\cmd;C:\Program Files\MySQL\MySQL Server 8.0\bin;C:\Program Files\Microsoft SQL Server\Client SDK\ODBC\170\Tools\Binn\;C:\Program Files (x86)\Microsoft SQL Server\160\Tools\Binn\;C:\Program Files\Microsoft SQL Server\160\Tools\Binn\;C:\Program Files\Microsoft SQL Server\160\DTS\Binn\;C:\Program Files\cursor\resources\app\bin;C:\Program Files\Microsoft SQL Server\150\Tools\Binn\;C:\Users\HP.MYLAPTOP1.000\AppData\Local\Microsoft\WindowsApps;M:\Microsoft VS Code\bin
USERNAME=HP
OS=Windows_NT
PROCESSOR_IDENTIFIER=Intel64 Family 6 Model 142 Stepping 10, GenuineIntel



---------------  S Y S T E M  ---------------

OS:
 Windows 11 , 64 bit Build 26100 (10.0.26100.7309)
OS uptime: 0 days 3:13 hours

CPU: total 8 (initial active 8) (4 cores per cpu, 2 threads per core) family 6 model 142 stepping 10 microcode 0xf6, cx8, cmov, fxsr, ht, mmx, 3dnowpref, sse, sse2, sse3, ssse3, sse4.1, sse4.2, popcnt, lzcnt, tsc, tscinvbit, avx, avx2, aes, erms, clmul, bmi1, bmi2, adx, fma, vzeroupper, clflush, clflushopt

Memory: 4k page, system-wide physical 8035M (704M free)
TotalPageFile size 12131M (AvailPageFile size 4M)
current process WorkingSet (physical memory assigned to process): 273M, peak: 273M
current process commit charge ("private bytes"): 310M, peak: 311M

vm_info: Java HotSpot(TM) 64-Bit Server VM (17.0.12+8-LTS-286) for windows-amd64 JRE (17.0.12+8-LTS-286), built on Jun  5 2024 06:46:59 by "mach5one" with MS VC++ 17.6 (VS2022)

END.
