#
# There is insufficient memory for the Java Runtime Environment to continue.
# Native memory allocation (malloc) failed to allocate 32744 bytes. Error detail: Chunk::new
# Possible reasons:
#   The system is out of physical RAM or swap space
#   This process is running with CompressedOops enabled, and the Java Heap may be blocking the growth of the native heap
# Possible solutions:
#   Reduce memory load on the system
#   Increase physical memory or swap space
#   Check if swap backing store is full
#   Decrease Java heap size (-Xmx/-Xms)
#   Decrease number of Java threads
#   Decrease Java thread stack sizes (-Xss)
#   Set larger code cache with -XX:ReservedCodeCacheSize=
#   JVM is running with Unscaled Compressed Oops mode in which the Java heap is
#     placed in the first 4GB address space. The Java Heap base address is the
#     maximum limit for the native heap growth. Please use -XX:HeapBaseMinAddress
#     to set the Java Heap base and to place the Java Heap above 4GB virtual address.
# This output file may be truncated or incomplete.
#
#  Out of Memory Error (arena.cpp:168), pid=6844, tid=16820
#
# JRE version: OpenJDK Runtime Environment Temurin-21.0.9+10 (21.0.9+10) (build 21.0.9+10-LTS)
# Java VM: OpenJDK 64-Bit Server VM Temurin-21.0.9+10 (21.0.9+10-LTS, mixed mode, sharing, tiered, compressed oops, compressed class ptrs, parallel gc, windows-amd64)
# No core dump will be written. Minidumps are not enabled by default on client versions of Windows
#

---------------  S U M M A R Y ------------

Command Line: --add-modules=ALL-SYSTEM --add-opens=java.base/java.util=ALL-UNNAMED --add-opens=java.base/java.lang=ALL-UNNAMED --add-opens=java.base/sun.nio.fs=ALL-UNNAMED -Declipse.application=org.eclipse.jdt.ls.core.id1 -Dosgi.bundles.defaultStartLevel=4 -Declipse.product=org.eclipse.jdt.ls.core.product -Djava.import.generatesMetadataFilesAtProjectRoot=false -DDetectVMInstallationsJob.disabled=true -Dfile.encoding=utf8 -XX:+UseParallelGC -XX:GCTimeRatio=4 -XX:AdaptiveSizePolicyWeight=90 -Dsun.zip.disableMemoryMapping=true -Xmx2G -Xms100m -Xlog:disable -javaagent:c:\Users\HP.MYLAPTOP1.000\.antigravity\extensions\redhat.java-1.50.0-win32-x64\lombok\lombok-1.18.39-4050.jar c:\Users\HP.MYLAPTOP1.000\.antigravity\extensions\redhat.java-1.50.0-win32-x64\server\plugins\org.eclipse.equinox.launcher_1.7.100.v20251111-0406.jar -configuration c:\Users\HP.MYLAPTOP1.000\AppData\Roaming\Antigravity\User\globalStorage\redhat.java\1.50.0\config_ss_win -data c:\Users\HP.MYLAPTOP1.000\AppData\Roaming\Antigravity\User\workspaceStorage\79247c4a439aa170b47ed0382b4ed6ad\redhat.java\ss_ws --pipe=\\.\pipe\lsp-d9f9d311789966e44f86b0bbcf3f4050-sock

Host: Intel(R) Core(TM) i7-8550U CPU @ 1.80GHz, 8 cores, 7G,  Windows 11 , 64 bit Build 26100 (10.0.26100.7309)
Time: Tue Dec  9 21:35:41 2025 Egypt Standard Time elapsed time: 19.307057 seconds (0d 0h 0m 19s)

---------------  T H R E A D  ---------------

Current thread (0x0000020b1ac586d0):  JavaThread "C2 CompilerThread1" daemon [_thread_in_native, id=16820, stack(0x0000006be6000000,0x0000006be6100000) (1024K)]


Current CompileTask:
C2:19307 1930 %     4       java.io.DataInputStream::readUTF @ 92 (501 bytes)

Stack: [0x0000006be6000000,0x0000006be6100000]
Native frames: (J=compiled Java code, j=interpreted, Vv=VM code, C=native code)
V  [jvm.dll+0x6d6e29]
V  [jvm.dll+0x8b4b76]
V  [jvm.dll+0x8b712e]
V  [jvm.dll+0x8b7813]
V  [jvm.dll+0x283d86]
V  [jvm.dll+0xc66ed]
V  [jvm.dll+0xc6c31]
V  [jvm.dll+0x6fdfe6]
V  [jvm.dll+0x24ad53]
V  [jvm.dll+0x1cb13e]
V  [jvm.dll+0x25b29d]
V  [jvm.dll+0x25982a]
V  [jvm.dll+0x3f7ea6]
V  [jvm.dll+0x85e9ad]
V  [jvm.dll+0x6d565d]
C  [ucrtbase.dll+0x37b0]
C  [KERNEL32.DLL+0x2e8d7]
C  [ntdll.dll+0x8c53c]


---------------  P R O C E S S  ---------------

Threads class SMR info:
_java_thread_list=0x0000020b1ab775f0, length=17, elements={
0x0000020ab9db7860, 0x0000020ad2b8e660, 0x0000020ad2b918e0, 0x0000020ad2b95320,
0x0000020ad2b95d70, 0x0000020ad2b99e60, 0x0000020ad2b9d8d0, 0x0000020ad2ba9fd0,
0x0000020ad2bab7b0, 0x0000020b15748770, 0x0000020b15746d30, 0x0000020b15747a50,
0x0000020b15748e00, 0x0000020b15746010, 0x0000020b157473c0, 0x0000020b1ac586d0,
0x0000020b15598850
}

Java Threads: ( => current thread )
  0x0000020ab9db7860 JavaThread "main"                              [_thread_blocked, id=10148, stack(0x0000006be4700000,0x0000006be4800000) (1024K)]
  0x0000020ad2b8e660 JavaThread "Reference Handler"          daemon [_thread_blocked, id=19132, stack(0x0000006be4b00000,0x0000006be4c00000) (1024K)]
  0x0000020ad2b918e0 JavaThread "Finalizer"                  daemon [_thread_blocked, id=21176, stack(0x0000006be4c00000,0x0000006be4d00000) (1024K)]
  0x0000020ad2b95320 JavaThread "Signal Dispatcher"          daemon [_thread_blocked, id=6352, stack(0x0000006be4d00000,0x0000006be4e00000) (1024K)]
  0x0000020ad2b95d70 JavaThread "Attach Listener"            daemon [_thread_blocked, id=20928, stack(0x0000006be4e00000,0x0000006be4f00000) (1024K)]
  0x0000020ad2b99e60 JavaThread "Service Thread"             daemon [_thread_blocked, id=21116, stack(0x0000006be4f00000,0x0000006be5000000) (1024K)]
  0x0000020ad2b9d8d0 JavaThread "Monitor Deflation Thread"   daemon [_thread_blocked, id=19412, stack(0x0000006be5000000,0x0000006be5100000) (1024K)]
  0x0000020ad2ba9fd0 JavaThread "C2 CompilerThread0"         daemon [_thread_in_native, id=12112, stack(0x0000006be5100000,0x0000006be5200000) (1024K)]
  0x0000020ad2bab7b0 JavaThread "C1 CompilerThread0"         daemon [_thread_blocked, id=20240, stack(0x0000006be5200000,0x0000006be5300000) (1024K)]
  0x0000020b15748770 JavaThread "Common-Cleaner"             daemon [_thread_blocked, id=16080, stack(0x0000006be5300000,0x0000006be5400000) (1024K)]
  0x0000020b15746d30 JavaThread "Notification Thread"        daemon [_thread_blocked, id=3400, stack(0x0000006be5400000,0x0000006be5500000) (1024K)]
  0x0000020b15747a50 JavaThread "Active Thread: Equinox Container: 9455ca25-5e5b-475c-9916-f918a7fcdf79"        [_thread_blocked, id=16592, stack(0x0000006be5c00000,0x0000006be5d00000) (1024K)]
  0x0000020b15748e00 JavaThread "Framework Event Dispatcher: Equinox Container: 9455ca25-5e5b-475c-9916-f918a7fcdf79" daemon [_thread_blocked, id=20280, stack(0x0000006be5500000,0x0000006be5600000) (1024K)]
  0x0000020b15746010 JavaThread "Start Level: Equinox Container: 9455ca25-5e5b-475c-9916-f918a7fcdf79" daemon [_thread_in_native, id=9176, stack(0x0000006be5d00000,0x0000006be5e00000) (1024K)]
  0x0000020b157473c0 JavaThread "SCR Component Actor"        daemon [_thread_blocked, id=18824, stack(0x0000006be5f00000,0x0000006be6000000) (1024K)]
=>0x0000020b1ac586d0 JavaThread "C2 CompilerThread1"         daemon [_thread_in_native, id=16820, stack(0x0000006be6000000,0x0000006be6100000) (1024K)]
  0x0000020b15598850 JavaThread "C2 CompilerThread2"         daemon [_thread_in_native, id=10028, stack(0x0000006be6100000,0x0000006be6200000) (1024K)]
Total: 17

Other Threads:
  0x0000020abc1de740 VMThread "VM Thread"                           [id=14360, stack(0x0000006be4a00000,0x0000006be4b00000) (1024K)]
  0x0000020abc189820 WatcherThread "VM Periodic Task Thread"        [id=20872, stack(0x0000006be4900000,0x0000006be4a00000) (1024K)]
  0x0000020abc13b720 WorkerThread "GC Thread#0"                     [id=2116, stack(0x0000006be4800000,0x0000006be4900000) (1024K)]
  0x0000020b1a6cb4d0 WorkerThread "GC Thread#1"                     [id=13772, stack(0x0000006be5600000,0x0000006be5700000) (1024K)]
  0x0000020b1a50b4a0 WorkerThread "GC Thread#2"                     [id=2704, stack(0x0000006be5700000,0x0000006be5800000) (1024K)]
  0x0000020b1a50b840 WorkerThread "GC Thread#3"                     [id=17600, stack(0x0000006be5800000,0x0000006be5900000) (1024K)]
  0x0000020b1a50bbe0 WorkerThread "GC Thread#4"                     [id=3360, stack(0x0000006be5900000,0x0000006be5a00000) (1024K)]
  0x0000020b158929c0 WorkerThread "GC Thread#5"                     [id=10508, stack(0x0000006be5a00000,0x0000006be5b00000) (1024K)]
  0x0000020b15893160 WorkerThread "GC Thread#6"                     [id=20580, stack(0x0000006be5b00000,0x0000006be5c00000) (1024K)]
  0x0000020b15771870 WorkerThread "GC Thread#7"                     [id=17944, stack(0x0000006be5e00000,0x0000006be5f00000) (1024K)]
Total: 10

Threads with active compile tasks:
C2 CompilerThread0  24467 1931   !   4       java.io.BufferedInputStream::read (54 bytes)
C2 CompilerThread1  24468 1930 %     4       java.io.DataInputStream::readUTF @ 92 (501 bytes)
C2 CompilerThread2  24468 1928       4       jdk.internal.misc.InternalLock::lock (8 bytes)
Total: 3

VM state: not at safepoint (normal execution)

VM Mutex/Monitor currently owned by a thread: None

Heap address: 0x0000000080000000, size: 2048 MB, Compressed Oops mode: 32-bit

CDS archive(s) mapped at: [0x0000020ad3000000-0x0000020ad3ba0000-0x0000020ad3ba0000), size 12189696, SharedBaseAddress: 0x0000020ad3000000, ArchiveRelocationMode: 1.
Compressed class space mapped at: 0x0000020ad4000000-0x0000020b14000000, reserved size: 1073741824
Narrow klass base: 0x0000020ad3000000, Narrow klass shift: 0, Narrow klass range: 0x100000000

GC Precious Log:
 CardTable entry size: 512
 CPUs: 8 total, 8 available
 Memory: 8035M
 Large Page Support: Disabled
 NUMA Support: Disabled
 Compressed Oops: Enabled (32-bit)
 Alignments: Space 512K, Generation 512K, Heap 2M
 Heap Min Capacity: 100M
 Heap Initial Capacity: 100M
 Heap Max Capacity: 2G
 Pre-touch: Disabled
 Parallel Workers: 8

Heap:
 PSYoungGen      total 29696K, used 16593K [0x00000000d5580000, 0x00000000d7680000, 0x0000000100000000)
  eden space 25600K, 48% used [0x00000000d5580000,0x00000000d61b6f50,0x00000000d6e80000)
  from space 4096K, 99% used [0x00000000d7280000,0x00000000d767d810,0x00000000d7680000)
  to   space 4096K, 0% used [0x00000000d6e80000,0x00000000d6e80000,0x00000000d7280000)
 ParOldGen       total 68608K, used 909K [0x0000000080000000, 0x0000000084300000, 0x00000000d5580000)
  object space 68608K, 1% used [0x0000000080000000,0x00000000800e36b8,0x0000000084300000)
 Metaspace       used 10807K, committed 11264K, reserved 1114112K
  class space    used 1163K, committed 1344K, reserved 1048576K

Card table byte_map: [0x0000020abbac0000,0x0000020abbed0000] _byte_map_base: 0x0000020abb6c0000

Marking Bits: (ParMarkBitMap*) 0x00007ffaec632460
 Begin Bits: [0x0000020ace5d0000, 0x0000020ad05d0000)
 End Bits:   [0x0000020ad05d0000, 0x0000020ad25d0000)

Polling page: 0x0000020aba0e0000

Metaspace:

Usage:
  Non-class:      9.42 MB used.
      Class:      1.14 MB used.
       Both:     10.55 MB used.

Virtual space:
  Non-class space:       64.00 MB reserved,       9.69 MB ( 15%) committed,  1 nodes.
      Class space:        1.00 GB reserved,       1.31 MB ( <1%) committed,  1 nodes.
             Both:        1.06 GB reserved,      11.00 MB (  1%) committed. 

Chunk freelists:
   Non-Class:  5.92 MB
       Class:  14.68 MB
        Both:  20.60 MB

MaxMetaspaceSize: unlimited
CompressedClassSpaceSize: 1.00 GB
Initial GC threshold: 21.00 MB
Current GC threshold: 21.00 MB
CDS: on
 - commit_granule_bytes: 65536.
 - commit_granule_words: 8192.
 - virtual_space_node_default_size: 8388608.
 - enlarge_chunks_in_place: 1.
 - use_allocation_guard: 0.


Internal statistics:

num_allocs_failed_limit: 0.
num_arena_births: 252.
num_arena_deaths: 0.
num_vsnodes_births: 2.
num_vsnodes_deaths: 0.
num_space_committed: 176.
num_space_uncommitted: 0.
num_chunks_returned_to_freelist: 0.
num_chunks_taken_from_freelist: 554.
num_chunk_merges: 0.
num_chunk_splits: 356.
num_chunks_enlarged: 248.
num_inconsistent_stats: 0.

CodeHeap 'non-profiled nmethods': size=120000Kb used=834Kb max_used=834Kb free=119165Kb
 bounds [0x0000020ac6df0000, 0x0000020ac7060000, 0x0000020ace320000]
CodeHeap 'profiled nmethods': size=120000Kb used=3559Kb max_used=3559Kb free=116440Kb
 bounds [0x0000020abf320000, 0x0000020abf6a0000, 0x0000020ac6850000]
CodeHeap 'non-nmethods': size=5760Kb used=1224Kb max_used=1248Kb free=4535Kb
 bounds [0x0000020ac6850000, 0x0000020ac6ac0000, 0x0000020ac6df0000]
CodeCache: size=245760Kb, used=5617Kb, max_used=5641Kb, free=240140Kb
 total_blobs=2432, nmethods=1941, adapters=398, full_count=0
Compilation: enabled, stopped_count=0, restarted_count=0

Compilation events (20 events):
Event: 17.263 Thread 0x0000020ad2bab7b0 1915       3       java.io.DataInputStream::readLong (20 bytes)
Event: 17.264 Thread 0x0000020ad2bab7b0 nmethod 1915 0x0000020abf680410 code [0x0000020abf680620, 0x0000020abf680c30]
Event: 17.264 Thread 0x0000020ad2bab7b0 1920       3       jdk.internal.misc.Unsafe::getLongUnaligned (12 bytes)
Event: 17.264 Thread 0x0000020ad2bab7b0 nmethod 1920 0x0000020abf680f10 code [0x0000020abf6810c0, 0x0000020abf6812a0]
Event: 17.264 Thread 0x0000020ad2bab7b0 1916       3       jdk.internal.util.ByteArray::getLong (9 bytes)
Event: 17.265 Thread 0x0000020ad2bab7b0 nmethod 1916 0x0000020abf681390 code [0x0000020abf681580, 0x0000020abf681ab0]
Event: 17.265 Thread 0x0000020ad2bab7b0 1917       3       java.lang.invoke.VarHandleGuards::guard_LI_J (78 bytes)
Event: 17.268 Thread 0x0000020ad2bab7b0 nmethod 1917 0x0000020abf681d10 code [0x0000020abf682040, 0x0000020abf683810]
Event: 17.268 Thread 0x0000020ad2bab7b0 1918       3       java.lang.invoke.VarHandleByteArrayAsLongs$ArrayHandle::get (36 bytes)
Event: 17.269 Thread 0x0000020ad2bab7b0 nmethod 1918 0x0000020abf683f10 code [0x0000020abf6840e0, 0x0000020abf6844b8]
Event: 17.269 Thread 0x0000020ad2bab7b0 1919       3       java.lang.invoke.VarHandleByteArrayAsLongs$ArrayHandle::index (13 bytes)
Event: 17.269 Thread 0x0000020ad2bab7b0 nmethod 1919 0x0000020abf684690 code [0x0000020abf684840, 0x0000020abf684988]
Event: 17.270 Thread 0x0000020ad2bab7b0 1923       3       sun.invoke.util.Wrapper::isDoubleWord (15 bytes)
Event: 17.270 Thread 0x0000020ad2bab7b0 nmethod 1923 0x0000020abf684a90 code [0x0000020abf684c20, 0x0000020abf684d88]
Event: 17.278 Thread 0x0000020ad2ba9fd0 1926       4       java.io.DataInputStream::readFully (59 bytes)
Event: 17.290 Thread 0x0000020ad2bab7b0 1932       1       org.eclipse.osgi.storage.BundleInfo::getBundleId (5 bytes)
Event: 17.290 Thread 0x0000020ad2bab7b0 nmethod 1932 0x0000020ac6ebba10 code [0x0000020ac6ebbba0, 0x0000020ac6ebbc68]
Event: 17.291 Thread 0x0000020ad2bab7b0 1933   !   3       org.eclipse.osgi.internal.framework.BundleContextImpl::dispatchEvent (577 bytes)
Event: 17.291 Thread 0x0000020b1ac586d0 1930 %     4       java.io.DataInputStream::readUTF @ 92 (501 bytes)
Event: 17.291 Thread 0x0000020b15598850 1925   !   4       java.io.BufferedInputStream::read (69 bytes)

GC Heap History (4 events):
Event: 3.444 GC heap before
{Heap before GC invocations=1 (full 0):
 PSYoungGen      total 29696K, used 25600K [0x00000000d5580000, 0x00000000d7680000, 0x0000000100000000)
  eden space 25600K, 100% used [0x00000000d5580000,0x00000000d6e80000,0x00000000d6e80000)
  from space 4096K, 0% used [0x00000000d7280000,0x00000000d7280000,0x00000000d7680000)
  to   space 4096K, 0% used [0x00000000d6e80000,0x00000000d6e80000,0x00000000d7280000)
 ParOldGen       total 68608K, used 0K [0x0000000080000000, 0x0000000084300000, 0x00000000d5580000)
  object space 68608K, 0% used [0x0000000080000000,0x0000000080000000,0x0000000084300000)
 Metaspace       used 4336K, committed 4608K, reserved 1114112K
  class space    used 472K, committed 576K, reserved 1048576K
}
Event: 3.461 GC heap after
{Heap after GC invocations=1 (full 0):
 PSYoungGen      total 29696K, used 3271K [0x00000000d5580000, 0x00000000d7680000, 0x0000000100000000)
  eden space 25600K, 0% used [0x00000000d5580000,0x00000000d5580000,0x00000000d6e80000)
  from space 4096K, 79% used [0x00000000d6e80000,0x00000000d71b1e98,0x00000000d7280000)
  to   space 4096K, 0% used [0x00000000d7280000,0x00000000d7280000,0x00000000d7680000)
 ParOldGen       total 68608K, used 16K [0x0000000080000000, 0x0000000084300000, 0x00000000d5580000)
  object space 68608K, 0% used [0x0000000080000000,0x0000000080004000,0x0000000084300000)
 Metaspace       used 4336K, committed 4608K, reserved 1114112K
  class space    used 472K, committed 576K, reserved 1048576K
}
Event: 16.627 GC heap before
{Heap before GC invocations=2 (full 0):
 PSYoungGen      total 29696K, used 28871K [0x00000000d5580000, 0x00000000d7680000, 0x0000000100000000)
  eden space 25600K, 100% used [0x00000000d5580000,0x00000000d6e80000,0x00000000d6e80000)
  from space 4096K, 79% used [0x00000000d6e80000,0x00000000d71b1e98,0x00000000d7280000)
  to   space 4096K, 0% used [0x00000000d7280000,0x00000000d7280000,0x00000000d7680000)
 ParOldGen       total 68608K, used 16K [0x0000000080000000, 0x0000000084300000, 0x00000000d5580000)
  object space 68608K, 0% used [0x0000000080000000,0x0000000080004000,0x0000000084300000)
 Metaspace       used 8268K, committed 8576K, reserved 1114112K
  class space    used 880K, committed 1024K, reserved 1048576K
}
Event: 16.639 GC heap after
{Heap after GC invocations=2 (full 0):
 PSYoungGen      total 29696K, used 4086K [0x00000000d5580000, 0x00000000d7680000, 0x0000000100000000)
  eden space 25600K, 0% used [0x00000000d5580000,0x00000000d5580000,0x00000000d6e80000)
  from space 4096K, 99% used [0x00000000d7280000,0x00000000d767d810,0x00000000d7680000)
  to   space 4096K, 0% used [0x00000000d6e80000,0x00000000d6e80000,0x00000000d7280000)
 ParOldGen       total 68608K, used 909K [0x0000000080000000, 0x0000000084300000, 0x00000000d5580000)
  object space 68608K, 1% used [0x0000000080000000,0x00000000800e36b8,0x0000000084300000)
 Metaspace       used 8268K, committed 8576K, reserved 1114112K
  class space    used 880K, committed 1024K, reserved 1048576K
}

Dll operation events (9 events):
Event: 0.204 Loaded shared library c:\Users\HP.MYLAPTOP1.000\.antigravity\extensions\redhat.java-1.50.0-win32-x64\jre\21.0.9-win32-x86_64\bin\java.dll
Event: 0.473 Loaded shared library c:\Users\HP.MYLAPTOP1.000\.antigravity\extensions\redhat.java-1.50.0-win32-x64\jre\21.0.9-win32-x86_64\bin\zip.dll
Event: 0.584 Loaded shared library C:\Users\HP.MYLAPTOP1.000\.antigravity\extensions\redhat.java-1.50.0-win32-x64\jre\21.0.9-win32-x86_64\bin\instrument.dll
Event: 0.724 Loaded shared library C:\Users\HP.MYLAPTOP1.000\.antigravity\extensions\redhat.java-1.50.0-win32-x64\jre\21.0.9-win32-x86_64\bin\net.dll
Event: 0.845 Loaded shared library C:\Users\HP.MYLAPTOP1.000\.antigravity\extensions\redhat.java-1.50.0-win32-x64\jre\21.0.9-win32-x86_64\bin\nio.dll
Event: 0.854 Loaded shared library C:\Users\HP.MYLAPTOP1.000\.antigravity\extensions\redhat.java-1.50.0-win32-x64\jre\21.0.9-win32-x86_64\bin\zip.dll
Event: 0.923 Loaded shared library C:\Users\HP.MYLAPTOP1.000\.antigravity\extensions\redhat.java-1.50.0-win32-x64\jre\21.0.9-win32-x86_64\bin\jimage.dll
Event: 1.277 Loaded shared library c:\Users\HP.MYLAPTOP1.000\.antigravity\extensions\redhat.java-1.50.0-win32-x64\jre\21.0.9-win32-x86_64\bin\verify.dll
Event: 16.717 Loaded shared library C:\Users\HP.MYLAPTOP1.000\AppData\Roaming\Antigravity\User\globalStorage\redhat.java\1.50.0\config_ss_win\org.eclipse.equinox.launcher\org.eclipse.equinox.launcher.win32.win32.x86_64_1.2.1400.v20250801-0854\eclipse_11916.dll

Deoptimization events (20 events):
Event: 4.835 Thread 0x0000020ab9db7860 DEOPT PACKING pc=0x0000020abf4a5008 sp=0x0000006be47fcad0
Event: 4.835 Thread 0x0000020ab9db7860 DEOPT UNPACKING pc=0x0000020ac68a4242 sp=0x0000006be47fbf50 mode 0
Event: 4.840 Thread 0x0000020ab9db7860 DEOPT PACKING pc=0x0000020abf4a5008 sp=0x0000006be47fcdd0
Event: 4.840 Thread 0x0000020ab9db7860 DEOPT UNPACKING pc=0x0000020ac68a4242 sp=0x0000006be47fc250 mode 0
Event: 16.545 Thread 0x0000020b15746010 Uncommon trap: trap_request=0xffffff6e fr.pc=0x0000020ac6e64268 relative=0x00000000000003a8
Event: 16.545 Thread 0x0000020b15746010 Uncommon trap: reason=loop_limit_check action=maybe_recompile pc=0x0000020ac6e64268 method=java.lang.StringLatin1.indexOf([BI[BII)I @ 37 c2
Event: 16.545 Thread 0x0000020b15746010 DEOPT PACKING pc=0x0000020ac6e64268 sp=0x0000006be5df9140
Event: 16.545 Thread 0x0000020b15746010 DEOPT UNPACKING pc=0x0000020ac68a3aa2 sp=0x0000006be5df90a0 mode 2
Event: 17.064 Thread 0x0000020b15746010 Uncommon trap: trap_request=0xffffff45 fr.pc=0x0000020ac6e99ef8 relative=0x0000000000000a18
Event: 17.064 Thread 0x0000020b15746010 Uncommon trap: reason=unstable_if action=reinterpret pc=0x0000020ac6e99ef8 method=java.util.concurrent.ConcurrentHashMap.putVal(Ljava/lang/Object;Ljava/lang/Object;Z)Ljava/lang/Object; @ 148 c2
Event: 17.064 Thread 0x0000020b15746010 DEOPT PACKING pc=0x0000020ac6e99ef8 sp=0x0000006be5df9190
Event: 17.064 Thread 0x0000020b15746010 DEOPT UNPACKING pc=0x0000020ac68a3aa2 sp=0x0000006be5df9100 mode 2
Event: 17.080 Thread 0x0000020b15746010 Uncommon trap: trap_request=0xffffff45 fr.pc=0x0000020ac6ead630 relative=0x0000000000001530
Event: 17.080 Thread 0x0000020b15746010 Uncommon trap: reason=unstable_if action=reinterpret pc=0x0000020ac6ead630 method=java.io.WinNTFileSystem.normalize(Ljava/lang/String;II)Ljava/lang/String; @ 100 c2
Event: 17.080 Thread 0x0000020b15746010 DEOPT PACKING pc=0x0000020ac6ead630 sp=0x0000006be5df94c0
Event: 17.080 Thread 0x0000020b15746010 DEOPT UNPACKING pc=0x0000020ac68a3aa2 sp=0x0000006be5df9400 mode 2
Event: 17.166 Thread 0x0000020b15746010 Uncommon trap: trap_request=0xffffff45 fr.pc=0x0000020ac6e6e834 relative=0x0000000000000094
Event: 17.166 Thread 0x0000020b15746010 Uncommon trap: reason=unstable_if action=reinterpret pc=0x0000020ac6e6e834 method=java.io.BufferedInputStream.getBufIfOpen(Z)[B @ 13 c2
Event: 17.166 Thread 0x0000020b15746010 DEOPT PACKING pc=0x0000020ac6e6e834 sp=0x0000006be5df8da0
Event: 17.166 Thread 0x0000020b15746010 DEOPT UNPACKING pc=0x0000020ac68a3aa2 sp=0x0000006be5df8d20 mode 2

Classes loaded (20 events):
Event: 17.137 Loading class java/lang/CloneNotSupportedException
Event: 17.137 Loading class java/lang/CloneNotSupportedException done
Event: 17.267 Loading class java/util/stream/ReferencePipeline$5
Event: 17.267 Loading class java/util/stream/LongPipeline$StatelessOp
Event: 17.267 Loading class java/util/stream/LongPipeline
Event: 17.268 Loading class java/util/stream/LongStream
Event: 17.269 Loading class java/util/stream/LongStream done
Event: 17.269 Loading class java/util/stream/LongPipeline done
Event: 17.269 Loading class java/util/stream/LongPipeline$StatelessOp done
Event: 17.269 Loading class java/util/stream/ReferencePipeline$5 done
Event: 17.269 Loading class java/util/function/LongBinaryOperator
Event: 17.269 Loading class java/util/function/LongBinaryOperator done
Event: 17.271 Loading class java/util/stream/ReduceOps$10
Event: 17.271 Loading class java/util/stream/ReduceOps$10 done
Event: 17.271 Loading class java/util/stream/ReduceOps$8ReducingSink
Event: 17.271 Loading class java/util/stream/Sink$OfLong
Event: 17.272 Loading class java/util/stream/Sink$OfLong done
Event: 17.272 Loading class java/util/stream/ReduceOps$8ReducingSink done
Event: 17.272 Loading class java/util/stream/ReferencePipeline$5$1
Event: 17.272 Loading class java/util/stream/ReferencePipeline$5$1 done

Classes unloaded (0 events):
No events

Classes redefined (0 events):
No events

Internal exceptions (20 events):
Event: 3.465 Thread 0x0000020ab9db7860 Exception <a 'java/lang/ClassNotFoundException'{0x00000000d55872e0}: sun/net/www/protocol/m/Handler> (0x00000000d55872e0) 
thrown [s\src\hotspot\share\classfile\systemDictionary.cpp, line 312]
Event: 3.466 Thread 0x0000020ab9db7860 Exception <a 'java/lang/ClassNotFoundException'{0x00000000d5588518}: sun/net/www/protocol/c/Handler> (0x00000000d5588518) 
thrown [s\src\hotspot\share\classfile\systemDictionary.cpp, line 312]
Event: 3.489 Thread 0x0000020ab9db7860 Exception <a 'java/io/FileNotFoundException'{0x00000000d55ad9e0}> (0x00000000d55ad9e0) 
thrown [s\src\hotspot\share\prims\jni.cpp, line 520]
Event: 3.582 Thread 0x0000020ab9db7860 Implicit null exception at 0x0000020ac6e50a66 to 0x0000020ac6e50b12
Event: 3.583 Thread 0x0000020ab9db7860 Implicit null exception at 0x0000020ac6e5e11a to 0x0000020ac6e5e33c
Event: 3.586 Thread 0x0000020ab9db7860 Exception <a 'java/lang/NoSuchMethodError'{0x00000000d56df008}: 'void java.lang.invoke.DirectMethodHandle$Holder.invokeStatic(java.lang.Object, java.lang.Object, java.lang.Object, java.lang.Object)'> (0x00000000d56df008) 
thrown [s\src\hotspot\share\interpreter\linkResolver.cpp, line 773]
Event: 3.596 Thread 0x0000020ab9db7860 Implicit null exception at 0x0000020ac6e59e1a to 0x0000020ac6e5a03c
Event: 3.809 Thread 0x0000020ab9db7860 Exception <a 'java/lang/NoSuchMethodError'{0x00000000d59990e8}: 'void java.lang.invoke.DirectMethodHandle$Holder.invokeSpecial(java.lang.Object, java.lang.Object, java.lang.Object)'> (0x00000000d59990e8) 
thrown [s\src\hotspot\share\interpreter\linkResolver.cpp, line 773]
Event: 4.409 Thread 0x0000020ab9db7860 Exception <a 'java/lang/NoSuchMethodError'{0x00000000d62538e8}: 'int java.lang.invoke.DirectMethodHandle$Holder.invokeVirtual(java.lang.Object, java.lang.Object)'> (0x00000000d62538e8) 
thrown [s\src\hotspot\share\interpreter\linkResolver.cpp, line 773]
Event: 4.542 Thread 0x0000020ab9db7860 Exception <a 'java/lang/NoSuchMethodError'{0x00000000d63c7768}: 'int java.lang.invoke.DirectMethodHandle$Holder.invokeStaticInit(java.lang.Object, java.lang.Object, java.lang.Object, java.lang.Object)'> (0x00000000d63c7768) 
thrown [s\src\hotspot\share\interpreter\linkResolver.cpp, line 773]
Event: 4.545 Thread 0x0000020ab9db7860 Exception <a 'java/lang/IncompatibleClassChangeError'{0x00000000d63cfb70}: Found class java.lang.Object, but interface was expected> (0x00000000d63cfb70) 
thrown [s\src\hotspot\share\interpreter\linkResolver.cpp, line 840]
Event: 4.546 Thread 0x0000020ab9db7860 Exception <a 'java/lang/NoSuchMethodError'{0x00000000d63d6120}: 'void java.lang.invoke.DirectMethodHandle$Holder.invokeStaticInit(java.lang.Object, java.lang.Object)'> (0x00000000d63d6120) 
thrown [s\src\hotspot\share\interpreter\linkResolver.cpp, line 773]
Event: 4.548 Thread 0x0000020ab9db7860 Exception <a 'java/lang/NoSuchMethodError'{0x00000000d63df2b8}: 'int java.lang.invoke.DirectMethodHandle$Holder.invokeStaticInit(java.lang.Object, java.lang.Object)'> (0x00000000d63df2b8) 
thrown [s\src\hotspot\share\interpreter\linkResolver.cpp, line 773]
Event: 4.673 Thread 0x0000020ab9db7860 Exception <a 'java/lang/NoSuchMethodError'{0x00000000d6626a38}: 'java.lang.Object java.lang.invoke.DirectMethodHandle$Holder.newInvokeSpecial(java.lang.Object, int, java.lang.Object)'> (0x00000000d6626a38) 
thrown [s\src\hotspot\share\interpreter\linkResolver.cpp, line 773]
Event: 4.759 Thread 0x0000020ab9db7860 Exception <a 'java/lang/ClassNotFoundException'{0x00000000d683ffd0}: sun/net/www/protocol/plurl/Handler> (0x00000000d683ffd0) 
thrown [s\src\hotspot\share\classfile\systemDictionary.cpp, line 312]
Event: 4.759 Thread 0x0000020ab9db7860 Exception <a 'java/lang/ClassNotFoundException'{0x00000000d6840e50}: sun/net/www/protocol/plurl/Handler> (0x00000000d6840e50) 
thrown [s\src\hotspot\share\classfile\systemDictionary.cpp, line 312]
Event: 16.481 Thread 0x0000020ab9db7860 Exception <a 'java/lang/UnsatisfiedLinkError'{0x00000000d6c51b28}: 'void org.eclipse.equinox.launcher.JNIBridge._update_splash()'> (0x00000000d6c51b28) 
thrown [s\src\hotspot\share\prims\nativeLookup.cpp, line 415]
Event: 16.724 Thread 0x0000020b15746010 Exception <a 'java/lang/NullPointerException'{0x00000000d56da858}> (0x00000000d56da858) 
thrown [s\src\hotspot\share\interpreter\linkResolver.cpp, line 1372]
Event: 16.724 Thread 0x0000020b15746010 Exception <a 'java/lang/NullPointerException'{0x00000000d56dab38}> (0x00000000d56dab38) 
thrown [s\src\hotspot\share\interpreter\linkResolver.cpp, line 1372]
Event: 17.266 Thread 0x0000020b15746010 Exception <a 'java/lang/NoSuchMethodError'{0x00000000d604aad0}: 'long java.lang.invoke.DirectMethodHandle$Holder.invokeSpecial(java.lang.Object, java.lang.Object)'> (0x00000000d604aad0) 
thrown [s\src\hotspot\share\interpreter\linkResolver.cpp, line 773]

ZGC Phase Switch (0 events):
No events

VM Operations (20 events):
Event: 4.469 Executing VM operation: Cleanup
Event: 4.469 Executing VM operation: Cleanup done
Event: 4.635 Executing VM operation: HandshakeAllThreads (Deoptimize)
Event: 4.635 Executing VM operation: HandshakeAllThreads (Deoptimize) done
Event: 4.652 Executing VM operation: HandshakeAllThreads (Deoptimize)
Event: 4.652 Executing VM operation: HandshakeAllThreads (Deoptimize) done
Event: 4.729 Executing VM operation: HandshakeAllThreads (Deoptimize)
Event: 4.729 Executing VM operation: HandshakeAllThreads (Deoptimize) done
Event: 4.750 Executing VM operation: HandshakeAllThreads (Deoptimize)
Event: 4.750 Executing VM operation: HandshakeAllThreads (Deoptimize) done
Event: 5.750 Executing VM operation: Cleanup
Event: 5.750 Executing VM operation: Cleanup done
Event: 6.758 Executing VM operation: Cleanup
Event: 6.758 Executing VM operation: Cleanup done
Event: 16.627 Executing VM operation: ParallelGCFailedAllocation (Allocation Failure)
Event: 16.639 Executing VM operation: ParallelGCFailedAllocation (Allocation Failure) done
Event: 17.001 Executing VM operation: HandshakeAllThreads (Deoptimize)
Event: 17.001 Executing VM operation: HandshakeAllThreads (Deoptimize) done
Event: 17.993 Executing VM operation: Cleanup
Event: 17.994 Executing VM operation: Cleanup done

Memory protections (0 events):
No events

Nmethod flushes (0 events):
No events

Events (20 events):
Event: 0.596 Thread 0x0000020ab9db7860 Thread added: 0x0000020b15748770
Event: 1.155 Thread 0x0000020ad2bab7b0 Thread added: 0x0000020b15833c70
Event: 1.281 Thread 0x0000020b15833c70 Thread exited: 0x0000020b15833c70
Event: 1.697 Thread 0x0000020ab9db7860 Thread added: 0x0000020b15746d30
Event: 2.132 Thread 0x0000020ad2bab7b0 Thread added: 0x0000020b159375a0
Event: 2.332 Thread 0x0000020ad2bab7b0 Thread added: 0x0000020b158e3010
Event: 2.885 Thread 0x0000020b158e3010 Thread exited: 0x0000020b158e3010
Event: 3.039 Thread 0x0000020b159375a0 Thread exited: 0x0000020b159375a0
Event: 3.358 Thread 0x0000020ad2ba9fd0 Thread added: 0x0000020b1a6cae30
Event: 3.606 Thread 0x0000020b1a6cae30 Thread exited: 0x0000020b1a6cae30
Event: 3.911 Thread 0x0000020ad2bab7b0 Thread added: 0x0000020b1a5b3550
Event: 3.933 Thread 0x0000020ad2bab7b0 Thread added: 0x0000020b1a637db0
Event: 4.152 Thread 0x0000020b1a637db0 Thread exited: 0x0000020b1a637db0
Event: 4.582 Thread 0x0000020ab9db7860 Thread added: 0x0000020b15747a50
Event: 5.019 Thread 0x0000020b1a5b3550 Thread exited: 0x0000020b1a5b3550
Event: 16.462 Thread 0x0000020ab9db7860 Thread added: 0x0000020b15748e00
Event: 16.477 Thread 0x0000020ab9db7860 Thread added: 0x0000020b15746010
Event: 16.967 Thread 0x0000020b15746010 Thread added: 0x0000020b157473c0
Event: 17.290 Thread 0x0000020ad2bab7b0 Thread added: 0x0000020b1ac586d0
Event: 17.291 Thread 0x0000020ad2bab7b0 Thread added: 0x0000020b15598850


Dynamic libraries:
0x00007ff7b2850000 - 0x00007ff7b285e000 	c:\Users\HP.MYLAPTOP1.000\.antigravity\extensions\redhat.java-1.50.0-win32-x64\jre\21.0.9-win32-x86_64\bin\java.exe
0x00007ffb60b60000 - 0x00007ffb60dc7000 	C:\WINDOWS\SYSTEM32\ntdll.dll
0x00007ffb5ed30000 - 0x00007ffb5edf9000 	C:\WINDOWS\System32\KERNEL32.DLL
0x00007ffb5de20000 - 0x00007ffb5e20f000 	C:\WINDOWS\System32\KERNELBASE.dll
0x00007ffb5e350000 - 0x00007ffb5e49b000 	C:\WINDOWS\System32\ucrtbase.dll
0x00007ffb31bd0000 - 0x00007ffb31be8000 	c:\Users\HP.MYLAPTOP1.000\.antigravity\extensions\redhat.java-1.50.0-win32-x64\jre\21.0.9-win32-x86_64\bin\jli.dll
0x00007ffb2dae0000 - 0x00007ffb2dafe000 	c:\Users\HP.MYLAPTOP1.000\.antigravity\extensions\redhat.java-1.50.0-win32-x64\jre\21.0.9-win32-x86_64\bin\VCRUNTIME140.dll
0x00007ffb5fff0000 - 0x00007ffb601b5000 	C:\WINDOWS\System32\USER32.dll
0x00007ffb44e20000 - 0x00007ffb450b3000 	C:\WINDOWS\WinSxS\amd64_microsoft.windows.common-controls_6595b64144ccf1df_6.0.26100.7309_none_3e05feeae336a044\COMCTL32.dll
0x00007ffb601c0000 - 0x00007ffb60269000 	C:\WINDOWS\System32\msvcrt.dll
0x00007ffb5e770000 - 0x00007ffb5e797000 	C:\WINDOWS\System32\win32u.dll
0x00007ffb602d0000 - 0x00007ffb602fb000 	C:\WINDOWS\System32\GDI32.dll
0x00007ffb5e220000 - 0x00007ffb5e34c000 	C:\WINDOWS\System32\gdi32full.dll
0x00007ffb5e7a0000 - 0x00007ffb5e843000 	C:\WINDOWS\System32\msvcp_win.dll
0x00007ffb5ecd0000 - 0x00007ffb5ed01000 	C:\WINDOWS\System32\IMM32.DLL
0x00007ffb32800000 - 0x00007ffb3280c000 	c:\Users\HP.MYLAPTOP1.000\.antigravity\extensions\redhat.java-1.50.0-win32-x64\jre\21.0.9-win32-x86_64\bin\vcruntime140_1.dll
0x00007ffb05bc0000 - 0x00007ffb05c4d000 	c:\Users\HP.MYLAPTOP1.000\.antigravity\extensions\redhat.java-1.50.0-win32-x64\jre\21.0.9-win32-x86_64\bin\msvcp140.dll
0x00007ffaeb970000 - 0x00007ffaec710000 	c:\Users\HP.MYLAPTOP1.000\.antigravity\extensions\redhat.java-1.50.0-win32-x64\jre\21.0.9-win32-x86_64\bin\server\jvm.dll
0x00007ffb5eae0000 - 0x00007ffb5eb94000 	C:\WINDOWS\System32\ADVAPI32.dll
0x00007ffb5ff30000 - 0x00007ffb5ffd6000 	C:\WINDOWS\System32\sechost.dll
0x00007ffb60900000 - 0x00007ffb60a18000 	C:\WINDOWS\System32\RPCRT4.dll
0x00007ffb60880000 - 0x00007ffb608f4000 	C:\WINDOWS\System32\WS2_32.dll
0x00007ffb5db10000 - 0x00007ffb5db6e000 	C:\WINDOWS\SYSTEM32\POWRPROF.dll
0x00007ffb47e10000 - 0x00007ffb47e45000 	C:\WINDOWS\SYSTEM32\WINMM.dll
0x00007ffb57bb0000 - 0x00007ffb57bbb000 	C:\WINDOWS\SYSTEM32\VERSION.dll
0x00007ffb5daf0000 - 0x00007ffb5db04000 	C:\WINDOWS\SYSTEM32\UMPDC.dll
0x00007ffb5ca60000 - 0x00007ffb5ca7b000 	C:\WINDOWS\SYSTEM32\kernel.appcore.dll
0x00007ffb32100000 - 0x00007ffb3210a000 	c:\Users\HP.MYLAPTOP1.000\.antigravity\extensions\redhat.java-1.50.0-win32-x64\jre\21.0.9-win32-x86_64\bin\jimage.dll
0x00007ffb58790000 - 0x00007ffb589d2000 	C:\WINDOWS\SYSTEM32\DBGHELP.DLL
0x00007ffb60300000 - 0x00007ffb60686000 	C:\WINDOWS\System32\combase.dll
0x00007ffb5efa0000 - 0x00007ffb5f076000 	C:\WINDOWS\System32\OLEAUT32.dll
0x00007ffb339c0000 - 0x00007ffb339fc000 	C:\WINDOWS\SYSTEM32\dbgcore.DLL
0x00007ffb5e850000 - 0x00007ffb5e8f5000 	C:\WINDOWS\System32\bcryptPrimitives.dll
0x00007ffb31a00000 - 0x00007ffb31a0f000 	c:\Users\HP.MYLAPTOP1.000\.antigravity\extensions\redhat.java-1.50.0-win32-x64\jre\21.0.9-win32-x86_64\bin\instrument.dll
0x00007ffb2d790000 - 0x00007ffb2d7b0000 	c:\Users\HP.MYLAPTOP1.000\.antigravity\extensions\redhat.java-1.50.0-win32-x64\jre\21.0.9-win32-x86_64\bin\java.dll
0x00007ffb5f620000 - 0x00007ffb5fd73000 	C:\WINDOWS\System32\SHELL32.dll
0x00007ffb5dcb0000 - 0x00007ffb5de1a000 	C:\WINDOWS\System32\wintypes.dll
0x00007ffb5b8f0000 - 0x00007ffb5c14e000 	C:\WINDOWS\SYSTEM32\windows.storage.dll
0x00007ffb60a20000 - 0x00007ffb60b14000 	C:\WINDOWS\System32\SHCORE.dll
0x00007ffb5fd80000 - 0x00007ffb5fde6000 	C:\WINDOWS\System32\shlwapi.dll
0x00007ffb5dbd0000 - 0x00007ffb5dbf9000 	C:\WINDOWS\SYSTEM32\profapi.dll
0x00007ffb23680000 - 0x00007ffb23698000 	c:\Users\HP.MYLAPTOP1.000\.antigravity\extensions\redhat.java-1.50.0-win32-x64\jre\21.0.9-win32-x86_64\bin\zip.dll
0x00007ffb31650000 - 0x00007ffb31660000 	C:\Users\HP.MYLAPTOP1.000\.antigravity\extensions\redhat.java-1.50.0-win32-x64\jre\21.0.9-win32-x86_64\bin\net.dll
0x00007ffb52f60000 - 0x00007ffb53088000 	C:\WINDOWS\SYSTEM32\WINHTTP.dll
0x00007ffb5cfd0000 - 0x00007ffb5d03b000 	C:\WINDOWS\system32\mswsock.dll
0x00007ffb225d0000 - 0x00007ffb225e6000 	C:\Users\HP.MYLAPTOP1.000\.antigravity\extensions\redhat.java-1.50.0-win32-x64\jre\21.0.9-win32-x86_64\bin\nio.dll
0x00007ffb2e200000 - 0x00007ffb2e210000 	c:\Users\HP.MYLAPTOP1.000\.antigravity\extensions\redhat.java-1.50.0-win32-x64\jre\21.0.9-win32-x86_64\bin\verify.dll
0x00007ffb05b10000 - 0x00007ffb05b54000 	C:\Users\HP.MYLAPTOP1.000\AppData\Roaming\Antigravity\User\globalStorage\redhat.java\1.50.0\config_ss_win\org.eclipse.equinox.launcher\org.eclipse.equinox.launcher.win32.win32.x86_64_1.2.1400.v20250801-0854\eclipse_11916.dll
0x00007ffb5ee00000 - 0x00007ffb5ef97000 	C:\WINDOWS\System32\ole32.dll

JVMTI agents:
c:\Users\HP.MYLAPTOP1.000\.antigravity\extensions\redhat.java-1.50.0-win32-x64\lombok\lombok-1.18.39-4050.jar path:c:\Users\HP.MYLAPTOP1.000\.antigravity\extensions\redhat.java-1.50.0-win32-x64\jre\21.0.9-win32-x86_64\bin\instrument.dll, loaded, initialized, instrumentlib options:none

dbghelp: loaded successfully - version: 4.0.5 - missing functions: none
symbol engine: initialized successfully - sym options: 0x614 - pdb path: .;c:\Users\HP.MYLAPTOP1.000\.antigravity\extensions\redhat.java-1.50.0-win32-x64\jre\21.0.9-win32-x86_64\bin;C:\WINDOWS\SYSTEM32;C:\WINDOWS\WinSxS\amd64_microsoft.windows.common-controls_6595b64144ccf1df_6.0.26100.7309_none_3e05feeae336a044;c:\Users\HP.MYLAPTOP1.000\.antigravity\extensions\redhat.java-1.50.0-win32-x64\jre\21.0.9-win32-x86_64\bin\server;C:\Users\HP.MYLAPTOP1.000\AppData\Roaming\Antigravity\User\globalStorage\redhat.java\1.50.0\config_ss_win\org.eclipse.equinox.launcher\org.eclipse.equinox.launcher.win32.win32.x86_64_1.2.1400.v20250801-0854

VM Arguments:
jvm_args: --add-modules=ALL-SYSTEM --add-opens=java.base/java.util=ALL-UNNAMED --add-opens=java.base/java.lang=ALL-UNNAMED --add-opens=java.base/sun.nio.fs=ALL-UNNAMED -Declipse.application=org.eclipse.jdt.ls.core.id1 -Dosgi.bundles.defaultStartLevel=4 -Declipse.product=org.eclipse.jdt.ls.core.product -Djava.import.generatesMetadataFilesAtProjectRoot=false -DDetectVMInstallationsJob.disabled=true -Dfile.encoding=utf8 -XX:+UseParallelGC -XX:GCTimeRatio=4 -XX:AdaptiveSizePolicyWeight=90 -Dsun.zip.disableMemoryMapping=true -Xmx2G -Xms100m -Xlog:disable -javaagent:c:\Users\HP.MYLAPTOP1.000\.antigravity\extensions\redhat.java-1.50.0-win32-x64\lombok\lombok-1.18.39-4050.jar 
java_command: c:\Users\HP.MYLAPTOP1.000\.antigravity\extensions\redhat.java-1.50.0-win32-x64\server\plugins\org.eclipse.equinox.launcher_1.7.100.v20251111-0406.jar -configuration c:\Users\HP.MYLAPTOP1.000\AppData\Roaming\Antigravity\User\globalStorage\redhat.java\1.50.0\config_ss_win -data c:\Users\HP.MYLAPTOP1.000\AppData\Roaming\Antigravity\User\workspaceStorage\79247c4a439aa170b47ed0382b4ed6ad\redhat.java\ss_ws --pipe=\\.\pipe\lsp-d9f9d311789966e44f86b0bbcf3f4050-sock
java_class_path (initial): c:\Users\HP.MYLAPTOP1.000\.antigravity\extensions\redhat.java-1.50.0-win32-x64\server\plugins\org.eclipse.equinox.launcher_1.7.100.v20251111-0406.jar
Launcher Type: SUN_STANDARD

[Global flags]
    uintx AdaptiveSizePolicyWeight                 = 90                                        {product} {command line}
     intx CICompilerCount                          = 4                                         {product} {ergonomic}
    uintx GCTimeRatio                              = 4                                         {product} {command line}
   size_t InitialHeapSize                          = 104857600                                 {product} {command line}
   size_t MaxHeapSize                              = 2147483648                                {product} {command line}
   size_t MaxNewSize                               = 715653120                                 {product} {ergonomic}
   size_t MinHeapDeltaBytes                        = 524288                                    {product} {ergonomic}
   size_t MinHeapSize                              = 104857600                                 {product} {command line}
   size_t NewSize                                  = 34603008                                  {product} {ergonomic}
    uintx NonNMethodCodeHeapSize                   = 5839372                                {pd product} {ergonomic}
    uintx NonProfiledCodeHeapSize                  = 122909434                              {pd product} {ergonomic}
   size_t OldSize                                  = 70254592                                  {product} {ergonomic}
    uintx ProfiledCodeHeapSize                     = 122909434                              {pd product} {ergonomic}
    uintx ReservedCodeCacheSize                    = 251658240                              {pd product} {ergonomic}
     bool SegmentedCodeCache                       = true                                      {product} {ergonomic}
   size_t SoftMaxHeapSize                          = 2147483648                             {manageable} {ergonomic}
     bool UseCompressedOops                        = true                           {product lp64_product} {ergonomic}
     bool UseLargePagesIndividualAllocation        = false                                  {pd product} {ergonomic}
     bool UseParallelGC                            = true                                      {product} {command line}

Logging:
Log output configuration:
 #0: stdout all=off uptime,level,tags foldmultilines=false
 #1: stderr all=off uptime,level,tags foldmultilines=false

Release file:
JAVA_VERSION="21.0.9" 
MODULES="java.base java.compiler java.datatransfer java.xml java.prefs java.desktop java.instrument java.logging java.management java.security.sasl java.naming java.rmi java.management.rmi java.net.http java.scripting java.security.jgss java.transaction.xa java.sql java.sql.rowset java.xml.crypto java.se java.smartcardio jdk.accessibility jdk.internal.jvmstat jdk.attach jdk.charsets jdk.internal.opt jdk.zipfs jdk.compiler jdk.crypto.ec jdk.crypto.cryptoki jdk.crypto.mscapi jdk.dynalink jdk.internal.ed jdk.editpad jdk.hotspot.agent jdk.httpserver jdk.internal.le jdk.internal.vm.ci jdk.internal.vm.compiler jdk.internal.vm.compiler.management jdk.jartool jdk.javadoc jdk.jcmd jdk.management jdk.management.agent jdk.jconsole jdk.jdeps jdk.jdwp.agent jdk.jdi jdk.jfr jdk.jshell jdk.jsobject jdk.jstatd jdk.localedata jdk.management.jfr jdk.naming.dns jdk.naming.rmi jdk.net jdk.nio.mapmode jdk.random jdk.sctp jdk.security.auth jdk.security.jgss jdk.unsupported jdk.unsupported.desktop jdk.xml.dom" 

Environment Variables:
PATH=C:\Program Files\Common Files\Oracle\Java\javapath;C:\ProgramData\Oracle\Java\javapath;C:\Program Files (x86)\Common Files\Oracle\Java\java8path;C:\Program Files (x86)\Common Files\Oracle\Java\javapath;C:\WINDOWS\system32;C:\WINDOWS;C:\WINDOWS\System32\Wbem;C:\WINDOWS\System32\WindowsPowerShell\v1.0\;C:\WINDOWS\System32\OpenSSH\;C:\Program Files (x86)\PuTTY\;C:\Users\HP\AppData\Local\nvm;C:\nvm4w\nodejs;C:\ProgramData\Microsoft\Windows\Start Menu\Programs;C:\Program Files\nodejs\;C:\Program Files\dotnet\;C:\Program Files\Git\cmd;C:\Program Files\MySQL\MySQL Server 8.0\bin;C:\Program Files\Microsoft SQL Server\Client SDK\ODBC\170\Tools\Binn\;C:\Program Files (x86)\Microsoft SQL Server\160\Tools\Binn\;C:\Program Files\Microsoft SQL Server\160\Tools\Binn\;C:\Program Files\Microsoft SQL Server\160\DTS\Binn\;C:\Program Files\cursor\resources\app\bin;C:\Program Files\Microsoft SQL Server\150\Tools\Binn\;C:\Users\HP.MYLAPTOP1.000\AppData\Local\Microsoft\WindowsApps;C:\Users\HP.MYLAPTOP1.000\AppData\Local\Programs\Microsoft VS Code\bin
USERNAME=HP
OS=Windows_NT
PROCESSOR_IDENTIFIER=Intel64 Family 6 Model 142 Stepping 10, GenuineIntel
TMP=C:\Users\HPMYLA~1.000\AppData\Local\Temp
TEMP=C:\Users\HPMYLA~1.000\AppData\Local\Temp




Periodic native trim disabled

---------------  S Y S T E M  ---------------

OS:
 Windows 11 , 64 bit Build 26100 (10.0.26100.7309)
OS uptime: 0 days 7:05 hours

CPU: total 8 (initial active 8) (4 cores per cpu, 2 threads per core) family 6 model 142 stepping 10 microcode 0xf6, cx8, cmov, fxsr, ht, mmx, 3dnowpref, sse, sse2, sse3, ssse3, sse4.1, sse4.2, popcnt, lzcnt, tsc, tscinvbit, avx, avx2, aes, erms, clmul, bmi1, bmi2, adx, fma, vzeroupper, clflush, clflushopt, rdtscp, f16c
Processor Information for the first 8 processors :
  Max Mhz: 1992, Current Mhz: 1494, Mhz Limit: 1792

Memory: 4k page, system-wide physical 8035M (1460M free)
TotalPageFile size 12131M (AvailPageFile size 3M)
current process WorkingSet (physical memory assigned to process): 99M, peak: 100M
current process commit charge ("private bytes"): 245M, peak: 246M

vm_info: OpenJDK 64-Bit Server VM (21.0.9+10-LTS) for windows-amd64 JRE (21.0.9+10-LTS), built on 2025-10-21T00:00:00Z by "admin" with unknown MS VC++:1942

END.
