#
# There is insufficient memory for the Java Runtime Environment to continue.
# Native memory allocation (malloc) failed to allocate 341456 bytes for Chunk::new
# Possible reasons:
#   The system is out of physical RAM or swap space
#   The process is running with CompressedOops enabled, and the Java Heap may be blocking the growth of the native heap
# Possible solutions:
#   Reduce memory load on the system
#   Increase physical memory or swap space
#   Check if swap backing store is full
#   Decrease Java heap size (-Xmx/-Xms)
#   Decrease number of Java threads
#   Decrease Java thread stack sizes (-Xss)
#   Set larger code cache with -XX:ReservedCodeCacheSize=
#   JVM is running with Unscaled Compressed Oops mode in which the Java heap is
#     placed in the first 4GB address space. The Java Heap base address is the
#     maximum limit for the native heap growth. Please use -XX:HeapBaseMinAddress
#     to set the Java Heap base and to place the Java Heap above 4GB virtual address.
# This output file may be truncated or incomplete.
#
#  Out of Memory Error (arena.cpp:189), pid=18184, tid=15648
#
# JRE version: Java(TM) SE Runtime Environment (17.0.12+8) (build 17.0.12+8-LTS-286)
# Java VM: Java HotSpot(TM) 64-Bit Server VM (17.0.12+8-LTS-286, mixed mode, sharing, tiered, compressed oops, compressed class ptrs, g1 gc, windows-amd64)
# No core dump will be written. Minidumps are not enabled by default on client versions of Windows
#

---------------  S U M M A R Y ------------

Command Line: -javaagent:C:\Program Files\JetBrains\IntelliJ IDEA Community Edition 2024.2.3\lib\idea_rt.jar=58124:C:\Program Files\JetBrains\IntelliJ IDEA Community Edition 2024.2.3\bin -Dfile.encoding=UTF-8 com.example.mentalhealth.MentalHealthApplication

Host: Intel(R) Core(TM) i7-8550U CPU @ 1.80GHz, 8 cores, 7G,  Windows 11 , 64 bit Build 26100 (10.0.26100.7309)
Time: Fri Dec 12 11:54:28 2025 Egypt Standard Time elapsed time: 29.939090 seconds (0d 0h 0m 29s)

---------------  T H R E A D  ---------------

Current thread (0x000001ded4fd1b90):  JavaThread "C2 CompilerThread0" daemon [_thread_in_native, id=15648, stack(0x0000001e95a00000,0x0000001e95b00000)]


Current CompileTask:
C2:  29939 5273 %     4       java.util.Properties$LineReader::readLine @ 293 (584 bytes)

Stack: [0x0000001e95a00000,0x0000001e95b00000]
Native frames: (J=compiled Java code, j=interpreted, Vv=VM code, C=native code)
V  [jvm.dll+0x67a04a]
V  [jvm.dll+0x7da4ed]
V  [jvm.dll+0x7dbe33]
V  [jvm.dll+0x7dc4a3]
V  [jvm.dll+0x24508f]
V  [jvm.dll+0xab773]
V  [jvm.dll+0xabd3c]
V  [jvm.dll+0x361bee]
V  [jvm.dll+0x32c431]
V  [jvm.dll+0x32b8ca]
V  [jvm.dll+0x21683f]
V  [jvm.dll+0x215c6f]
V  [jvm.dll+0x1a2960]
V  [jvm.dll+0x22610b]
V  [jvm.dll+0x2242ab]
V  [jvm.dll+0x79075c]
V  [jvm.dll+0x78abea]
V  [jvm.dll+0x678f35]
C  [ucrtbase.dll+0x37b0]
C  [KERNEL32.DLL+0x2e8d7]
C  [ntdll.dll+0x8c53c]


---------------  P R O C E S S  ---------------

Threads class SMR info:
_java_thread_list=0x000001df1f0561e0, length=30, elements={
0x000001ded4faafd0, 0x000001ded4faca20, 0x000001ded4fc0940, 0x000001ded4fc3220,
0x000001ded4fc5670, 0x000001ded4fc6ab0, 0x000001ded4fd1b90, 0x000001ded4fe2570,
0x000001ded4fe2e80, 0x000001ded4f953a0, 0x000001ded5450950, 0x000001ded5450e30,
0x000001df1e273a40, 0x000001df1b6fc9c0, 0x000001df1d5e3010, 0x000001df1b4c05b0,
0x000001df1b4c2920, 0x000001df1b4c14e0, 0x000001df1b4c2410, 0x000001df1b4c2e30,
0x000001df1b4bf680, 0x000001ded5244bf0, 0x000001ded52446e0, 0x000001ded5245100,
0x000001ded52488b0, 0x000001ded5247980, 0x000001ded5248dc0, 0x000001ded5247470,
0x000001ded5245b20, 0x000001ded5246f60
}

Java Threads: ( => current thread )
  0x000001ded4faafd0 JavaThread "Reference Handler" daemon [_thread_blocked, id=6320, stack(0x0000001e95400000,0x0000001e95500000)]
  0x000001ded4faca20 JavaThread "Finalizer" daemon [_thread_blocked, id=17456, stack(0x0000001e95500000,0x0000001e95600000)]
  0x000001ded4fc0940 JavaThread "Signal Dispatcher" daemon [_thread_blocked, id=18212, stack(0x0000001e95600000,0x0000001e95700000)]
  0x000001ded4fc3220 JavaThread "Attach Listener" daemon [_thread_blocked, id=18272, stack(0x0000001e95700000,0x0000001e95800000)]
  0x000001ded4fc5670 JavaThread "Service Thread" daemon [_thread_blocked, id=18328, stack(0x0000001e95800000,0x0000001e95900000)]
  0x000001ded4fc6ab0 JavaThread "Monitor Deflation Thread" daemon [_thread_blocked, id=11760, stack(0x0000001e95900000,0x0000001e95a00000)]
=>0x000001ded4fd1b90 JavaThread "C2 CompilerThread0" daemon [_thread_in_native, id=15648, stack(0x0000001e95a00000,0x0000001e95b00000)]
  0x000001ded4fe2570 JavaThread "C1 CompilerThread0" daemon [_thread_blocked, id=3248, stack(0x0000001e95b00000,0x0000001e95c00000)]
  0x000001ded4fe2e80 JavaThread "Sweeper thread" daemon [_thread_blocked, id=15432, stack(0x0000001e95c00000,0x0000001e95d00000)]
  0x000001ded4f953a0 JavaThread "Common-Cleaner" daemon [_thread_blocked, id=5736, stack(0x0000001e95d00000,0x0000001e95e00000)]
  0x000001ded5450950 JavaThread "Monitor Ctrl-Break" daemon [_thread_in_native, id=1020, stack(0x0000001e95f00000,0x0000001e96000000)]
  0x000001ded5450e30 JavaThread "Notification Thread" daemon [_thread_blocked, id=1660, stack(0x0000001e96000000,0x0000001e96100000)]
  0x000001df1e273a40 JavaThread "Catalina-utility-1" [_thread_blocked, id=18132, stack(0x0000001e96b00000,0x0000001e96c00000)]
  0x000001df1b6fc9c0 JavaThread "Catalina-utility-2" [_thread_blocked, id=17352, stack(0x0000001e96c00000,0x0000001e96d00000)]
  0x000001df1d5e3010 JavaThread "container-0" [_thread_blocked, id=16536, stack(0x0000001e96d00000,0x0000001e96e00000)]
  0x000001df1b4c05b0 JavaThread "PostgreSQL-JDBC-Cleaner" daemon [_thread_blocked, id=9944, stack(0x0000001e96f00000,0x0000001e97000000)]
  0x000001df1b4c2920 JavaThread "HikariPool-1:housekeeper" daemon [_thread_blocked, id=17856, stack(0x0000001e97000000,0x0000001e97100000)]
  0x000001df1b4c14e0 JavaThread "http-nio-8080-exec-1" daemon [_thread_in_vm, id=8464, stack(0x0000001e97200000,0x0000001e97300000)]
  0x000001df1b4c2410 JavaThread "http-nio-8080-exec-2" daemon [_thread_blocked, id=18224, stack(0x0000001e97300000,0x0000001e97400000)]
  0x000001df1b4c2e30 JavaThread "http-nio-8080-exec-3" daemon [_thread_blocked, id=9876, stack(0x0000001e97400000,0x0000001e97500000)]
  0x000001df1b4bf680 JavaThread "http-nio-8080-exec-4" daemon [_thread_blocked, id=16000, stack(0x0000001e97500000,0x0000001e97600000)]
  0x000001ded5244bf0 JavaThread "http-nio-8080-exec-5" daemon [_thread_blocked, id=9948, stack(0x0000001e97600000,0x0000001e97700000)]
  0x000001ded52446e0 JavaThread "http-nio-8080-exec-6" daemon [_thread_blocked, id=13200, stack(0x0000001e97700000,0x0000001e97800000)]
  0x000001ded5245100 JavaThread "http-nio-8080-exec-7" daemon [_thread_blocked, id=15512, stack(0x0000001e97800000,0x0000001e97900000)]
  0x000001ded52488b0 JavaThread "http-nio-8080-exec-8" daemon [_thread_blocked, id=18080, stack(0x0000001e97900000,0x0000001e97a00000)]
  0x000001ded5247980 JavaThread "http-nio-8080-exec-9" daemon [_thread_blocked, id=2716, stack(0x0000001e97a00000,0x0000001e97b00000)]
  0x000001ded5248dc0 JavaThread "http-nio-8080-exec-10" daemon [_thread_blocked, id=1696, stack(0x0000001e97b00000,0x0000001e97c00000)]
  0x000001ded5247470 JavaThread "http-nio-8080-Poller" daemon [_thread_in_native, id=9520, stack(0x0000001e97c00000,0x0000001e97d00000)]
  0x000001ded5245b20 JavaThread "http-nio-8080-Acceptor" daemon [_thread_in_native, id=11168, stack(0x0000001e97d00000,0x0000001e97e00000)]
  0x000001ded5246f60 JavaThread "DestroyJavaVM" [_thread_blocked, id=5636, stack(0x0000001e94d00000,0x0000001e94e00000)]

Other Threads:
  0x000001ded4fa5aa0 VMThread "VM Thread" [stack: 0x0000001e95300000,0x0000001e95400000] [id=17424]
  0x000001deb6f86690 WatcherThread [stack: 0x0000001e96100000,0x0000001e96200000] [id=5532]
  0x000001deb6f6a970 GCTaskThread "GC Thread#0" [stack: 0x0000001e94e00000,0x0000001e94f00000] [id=11044]
  0x000001df1b1ca830 GCTaskThread "GC Thread#1" [stack: 0x0000001e96200000,0x0000001e96300000] [id=16036]
  0x000001df1b1f6950 GCTaskThread "GC Thread#2" [stack: 0x0000001e96300000,0x0000001e96400000] [id=17716]
  0x000001df1b1308a0 GCTaskThread "GC Thread#3" [stack: 0x0000001e96400000,0x0000001e96500000] [id=15960]
  0x000001ded59d24a0 GCTaskThread "GC Thread#4" [stack: 0x0000001e96500000,0x0000001e96600000] [id=18364]
  0x000001ded591a1a0 GCTaskThread "GC Thread#5" [stack: 0x0000001e96600000,0x0000001e96700000] [id=16844]
  0x000001df1b8ff3e0 GCTaskThread "GC Thread#6" [stack: 0x0000001e96800000,0x0000001e96900000] [id=16316]
  0x000001df1b573c70 GCTaskThread "GC Thread#7" [stack: 0x0000001e96900000,0x0000001e96a00000] [id=1072]
  0x000001deb6f7cff0 ConcurrentGCThread "G1 Main Marker" [stack: 0x0000001e94f00000,0x0000001e95000000] [id=13032]
  0x000001deb6f7e0b0 ConcurrentGCThread "G1 Conc#0" [stack: 0x0000001e95000000,0x0000001e95100000] [id=15704]
  0x000001df1b53e4b0 ConcurrentGCThread "G1 Conc#1" [stack: 0x0000001e96700000,0x0000001e96800000] [id=16984]
  0x000001ded4e5a100 ConcurrentGCThread "G1 Refine#0" [stack: 0x0000001e95100000,0x0000001e95200000] [id=15660]
  0x000001ded4e5b7f0 ConcurrentGCThread "G1 Service" [stack: 0x0000001e95200000,0x0000001e95300000] [id=13740]

Threads with active compile tasks:
C2 CompilerThread0    30014 5273 %     4       java.util.Properties$LineReader::readLine @ 293 (584 bytes)

VM state: not at safepoint (normal execution)

VM Mutex/Monitor currently owned by a thread: None

Heap address: 0x0000000082600000, size: 2010 MB, Compressed Oops mode: 32-bit

CDS archive(s) mapped at: [0x000001ded6000000-0x000001ded6bd0000-0x000001ded6bd0000), size 12386304, SharedBaseAddress: 0x000001ded6000000, ArchiveRelocationMode: 1.
Compressed class space mapped at: 0x000001ded7000000-0x000001df17000000, reserved size: 1073741824
Narrow klass base: 0x000001ded6000000, Narrow klass shift: 0, Narrow klass range: 0x100000000

GC Precious Log:
 CPUs: 8 total, 8 available
 Memory: 8035M
 Large Page Support: Disabled
 NUMA Support: Disabled
 Compressed Oops: Enabled (32-bit)
 Heap Region Size: 1M
 Heap Min Capacity: 8M
 Heap Initial Capacity: 126M
 Heap Max Capacity: 2010M
 Pre-touch: Disabled
 Parallel Workers: 8
 Concurrent Workers: 2
 Concurrent Refinement Workers: 8
 Periodic GC: Disabled

Heap:
 garbage-first heap   total 51200K, used 35110K [0x0000000082600000, 0x0000000100000000)
  region size 1024K, 11 young (11264K), 3 survivors (3072K)
 Metaspace       used 63725K, committed 64320K, reserved 1114112K
  class space    used 8906K, committed 9216K, reserved 1048576K

Heap Regions: E=young(eden), S=young(survivor), O=old, HS=humongous(starts), HC=humongous(continues), CS=collection set, F=free, OA=open archive, CA=closed archive, TAMS=top-at-mark-start (previous, next)
|   0|0x0000000082600000, 0x0000000082700000, 0x0000000082700000|100%|HS|  |TAMS 0x0000000082700000, 0x0000000082600000| Complete 
|   1|0x0000000082700000, 0x0000000082800000, 0x0000000082800000|100%|HS|  |TAMS 0x0000000082800000, 0x0000000082700000| Complete 
|   2|0x0000000082800000, 0x0000000082900000, 0x0000000082900000|100%| O|  |TAMS 0x0000000082900000, 0x0000000082800000| Untracked 
|   3|0x0000000082900000, 0x0000000082a00000, 0x0000000082a00000|100%| O|  |TAMS 0x0000000082a00000, 0x0000000082900000| Untracked 
|   4|0x0000000082a00000, 0x0000000082b00000, 0x0000000082b00000|100%| O|  |TAMS 0x0000000082b00000, 0x0000000082a00000| Untracked 
|   5|0x0000000082b00000, 0x0000000082c00000, 0x0000000082c00000|100%| O|  |TAMS 0x0000000082c00000, 0x0000000082b00000| Untracked 
|   6|0x0000000082c00000, 0x0000000082d00000, 0x0000000082d00000|100%| O|  |TAMS 0x0000000082d00000, 0x0000000082c00000| Untracked 
|   7|0x0000000082d00000, 0x0000000082e00000, 0x0000000082e00000|100%| O|  |TAMS 0x0000000082e00000, 0x0000000082d00000| Untracked 
|   8|0x0000000082e00000, 0x0000000082f00000, 0x0000000082f00000|100%| O|  |TAMS 0x0000000082f00000, 0x0000000082e00000| Untracked 
|   9|0x0000000082f00000, 0x0000000083000000, 0x0000000083000000|100%| O|  |TAMS 0x0000000083000000, 0x0000000082f00000| Untracked 
|  10|0x0000000083000000, 0x0000000083100000, 0x0000000083100000|100%| O|  |TAMS 0x0000000083100000, 0x0000000083000000| Untracked 
|  11|0x0000000083100000, 0x0000000083200000, 0x0000000083200000|100%| O|  |TAMS 0x0000000083200000, 0x0000000083100000| Untracked 
|  12|0x0000000083200000, 0x0000000083300000, 0x0000000083300000|100%| O|  |TAMS 0x0000000083300000, 0x0000000083200000| Untracked 
|  13|0x0000000083300000, 0x0000000083400000, 0x0000000083400000|100%| O|  |TAMS 0x0000000083400000, 0x0000000083300000| Untracked 
|  14|0x0000000083400000, 0x0000000083500000, 0x0000000083500000|100%| O|  |TAMS 0x0000000083500000, 0x0000000083400000| Untracked 
|  15|0x0000000083500000, 0x0000000083600000, 0x0000000083600000|100%| O|  |TAMS 0x0000000083600000, 0x0000000083500000| Untracked 
|  16|0x0000000083600000, 0x0000000083700000, 0x0000000083700000|100%| O|  |TAMS 0x0000000083700000, 0x0000000083600000| Untracked 
|  17|0x0000000083700000, 0x0000000083800000, 0x0000000083800000|100%| O|  |TAMS 0x0000000083800000, 0x0000000083700000| Untracked 
|  18|0x0000000083800000, 0x0000000083900000, 0x0000000083900000|100%| O|  |TAMS 0x0000000083900000, 0x0000000083800000| Untracked 
|  19|0x0000000083900000, 0x0000000083a00000, 0x0000000083a00000|100%| O|  |TAMS 0x0000000083a00000, 0x0000000083900000| Untracked 
|  20|0x0000000083a00000, 0x0000000083b00000, 0x0000000083b00000|100%| O|  |TAMS 0x0000000083b00000, 0x0000000083a00000| Untracked 
|  21|0x0000000083b00000, 0x0000000083c00000, 0x0000000083c00000|100%| O|  |TAMS 0x0000000083b9d600, 0x0000000083b00000| Untracked 
|  22|0x0000000083c00000, 0x0000000083d00000, 0x0000000083d00000|100%| O|  |TAMS 0x0000000083c00000, 0x0000000083c00000| Untracked 
|  23|0x0000000083d00000, 0x0000000083e00000, 0x0000000083e00000|100%| O|  |TAMS 0x0000000083d00000, 0x0000000083d00000| Untracked 
|  24|0x0000000083e00000, 0x0000000083e58000, 0x0000000083f00000| 34%| O|  |TAMS 0x0000000083e00000, 0x0000000083e00000| Untracked 
|  25|0x0000000083f00000, 0x0000000083f00000, 0x0000000084000000|  0%| F|  |TAMS 0x0000000083f00000, 0x0000000083f00000| Untracked 
|  26|0x0000000084000000, 0x0000000084000000, 0x0000000084100000|  0%| F|  |TAMS 0x0000000084000000, 0x0000000084000000| Untracked 
|  27|0x0000000084100000, 0x0000000084100000, 0x0000000084200000|  0%| F|  |TAMS 0x0000000084100000, 0x0000000084100000| Untracked 
|  28|0x0000000084200000, 0x0000000084200000, 0x0000000084300000|  0%| F|  |TAMS 0x0000000084200000, 0x0000000084200000| Untracked 
|  29|0x0000000084300000, 0x0000000084300000, 0x0000000084400000|  0%| F|  |TAMS 0x0000000084300000, 0x0000000084300000| Untracked 
|  30|0x0000000084400000, 0x0000000084400000, 0x0000000084500000|  0%| F|  |TAMS 0x0000000084400000, 0x0000000084400000| Untracked 
|  31|0x0000000084500000, 0x0000000084500000, 0x0000000084600000|  0%| F|  |TAMS 0x0000000084500000, 0x0000000084500000| Untracked 
|  32|0x0000000084600000, 0x00000000846f1860, 0x0000000084700000| 94%| S|CS|TAMS 0x0000000084600000, 0x0000000084600000| Complete 
|  33|0x0000000084700000, 0x0000000084700000, 0x0000000084800000|  0%| F|  |TAMS 0x0000000084700000, 0x0000000084700000| Untracked 
|  34|0x0000000084800000, 0x0000000084900000, 0x0000000084900000|100%| S|CS|TAMS 0x0000000084800000, 0x0000000084800000| Complete 
|  35|0x0000000084900000, 0x0000000084a00000, 0x0000000084a00000|100%| S|CS|TAMS 0x0000000084900000, 0x0000000084900000| Complete 
|  36|0x0000000084a00000, 0x0000000084a00000, 0x0000000084b00000|  0%| F|  |TAMS 0x0000000084a00000, 0x0000000084a00000| Untracked 
|  37|0x0000000084b00000, 0x0000000084b00000, 0x0000000084c00000|  0%| F|  |TAMS 0x0000000084b00000, 0x0000000084b00000| Untracked 
|  38|0x0000000084c00000, 0x0000000084c00000, 0x0000000084d00000|  0%| F|  |TAMS 0x0000000084c00000, 0x0000000084c00000| Untracked 
|  39|0x0000000084d00000, 0x0000000084d00000, 0x0000000084e00000|  0%| F|  |TAMS 0x0000000084d00000, 0x0000000084d00000| Untracked 
|  40|0x0000000084e00000, 0x0000000084e00000, 0x0000000084f00000|  0%| F|  |TAMS 0x0000000084e00000, 0x0000000084e00000| Untracked 
|  41|0x0000000084f00000, 0x0000000084f00000, 0x0000000085000000|  0%| F|  |TAMS 0x0000000084f00000, 0x0000000084f00000| Untracked 
|  42|0x0000000085000000, 0x0000000085046b20, 0x0000000085100000| 27%| E|  |TAMS 0x0000000085000000, 0x0000000085000000| Complete 
|  77|0x0000000087300000, 0x0000000087400000, 0x0000000087400000|100%| E|CS|TAMS 0x0000000087300000, 0x0000000087300000| Complete 
|  78|0x0000000087400000, 0x0000000087500000, 0x0000000087500000|100%| E|CS|TAMS 0x0000000087400000, 0x0000000087400000| Complete 
|  79|0x0000000087500000, 0x0000000087600000, 0x0000000087600000|100%| E|CS|TAMS 0x0000000087500000, 0x0000000087500000| Complete 
|  80|0x0000000087600000, 0x0000000087700000, 0x0000000087700000|100%| E|CS|TAMS 0x0000000087600000, 0x0000000087600000| Complete 
|  81|0x0000000087700000, 0x0000000087800000, 0x0000000087800000|100%| E|CS|TAMS 0x0000000087700000, 0x0000000087700000| Complete 
|  82|0x0000000087800000, 0x0000000087900000, 0x0000000087900000|100%| E|CS|TAMS 0x0000000087800000, 0x0000000087800000| Complete 
| 125|0x000000008a300000, 0x000000008a400000, 0x000000008a400000|100%| E|CS|TAMS 0x000000008a300000, 0x000000008a300000| Complete 

Card table byte_map: [0x000001decdee0000,0x000001dece2d0000] _byte_map_base: 0x000001decdacd000

Marking Bits (Prev, Next): (CMBitMap*) 0x000001deb6f6bef0, (CMBitMap*) 0x000001deb6f6beb0
 Prev Bits: [0x000001ded0630000, 0x000001ded2598000)
 Next Bits: [0x000001dece6c0000, 0x000001ded0628000)

Polling page: 0x000001deb50a0000

Metaspace:

Usage:
  Non-class:     53.54 MB used.
      Class:      8.70 MB used.
       Both:     62.23 MB used.

Virtual space:
  Non-class space:       64.00 MB reserved,      53.81 MB ( 84%) committed,  1 nodes.
      Class space:        1.00 GB reserved,       9.00 MB ( <1%) committed,  1 nodes.
             Both:        1.06 GB reserved,      62.81 MB (  6%) committed. 

Chunk freelists:
   Non-Class:  9.36 MB
       Class:  6.92 MB
        Both:  16.28 MB

MaxMetaspaceSize: unlimited
CompressedClassSpaceSize: 1.00 GB
Initial GC threshold: 21.00 MB
Current GC threshold: 98.56 MB
CDS: on
MetaspaceReclaimPolicy: balanced
 - commit_granule_bytes: 65536.
 - commit_granule_words: 8192.
 - virtual_space_node_default_size: 8388608.
 - enlarge_chunks_in_place: 1.
 - new_chunks_are_fully_committed: 0.
 - uncommit_free_chunks: 1.
 - use_allocation_guard: 0.
 - handle_deallocations: 1.


Internal statistics:

num_allocs_failed_limit: 9.
num_arena_births: 750.
num_arena_deaths: 0.
num_vsnodes_births: 2.
num_vsnodes_deaths: 0.
num_space_committed: 1005.
num_space_uncommitted: 0.
num_chunks_returned_to_freelist: 9.
num_chunks_taken_from_freelist: 3091.
num_chunk_merges: 9.
num_chunk_splits: 2252.
num_chunks_enlarged: 1788.
num_inconsistent_stats: 0.

CodeHeap 'non-profiled nmethods': size=120000Kb used=3293Kb max_used=3392Kb free=116707Kb
 bounds [0x000001dec6290000, 0x000001dec6600000, 0x000001decd7c0000]
CodeHeap 'profiled nmethods': size=120000Kb used=8693Kb max_used=9936Kb free=111306Kb
 bounds [0x000001debe7c0000, 0x000001debf180000, 0x000001dec5cf0000]
CodeHeap 'non-nmethods': size=5760Kb used=1330Kb max_used=1387Kb free=4429Kb
 bounds [0x000001dec5cf0000, 0x000001dec5f60000, 0x000001dec6290000]
 total_blobs=5183 nmethods=4523 adapters=572
 compilation: enabled
              stopped_count=0, restarted_count=0
 full_count=0

Compilation events (20 events):
Event: 25.733 Thread 0x000001ded4fe2570 nmethod 5267 0x000001debf037690 code [0x000001debf037c40, 0x000001debf03b9c8]
Event: 25.733 Thread 0x000001ded4fe2570 5270       3       org.apache.coyote.http11.Http11InputBuffer::getHeaderByteBuffer (5 bytes)
Event: 25.734 Thread 0x000001ded4fe2570 nmethod 5270 0x000001debed5f410 code [0x000001debed5f5a0, 0x000001debed5f6b8]
Event: 25.734 Thread 0x000001ded4fe2570 5269       1       org.apache.coyote.http11.Http11InputBuffer::getByteBuffer (5 bytes)
Event: 25.734 Thread 0x000001ded4fe2570 nmethod 5269 0x000001dec62a6690 code [0x000001dec62a6820, 0x000001dec62a68f8]
Event: 25.734 Thread 0x000001ded4fe2570 5271       3       java.nio.HeapByteBuffer::put (17 bytes)
Event: 25.734 Thread 0x000001ded4fe2570 nmethod 5271 0x000001debf037190 code [0x000001debf037340, 0x000001debf037518]
Event: 25.734 Thread 0x000001ded4fe2570 5272   !   3       org.apache.tomcat.util.http.parser.HttpParser::isControl (9 bytes)
Event: 25.734 Thread 0x000001ded4fe2570 nmethod 5272 0x000001debf036b10 code [0x000001debf036ca0, 0x000001debf036e18]
Event: 26.846 Thread 0x000001ded4fd1b90 5273 %     4       java.util.Properties$LineReader::readLine @ 293 (584 bytes)
Event: 26.862 Thread 0x000001ded4fe2570 5274       3       org.springframework.beans.PropertyEditorRegistrySupport::useConfigValueEditors (6 bytes)
Event: 26.863 Thread 0x000001ded4fe2570 nmethod 5274 0x000001debedb6690 code [0x000001debedb6820, 0x000001debedb6938]
Event: 26.863 Thread 0x000001ded4fe2570 5275       3       org.springframework.beans.factory.support.AbstractBeanFactory$BeanFactoryDefaultEditorRegistrar::<init> (10 bytes)
Event: 26.864 Thread 0x000001ded4fe2570 nmethod 5275 0x000001debf035810 code [0x000001debf0359a0, 0x000001debf035b78]
Event: 26.864 Thread 0x000001ded4fe2570 5278       3       java.lang.StrictMath::floorOrCeil (128 bytes)
Event: 26.866 Thread 0x000001ded4fe2570 nmethod 5278 0x000001debf035090 code [0x000001debf035260, 0x000001debf0356f8]
Event: 26.866 Thread 0x000001ded4fe2570 5279       3       java.lang.Math::getExponent (17 bytes)
Event: 26.866 Thread 0x000001ded4fe2570 nmethod 5279 0x000001debf004810 code [0x000001debf0049a0, 0x000001debf004ad8]
Event: 26.882 Thread 0x000001ded4fe2570 5281       1       org.apache.tomcat.util.http.MimeHeaderField::getName (5 bytes)
Event: 26.883 Thread 0x000001ded4fe2570 nmethod 5281 0x000001dec62a6390 code [0x000001dec62a6520, 0x000001dec62a65f8]

GC Heap History (20 events):
Event: 6.066 GC heap before
{Heap before GC invocations=6 (full 0):
 garbage-first heap   total 51200K, used 35812K [0x0000000082600000, 0x0000000100000000)
  region size 1024K, 20 young (20480K), 1 survivors (1024K)
 Metaspace       used 29541K, committed 30016K, reserved 1114112K
  class space    used 3814K, committed 4032K, reserved 1048576K
}
Event: 6.073 GC heap after
{Heap after GC invocations=7 (full 0):
 garbage-first heap   total 51200K, used 17685K [0x0000000082600000, 0x0000000100000000)
  region size 1024K, 2 young (2048K), 2 survivors (2048K)
 Metaspace       used 29541K, committed 30016K, reserved 1114112K
  class space    used 3814K, committed 4032K, reserved 1048576K
}
Event: 6.934 GC heap before
{Heap before GC invocations=7 (full 0):
 garbage-first heap   total 51200K, used 37141K [0x0000000082600000, 0x0000000100000000)
  region size 1024K, 21 young (21504K), 2 survivors (2048K)
 Metaspace       used 33905K, committed 34368K, reserved 1114112K
  class space    used 4529K, committed 4736K, reserved 1048576K
}
Event: 6.939 GC heap after
{Heap after GC invocations=8 (full 0):
 garbage-first heap   total 51200K, used 18956K [0x0000000082600000, 0x0000000100000000)
  region size 1024K, 2 young (2048K), 2 survivors (2048K)
 Metaspace       used 33905K, committed 34368K, reserved 1114112K
  class space    used 4529K, committed 4736K, reserved 1048576K
}
Event: 7.265 GC heap before
{Heap before GC invocations=8 (full 0):
 garbage-first heap   total 51200K, used 28172K [0x0000000082600000, 0x0000000100000000)
  region size 1024K, 12 young (12288K), 2 survivors (2048K)
 Metaspace       used 35551K, committed 35968K, reserved 1114112K
  class space    used 4884K, committed 5120K, reserved 1048576K
}
Event: 7.269 GC heap after
{Heap after GC invocations=9 (full 0):
 garbage-first heap   total 51200K, used 19766K [0x0000000082600000, 0x0000000100000000)
  region size 1024K, 3 young (3072K), 3 survivors (3072K)
 Metaspace       used 35551K, committed 35968K, reserved 1114112K
  class space    used 4884K, committed 5120K, reserved 1048576K
}
Event: 8.107 GC heap before
{Heap before GC invocations=10 (full 0):
 garbage-first heap   total 51200K, used 37174K [0x0000000082600000, 0x0000000100000000)
  region size 1024K, 21 young (21504K), 3 survivors (3072K)
 Metaspace       used 40319K, committed 40768K, reserved 1114112K
  class space    used 5634K, committed 5824K, reserved 1048576K
}
Event: 8.112 GC heap after
{Heap after GC invocations=11 (full 0):
 garbage-first heap   total 51200K, used 20996K [0x0000000082600000, 0x0000000100000000)
  region size 1024K, 3 young (3072K), 3 survivors (3072K)
 Metaspace       used 40319K, committed 40768K, reserved 1114112K
  class space    used 5634K, committed 5824K, reserved 1048576K
}
Event: 8.903 GC heap before
{Heap before GC invocations=11 (full 0):
 garbage-first heap   total 51200K, used 38404K [0x0000000082600000, 0x0000000100000000)
  region size 1024K, 21 young (21504K), 3 survivors (3072K)
 Metaspace       used 45081K, committed 45568K, reserved 1114112K
  class space    used 6206K, committed 6464K, reserved 1048576K
}
Event: 8.908 GC heap after
{Heap after GC invocations=12 (full 0):
 garbage-first heap   total 51200K, used 22372K [0x0000000082600000, 0x0000000100000000)
  region size 1024K, 3 young (3072K), 3 survivors (3072K)
 Metaspace       used 45081K, committed 45568K, reserved 1114112K
  class space    used 6206K, committed 6464K, reserved 1048576K
}
Event: 9.417 GC heap before
{Heap before GC invocations=12 (full 0):
 garbage-first heap   total 51200K, used 38756K [0x0000000082600000, 0x0000000100000000)
  region size 1024K, 20 young (20480K), 3 survivors (3072K)
 Metaspace       used 50326K, committed 50816K, reserved 1114112K
  class space    used 6993K, committed 7232K, reserved 1048576K
}
Event: 9.421 GC heap after
{Heap after GC invocations=13 (full 0):
 garbage-first heap   total 51200K, used 22969K [0x0000000082600000, 0x0000000100000000)
  region size 1024K, 2 young (2048K), 2 survivors (2048K)
 Metaspace       used 50326K, committed 50816K, reserved 1114112K
  class space    used 6993K, committed 7232K, reserved 1048576K
}
Event: 9.992 GC heap before
{Heap before GC invocations=13 (full 0):
 garbage-first heap   total 51200K, used 41401K [0x0000000082600000, 0x0000000100000000)
  region size 1024K, 20 young (20480K), 2 survivors (2048K)
 Metaspace       used 54171K, committed 54720K, reserved 1114112K
  class space    used 7599K, committed 7872K, reserved 1048576K
}
Event: 9.995 GC heap after
{Heap after GC invocations=14 (full 0):
 garbage-first heap   total 51200K, used 23678K [0x0000000082600000, 0x0000000100000000)
  region size 1024K, 2 young (2048K), 2 survivors (2048K)
 Metaspace       used 54171K, committed 54720K, reserved 1114112K
  class space    used 7599K, committed 7872K, reserved 1048576K
}
Event: 10.672 GC heap before
{Heap before GC invocations=14 (full 0):
 garbage-first heap   total 51200K, used 40062K [0x0000000082600000, 0x0000000100000000)
  region size 1024K, 19 young (19456K), 2 survivors (2048K)
 Metaspace       used 57877K, committed 58432K, reserved 1114112K
  class space    used 8075K, committed 8320K, reserved 1048576K
}
Event: 10.677 GC heap after
{Heap after GC invocations=15 (full 0):
 garbage-first heap   total 51200K, used 25008K [0x0000000082600000, 0x0000000100000000)
  region size 1024K, 3 young (3072K), 3 survivors (3072K)
 Metaspace       used 57877K, committed 58432K, reserved 1114112K
  class space    used 8075K, committed 8320K, reserved 1048576K
}
Event: 11.265 GC heap before
{Heap before GC invocations=15 (full 0):
 garbage-first heap   total 51200K, used 40368K [0x0000000082600000, 0x0000000100000000)
  region size 1024K, 19 young (19456K), 3 survivors (3072K)
 Metaspace       used 59889K, committed 60416K, reserved 1114112K
  class space    used 8383K, committed 8640K, reserved 1048576K
}
Event: 11.273 GC heap after
{Heap after GC invocations=16 (full 0):
 garbage-first heap   total 51200K, used 26478K [0x0000000082600000, 0x0000000100000000)
  region size 1024K, 3 young (3072K), 3 survivors (3072K)
 Metaspace       used 59889K, committed 60416K, reserved 1114112K
  class space    used 8383K, committed 8640K, reserved 1048576K
}
Event: 11.944 GC heap before
{Heap before GC invocations=17 (full 0):
 garbage-first heap   total 51200K, used 40814K [0x0000000082600000, 0x0000000100000000)
  region size 1024K, 17 young (17408K), 3 survivors (3072K)
 Metaspace       used 61519K, committed 62080K, reserved 1114112K
  class space    used 8667K, committed 8896K, reserved 1048576K
}
Event: 11.950 GC heap after
{Heap after GC invocations=18 (full 0):
 garbage-first heap   total 51200K, used 27942K [0x0000000082600000, 0x0000000100000000)
  region size 1024K, 3 young (3072K), 3 survivors (3072K)
 Metaspace       used 61519K, committed 62080K, reserved 1114112K
  class space    used 8667K, committed 8896K, reserved 1048576K
}

Deoptimization events (20 events):
Event: 11.894 Thread 0x000001deb6f0e970 Uncommon trap: trap_request=0xffffff45 fr.pc=0x000001dec640e268 relative=0x0000000000000e08
Event: 11.894 Thread 0x000001deb6f0e970 Uncommon trap: reason=unstable_if action=reinterpret pc=0x000001dec640e268 method=sun.reflect.annotation.AnnotationInvocationHandler.invoke(Ljava/lang/Object;Ljava/lang/reflect/Method;[Ljava/lang/Object;)Ljava/lang/Object; @ 15 c2
Event: 11.894 Thread 0x000001deb6f0e970 DEOPT PACKING pc=0x000001dec640e268 sp=0x0000001e94dfdb20
Event: 11.894 Thread 0x000001deb6f0e970 DEOPT UNPACKING pc=0x000001dec5d423a3 sp=0x0000001e94dfdaf0 mode 2
Event: 11.894 Thread 0x000001deb6f0e970 Uncommon trap: trap_request=0xffffff45 fr.pc=0x000001dec65a98b8 relative=0x0000000000001bd8
Event: 11.894 Thread 0x000001deb6f0e970 Uncommon trap: reason=unstable_if action=reinterpret pc=0x000001dec65a98b8 method=org.springframework.core.annotation.AnnotationsScanner.processMethodAnnotations(Ljava/lang/Object;ILjava/lang/reflect/Method;Lorg/springframework/core/annotation/Annotations
Event: 11.894 Thread 0x000001deb6f0e970 DEOPT PACKING pc=0x000001dec65a98b8 sp=0x0000001e94dfdd30
Event: 11.895 Thread 0x000001deb6f0e970 DEOPT UNPACKING pc=0x000001dec5d423a3 sp=0x0000001e94dfdb00 mode 2
Event: 11.938 Thread 0x000001deb6f0e970 Uncommon trap: trap_request=0xffffff45 fr.pc=0x000001dec6464794 relative=0x0000000000001074
Event: 11.938 Thread 0x000001deb6f0e970 Uncommon trap: reason=unstable_if action=reinterpret pc=0x000001dec6464794 method=org.springframework.core.annotation.AnnotationsScanner.processClassInheritedAnnotations(Ljava/lang/Object;Ljava/lang/Class;Lorg/springframework/core/annotation/AnnotationsPr
Event: 11.939 Thread 0x000001deb6f0e970 DEOPT PACKING pc=0x000001dec6464794 sp=0x0000001e94dfeb30
Event: 11.939 Thread 0x000001deb6f0e970 DEOPT UNPACKING pc=0x000001dec5d423a3 sp=0x0000001e94dfe9d8 mode 2
Event: 11.957 Thread 0x000001deb6f0e970 Uncommon trap: trap_request=0xffffff45 fr.pc=0x000001dec62ff360 relative=0x0000000000000060
Event: 11.957 Thread 0x000001deb6f0e970 Uncommon trap: reason=unstable_if action=reinterpret pc=0x000001dec62ff360 method=org.springframework.util.ConcurrentReferenceHashMap$Segment.clear()V @ 7 c2
Event: 11.957 Thread 0x000001deb6f0e970 DEOPT PACKING pc=0x000001dec62ff360 sp=0x0000001e94dfeed0
Event: 11.957 Thread 0x000001deb6f0e970 DEOPT UNPACKING pc=0x000001dec5d423a3 sp=0x0000001e94dfee60 mode 2
Event: 20.066 Thread 0x000001df1b6fc9c0 Uncommon trap: trap_request=0xffffff45 fr.pc=0x000001dec6438090 relative=0x0000000000000190
Event: 20.066 Thread 0x000001df1b6fc9c0 Uncommon trap: reason=unstable_if action=reinterpret pc=0x000001dec6438090 method=java.util.concurrent.locks.ReentrantLock$NonfairSync.initialTryLock()Z @ 25 c2
Event: 20.067 Thread 0x000001df1b6fc9c0 DEOPT PACKING pc=0x000001dec6438090 sp=0x0000001e96cfefc0
Event: 20.067 Thread 0x000001df1b6fc9c0 DEOPT UNPACKING pc=0x000001dec5d423a3 sp=0x0000001e96cfef68 mode 2

Classes unloaded (0 events):
No events

Classes redefined (0 events):
No events

Internal exceptions (20 events):
Event: 10.054 Thread 0x000001deb6f0e970 Exception <a 'java/lang/NoSuchMethodError'{0x0000000087750f48}: 'java.lang.Object java.lang.invoke.DirectMethodHandle$Holder.invokeSpecial(java.lang.Object, java.lang.Object, java.lang.Object, java.lang.Object, java.lang.Object, java.lang.Object, java.lang.Object, java.lang.Object, java.lang.Object, java.lang.Object, java.lang.Object, java.lang.Object, java.lang.Object)'> (0x0000000087750f48) 
thrown [s\open\src\hotspot\share\interpreter\linkResolver.cpp, line 759]
Event: 10.054 Thread 0x000001deb6f0e970 Exception <a 'java/lang/NoSuchMethodError'{0x0000000087755f20}: 'java.lang.Object java.lang.invoke.Invokers$Holder.linkToTargetMethod(java.lang.Object, java.lang.Object, java.lang.Object, java.lang.Object, java.lang.Object, java.lang.Object, java.lang.Object, java.lang.Object, java.lang.Object, java.lang.Object, java.lang.Object, java.lang.Object)'> (0x0000000087755f20) 
thrown [s\open\src\hotspot\share\interpreter\linkResolver.cpp, line 759]
Event: 10.102 Thread 0x000001deb6f0e970 Exception <a 'java/lang/IncompatibleClassChangeError'{0x00000000876ff178}: Found class java.lang.Object, but interface was expected> (0x00000000876ff178) 
thrown [s\open\src\hotspot\share\interpreter\linkResolver.cpp, line 826]
Event: 10.122 Thread 0x000001deb6f0e970 Exception <a 'java/lang/NoSuchMethodError'{0x00000000875a2e90}: 'java.lang.Object java.lang.invoke.DirectMethodHandle$Holder.newInvokeSpecial(java.lang.Object, java.lang.Object, int, java.lang.Object, int, java.lang.Object, java.lang.Object)'> (0x00000000875a2e90) 
thrown [s\open\src\hotspot\share\interpreter\linkResolver.cpp, line 759]
Event: 10.137 Thread 0x000001deb6f0e970 Exception <a 'java/lang/NoSuchMethodError'{0x0000000087426ca8}: 'java.lang.Object java.lang.invoke.DirectMethodHandle$Holder.newInvokeSpecial(java.lang.Object, java.lang.Object, java.lang.Object, java.lang.Object, java.lang.Object, java.lang.Object, java.lang.Object, int)'> (0x0000000087426ca8) 
thrown [s\open\src\hotspot\share\interpreter\linkResolver.cpp, line 759]
Event: 10.138 Thread 0x000001deb6f0e970 Exception <a 'java/lang/NoSuchMethodError'{0x000000008742bca0}: 'java.lang.Object java.lang.invoke.DirectMethodHandle$Holder.invokeSpecial(java.lang.Object, java.lang.Object, java.lang.Object, java.lang.Object, java.lang.Object, java.lang.Object, java.lang.Object, java.lang.Object, int)'> (0x000000008742bca0) 
thrown [s\open\src\hotspot\share\interpreter\linkResolver.cpp, line 759]
Event: 10.138 Thread 0x000001deb6f0e970 Exception <a 'java/lang/NoSuchMethodError'{0x0000000087430768}: 'java.lang.Object java.lang.invoke.Invokers$Holder.linkToTargetMethod(java.lang.Object, java.lang.Object, java.lang.Object, java.lang.Object, java.lang.Object, java.lang.Object, int, java.lang.Object)'> (0x0000000087430768) 
thrown [s\open\src\hotspot\share\interpreter\linkResolver.cpp, line 759]
Event: 10.407 Thread 0x000001deb6f0e970 Implicit null exception at 0x000001dec651e9a0 to 0x000001dec651ecbe
Event: 10.639 Thread 0x000001deb6f0e970 Exception <a 'java/lang/IncompatibleClassChangeError'{0x000000008479dcf8}: Found class java.lang.Object, but interface was expected> (0x000000008479dcf8) 
thrown [s\open\src\hotspot\share\interpreter\linkResolver.cpp, line 826]
Event: 10.719 Thread 0x000001deb6f0e970 Exception <a 'java/lang/IncompatibleClassChangeError'{0x000000008788d038}: Found class java.lang.Object, but interface was expected> (0x000000008788d038) 
thrown [s\open\src\hotspot\share\interpreter\linkResolver.cpp, line 826]
Event: 11.283 Thread 0x000001deb6f0e970 Exception <a 'sun/nio/fs/WindowsException'{0x000000008a3431c0}> (0x000000008a3431c0) 
thrown [s\open\src\hotspot\share\prims\jni.cpp, line 516]
Event: 11.299 Thread 0x000001deb6f0e970 Exception <a 'java/lang/NoSuchMethodError'{0x000000008a3d1588}: 'java.lang.Object java.lang.invoke.DirectMethodHandle$Holder.invokeVirtual(java.lang.Object, java.lang.Object, java.lang.Object, int)'> (0x000000008a3d1588) 
thrown [s\open\src\hotspot\share\interpreter\linkResolver.cpp, line 759]
Event: 11.381 Thread 0x000001deb6f0e970 Exception <a 'java/lang/NoSuchMethodError'{0x00000000877b4180}: 'java.lang.Object java.lang.invoke.DirectMethodHandle$Holder.invokeVirtual(java.lang.Object, java.lang.Object, int)'> (0x00000000877b4180) 
thrown [s\open\src\hotspot\share\interpreter\linkResolver.cpp, line 759]
Event: 11.592 Thread 0x000001deb6f0e970 Exception <a 'java/lang/IncompatibleClassChangeError'{0x000000008731c950}: Found class java.lang.Object, but interface was expected> (0x000000008731c950) 
thrown [s\open\src\hotspot\share\interpreter\linkResolver.cpp, line 826]
Event: 11.869 Thread 0x000001deb6f0e970 Exception <a 'java/lang/IncompatibleClassChangeError'{0x0000000084cedf18}: Found class java.lang.Object, but interface was expected> (0x0000000084cedf18) 
thrown [s\open\src\hotspot\share\interpreter\linkResolver.cpp, line 826]
Event: 11.879 Thread 0x000001deb6f0e970 Implicit null exception at 0x000001dec63f6894 to 0x000001dec63f690c
Event: 11.967 Thread 0x000001deb6f0e970 Exception <a 'java/lang/NoSuchMethodError'{0x000000008a3726d0}: 'java.lang.Object java.lang.invoke.DirectMethodHandle$Holder.newInvokeSpecial(java.lang.Object, java.lang.Object, int, java.lang.Object, java.lang.Object)'> (0x000000008a3726d0) 
thrown [s\open\src\hotspot\share\interpreter\linkResolver.cpp, line 759]
Event: 25.473 Thread 0x000001ded5245b20 Exception <a 'java/lang/NoSuchMethodError'{0x00000000877b3c90}: 'java.lang.Object java.lang.invoke.DirectMethodHandle$Holder.invokeStaticInit(java.lang.Object, java.lang.Object, java.lang.Object, int, int)'> (0x00000000877b3c90) 
thrown [s\open\src\hotspot\share\interpreter\linkResolver.cpp, line 759]
Event: 25.729 Thread 0x000001df1b4c14e0 Exception <a 'java/lang/NoSuchMethodError'{0x00000000876eaf80}: 'java.lang.Object java.lang.invoke.DirectMethodHandle$Holder.invokeSpecial(java.lang.Object, java.lang.Object, java.lang.Object, java.lang.Object, java.lang.Object, long)'> (0x00000000876eaf80) 
thrown [s\open\src\hotspot\share\interpreter\linkResolver.cpp, line 759]
Event: 25.729 Thread 0x000001df1b4c14e0 Exception <a 'java/lang/NoSuchMethodError'{0x00000000876eec00}: 'java.lang.Object java.lang.invoke.Invokers$Holder.linkToTargetMethod(java.lang.Object, java.lang.Object, java.lang.Object, long, java.lang.Object)'> (0x00000000876eec00) 
thrown [s\open\src\hotspot\share\interpreter\linkResolver.cpp, line 759]

VM Operations (20 events):
Event: 11.539 Executing VM operation: HandshakeAllThreads
Event: 11.539 Executing VM operation: HandshakeAllThreads done
Event: 11.631 Executing VM operation: HandshakeAllThreads
Event: 11.631 Executing VM operation: HandshakeAllThreads done
Event: 11.742 Executing VM operation: HandshakeAllThreads
Event: 11.742 Executing VM operation: HandshakeAllThreads done
Event: 11.944 Executing VM operation: G1CollectForAllocation
Event: 11.950 Executing VM operation: G1CollectForAllocation done
Event: 12.964 Executing VM operation: Cleanup
Event: 12.965 Executing VM operation: Cleanup done
Event: 22.033 Executing VM operation: Cleanup
Event: 22.033 Executing VM operation: Cleanup done
Event: 23.040 Executing VM operation: Cleanup
Event: 23.040 Executing VM operation: Cleanup done
Event: 26.063 Executing VM operation: Cleanup
Event: 26.769 Executing VM operation: Cleanup done
Event: 26.811 Executing VM operation: HandshakeAllThreads
Event: 26.811 Executing VM operation: HandshakeAllThreads done
Event: 27.802 Executing VM operation: Cleanup
Event: 27.802 Executing VM operation: Cleanup done

Events (20 events):
Event: 25.484 loading class java/util/concurrent/BlockingDeque done
Event: 25.486 loading class java/util/concurrent/LinkedBlockingDeque done
Event: 25.486 loading class java/util/concurrent/Semaphore
Event: 25.487 loading class java/util/concurrent/Semaphore done
Event: 25.488 loading class java/util/concurrent/Semaphore$NonfairSync
Event: 25.488 loading class java/util/concurrent/Semaphore$Sync
Event: 25.488 loading class java/util/concurrent/Semaphore$Sync done
Event: 25.488 loading class java/util/concurrent/Semaphore$NonfairSync done
Event: 25.489 loading class sun/nio/ch/SocketAdaptor
Event: 25.491 loading class sun/nio/ch/SocketAdaptor done
Event: 25.493 loading class sun/nio/ch/SocketChannelImpl$DefaultOptionsHolder
Event: 25.493 loading class sun/nio/ch/SocketChannelImpl$DefaultOptionsHolder done
Event: 25.497 loading class sun/nio/ch/SelectionKeyImpl
Event: 25.498 loading class java/nio/channels/spi/AbstractSelectionKey
Event: 25.498 loading class java/nio/channels/SelectionKey
Event: 25.498 loading class java/nio/channels/SelectionKey done
Event: 25.498 loading class java/nio/channels/spi/AbstractSelectionKey done
Event: 25.498 loading class sun/nio/ch/SelectionKeyImpl done
Event: 25.499 loading class java/lang/invoke/ConstantBootstraps
Event: 25.499 loading class java/lang/invoke/ConstantBootstraps done


Dynamic libraries:
0x00007ff621460000 - 0x00007ff621470000 	C:\Program Files\Java\jdk-17\bin\java.exe
0x00007ffac6780000 - 0x00007ffac69e7000 	C:\WINDOWS\SYSTEM32\ntdll.dll
0x00007ffac4860000 - 0x00007ffac4929000 	C:\WINDOWS\System32\KERNEL32.DLL
0x00007ffac3ac0000 - 0x00007ffac3eaf000 	C:\WINDOWS\System32\KERNELBASE.dll
0x00007ffac4220000 - 0x00007ffac436b000 	C:\WINDOWS\System32\ucrtbase.dll
0x00007ffa941d0000 - 0x00007ffa941e9000 	C:\Program Files\Java\jdk-17\bin\jli.dll
0x00007ffa9c450000 - 0x00007ffa9c46b000 	C:\Program Files\Java\jdk-17\bin\VCRUNTIME140.dll
0x00007ffac65c0000 - 0x00007ffac6674000 	C:\WINDOWS\System32\ADVAPI32.dll
0x00007ffac58b0000 - 0x00007ffac5959000 	C:\WINDOWS\System32\msvcrt.dll
0x00007ffac6690000 - 0x00007ffac6736000 	C:\WINDOWS\System32\sechost.dll
0x00007ffac62f0000 - 0x00007ffac6408000 	C:\WINDOWS\System32\RPCRT4.dll
0x00007ffac49f0000 - 0x00007ffac4bb5000 	C:\WINDOWS\System32\USER32.dll
0x00007ffaa9430000 - 0x00007ffaa96c3000 	C:\WINDOWS\WinSxS\amd64_microsoft.windows.common-controls_6595b64144ccf1df_6.0.26100.7309_none_3e05feeae336a044\COMCTL32.dll
0x00007ffac44f0000 - 0x00007ffac4517000 	C:\WINDOWS\System32\win32u.dll
0x00007ffac4520000 - 0x00007ffac454b000 	C:\WINDOWS\System32\GDI32.dll
0x00007ffac3ec0000 - 0x00007ffac3fec000 	C:\WINDOWS\System32\gdi32full.dll
0x00007ffac38d0000 - 0x00007ffac3973000 	C:\WINDOWS\System32\msvcp_win.dll
0x00007ffab8a20000 - 0x00007ffab8a2b000 	C:\WINDOWS\SYSTEM32\VERSION.dll
0x00007ffac6410000 - 0x00007ffac6441000 	C:\WINDOWS\System32\IMM32.DLL
0x00007ffaa5f70000 - 0x00007ffaa5f7c000 	C:\Program Files\Java\jdk-17\bin\vcruntime140_1.dll
0x00007ffa78e10000 - 0x00007ffa78e9e000 	C:\Program Files\Java\jdk-17\bin\msvcp140.dll
0x00007ffa079e0000 - 0x00007ffa085c0000 	C:\Program Files\Java\jdk-17\bin\server\jvm.dll
0x00007ffac6680000 - 0x00007ffac6688000 	C:\WINDOWS\System32\PSAPI.DLL
0x00007ffaa85b0000 - 0x00007ffaa85ba000 	C:\WINDOWS\SYSTEM32\WSOCK32.dll
0x00007ffaac800000 - 0x00007ffaac835000 	C:\WINDOWS\SYSTEM32\WINMM.dll
0x00007ffac5c80000 - 0x00007ffac5cf4000 	C:\WINDOWS\System32\WS2_32.dll
0x00007ffac2620000 - 0x00007ffac263b000 	C:\WINDOWS\SYSTEM32\kernel.appcore.dll
0x00007ffaa5f20000 - 0x00007ffaa5f2a000 	C:\Program Files\Java\jdk-17\bin\jimage.dll
0x00007ffac08a0000 - 0x00007ffac0ae2000 	C:\WINDOWS\SYSTEM32\DBGHELP.DLL
0x00007ffac5f60000 - 0x00007ffac62e5000 	C:\WINDOWS\System32\combase.dll
0x00007ffac5ba0000 - 0x00007ffac5c76000 	C:\WINDOWS\System32\OLEAUT32.dll
0x00007ffa9bcc0000 - 0x00007ffa9bcfc000 	C:\WINDOWS\SYSTEM32\dbgcore.DLL
0x00007ffac3a10000 - 0x00007ffac3ab5000 	C:\WINDOWS\System32\bcryptPrimitives.dll
0x00007ffaa5ef0000 - 0x00007ffaa5efe000 	C:\Program Files\Java\jdk-17\bin\instrument.dll
0x00007ffa92360000 - 0x00007ffa92385000 	C:\Program Files\Java\jdk-17\bin\java.dll
0x00007ffa71540000 - 0x00007ffa71617000 	C:\Program Files\Java\jdk-17\bin\jsvml.dll
0x00007ffac4bc0000 - 0x00007ffac5313000 	C:\WINDOWS\System32\SHELL32.dll
0x00007ffac3ff0000 - 0x00007ffac415a000 	C:\WINDOWS\System32\wintypes.dll
0x00007ffac1510000 - 0x00007ffac1d6e000 	C:\WINDOWS\SYSTEM32\windows.storage.dll
0x00007ffac46f0000 - 0x00007ffac47e5000 	C:\WINDOWS\System32\SHCORE.dll
0x00007ffac4680000 - 0x00007ffac46e6000 	C:\WINDOWS\System32\shlwapi.dll
0x00007ffac37f0000 - 0x00007ffac3819000 	C:\WINDOWS\SYSTEM32\profapi.dll
0x00007ffa8da00000 - 0x00007ffa8da18000 	C:\Program Files\Java\jdk-17\bin\zip.dll
0x00007ffa93ea0000 - 0x00007ffa93eb9000 	C:\Program Files\Java\jdk-17\bin\net.dll
0x00007ffab4a70000 - 0x00007ffab4b98000 	C:\WINDOWS\SYSTEM32\WINHTTP.dll
0x00007ffac2bf0000 - 0x00007ffac2c5b000 	C:\WINDOWS\system32\mswsock.dll
0x00007ffa8e140000 - 0x00007ffa8e156000 	C:\Program Files\Java\jdk-17\bin\nio.dll
0x00007ffa8cde0000 - 0x00007ffa8cdfa000 	C:\Program Files\JetBrains\IntelliJ IDEA Community Edition 2024.2.3\bin\breakgen64.dll
0x00007ffa9d3d0000 - 0x00007ffa9d3de000 	C:\Program Files\Java\jdk-17\bin\sunmscapi.dll
0x00007ffac4370000 - 0x00007ffac44e7000 	C:\WINDOWS\System32\CRYPT32.dll
0x00007ffac30d0000 - 0x00007ffac3100000 	C:\WINDOWS\SYSTEM32\ncrypt.dll
0x00007ffac3080000 - 0x00007ffac30bf000 	C:\WINDOWS\SYSTEM32\NTASN1.dll
0x00007ffac2ec0000 - 0x00007ffac2edb000 	C:\WINDOWS\SYSTEM32\CRYPTSP.dll
0x00007ffac25e0000 - 0x00007ffac261a000 	C:\WINDOWS\system32\rsaenh.dll
0x00007ffac2ca0000 - 0x00007ffac2ccb000 	C:\WINDOWS\SYSTEM32\USERENV.dll
0x00007ffac37c0000 - 0x00007ffac37ea000 	C:\WINDOWS\SYSTEM32\bcrypt.dll
0x00007ffac2eb0000 - 0x00007ffac2ebc000 	C:\WINDOWS\SYSTEM32\CRYPTBASE.dll
0x00007ffac2140000 - 0x00007ffac2174000 	C:\WINDOWS\SYSTEM32\IPHLPAPI.DLL
0x00007ffac4670000 - 0x00007ffac467a000 	C:\WINDOWS\System32\NSI.dll
0x00007ffab4a40000 - 0x00007ffab4a5e000 	C:\WINDOWS\SYSTEM32\dhcpcsvc6.DLL
0x00007ffab4a10000 - 0x00007ffab4a33000 	C:\WINDOWS\SYSTEM32\dhcpcsvc.DLL
0x00007ffac2180000 - 0x00007ffac22ac000 	C:\WINDOWS\SYSTEM32\DNSAPI.dll
0x00007ffa9d6b0000 - 0x00007ffa9d6ba000 	C:\Program Files\Java\jdk-17\bin\management.dll
0x00007ffa9d470000 - 0x00007ffa9d47b000 	C:\Program Files\Java\jdk-17\bin\management_ext.dll
0x00007ffab2bd0000 - 0x00007ffab2bdb000 	C:\Windows\System32\rasadhlp.dll
0x00007ffab4400000 - 0x00007ffab4486000 	C:\WINDOWS\System32\fwpuclnt.dll
0x00007ffaab210000 - 0x00007ffaab218000 	C:\WINDOWS\system32\wshunix.dll

dbghelp: loaded successfully - version: 4.0.5 - missing functions: none
symbol engine: initialized successfully - sym options: 0x614 - pdb path: .;C:\Program Files\Java\jdk-17\bin;C:\WINDOWS\SYSTEM32;C:\WINDOWS\WinSxS\amd64_microsoft.windows.common-controls_6595b64144ccf1df_6.0.26100.7309_none_3e05feeae336a044;C:\Program Files\Java\jdk-17\bin\server;C:\Program Files\JetBrains\IntelliJ IDEA Community Edition 2024.2.3\bin

VM Arguments:
jvm_args: -javaagent:C:\Program Files\JetBrains\IntelliJ IDEA Community Edition 2024.2.3\lib\idea_rt.jar=58124:C:\Program Files\JetBrains\IntelliJ IDEA Community Edition 2024.2.3\bin -Dfile.encoding=UTF-8 
java_command: com.example.mentalhealth.MentalHealthApplication
java_class_path (initial): M:\BEST_PROGRAMMING-FINAL_PROJECT\MENTAL_HEALTH_BST_PRO_2\target\classes;C:\Users\HP.MYLAPTOP1.000\.m2\repository\org\springframework\boot\spring-boot-starter-data-jpa\4.0.0\spring-boot-starter-data-jpa-4.0.0.jar;C:\Users\HP.MYLAPTOP1.000\.m2\repository\org\springframework\boot\spring-boot-starter\4.0.0\spring-boot-starter-4.0.0.jar;C:\Users\HP.MYLAPTOP1.000\.m2\repository\org\springframework\boot\spring-boot-starter-logging\4.0.0\spring-boot-starter-logging-4.0.0.jar;C:\Users\HP.MYLAPTOP1.000\.m2\repository\ch\qos\logback\logback-classic\1.5.21\logback-classic-1.5.21.jar;C:\Users\HP.MYLAPTOP1.000\.m2\repository\ch\qos\logback\logback-core\1.5.21\logback-core-1.5.21.jar;C:\Users\HP.MYLAPTOP1.000\.m2\repository\org\apache\logging\log4j\log4j-to-slf4j\2.25.2\log4j-to-slf4j-2.25.2.jar;C:\Users\HP.MYLAPTOP1.000\.m2\repository\org\apache\logging\log4j\log4j-api\2.25.2\log4j-api-2.25.2.jar;C:\Users\HP.MYLAPTOP1.000\.m2\repository\org\slf4j\jul-to-slf4j\2.0.17\jul-to-slf4j-2.0.17.jar;C:\Users\HP.MYLAPTOP1.000\.m2\repository\org\springframework\boot\spring-boot-autoconfigure\4.0.0\spring-boot-autoconfigure-4.0.0.jar;C:\Users\HP.MYLAPTOP1.000\.m2\repository\jakarta\annotation\jakarta.annotation-api\3.0.0\jakarta.annotation-api-3.0.0.jar;C:\Users\HP.MYLAPTOP1.000\.m2\repository\org\yaml\snakeyaml\2.5\snakeyaml-2.5.jar;C:\Users\HP.MYLAPTOP1.000\.m2\repository\org\springframework\boot\spring-boot-starter-jdbc\4.0.0\spring-boot-starter-jdbc-4.0.0.jar;C:\Users\HP.MYLAPTOP1.000\.m2\repository\com\zaxxer\HikariCP\7.0.2\HikariCP-7.0.2.jar;C:\Users\HP.MYLAPTOP1.000\.m2\repository\org\slf4j\slf4j-api\2.0.17\slf4j-api-2.0.17.jar;C:\Users\HP.MYLAPTOP1.000\.m2\repository\org\springframework\boot\spring-boot-data-jpa\4.0.0\spring-boot-data-jpa-4.0.0.jar;C:\Users\HP.MYLAPTOP1.000\.m2\repository\org\springframework\boot\spring-boot-data-commons\4.0.0\spring-boot-data-commons-4.0.0.jar;C:\Users\HP.MYLAPTOP1.000\.m2\repository\org\springframework\boot\spring-boot-
Launcher Type: SUN_STANDARD

[Global flags]
     intx CICompilerCount                          = 4                                         {product} {ergonomic}
     uint ConcGCThreads                            = 2                                         {product} {ergonomic}
     uint G1ConcRefinementThreads                  = 8                                         {product} {ergonomic}
   size_t G1HeapRegionSize                         = 1048576                                   {product} {ergonomic}
    uintx GCDrainStackTargetSize                   = 64                                        {product} {ergonomic}
   size_t InitialHeapSize                          = 132120576                                 {product} {ergonomic}
   size_t MarkStackSize                            = 4194304                                   {product} {ergonomic}
   size_t MaxHeapSize                              = 2107637760                                {product} {ergonomic}
   size_t MaxNewSize                               = 1264582656                                {product} {ergonomic}
   size_t MinHeapDeltaBytes                        = 1048576                                   {product} {ergonomic}
   size_t MinHeapSize                              = 8388608                                   {product} {ergonomic}
    uintx NonNMethodCodeHeapSize                   = 5839372                                {pd product} {ergonomic}
    uintx NonProfiledCodeHeapSize                  = 122909434                              {pd product} {ergonomic}
    uintx ProfiledCodeHeapSize                     = 122909434                              {pd product} {ergonomic}
    uintx ReservedCodeCacheSize                    = 251658240                              {pd product} {ergonomic}
     bool SegmentedCodeCache                       = true                                      {product} {ergonomic}
   size_t SoftMaxHeapSize                          = 2107637760                             {manageable} {ergonomic}
     bool UseCompressedClassPointers               = true                           {product lp64_product} {ergonomic}
     bool UseCompressedOops                        = true                           {product lp64_product} {ergonomic}
     bool UseG1GC                                  = true                                      {product} {ergonomic}
     bool UseLargePagesIndividualAllocation        = false                                  {pd product} {ergonomic}

Logging:
Log output configuration:
 #0: stdout all=warning uptime,level,tags
 #1: stderr all=off uptime,level,tags

Environment Variables:
PATH=C:\Program Files\Common Files\Oracle\Java\javapath;C:\ProgramData\Oracle\Java\javapath;C:\Program Files (x86)\Common Files\Oracle\Java\java8path;C:\Program Files (x86)\Common Files\Oracle\Java\javapath;C:\WINDOWS\system32;C:\WINDOWS;C:\WINDOWS\System32\Wbem;C:\WINDOWS\System32\WindowsPowerShell\v1.0\;C:\WINDOWS\System32\OpenSSH\;C:\Program Files (x86)\PuTTY\;C:\Users\HP\AppData\Local\nvm;C:\nvm4w\nodejs;C:\ProgramData\Microsoft\Windows\Start Menu\Programs;C:\Program Files\nodejs\;C:\Program Files\dotnet\;C:\Program Files\Git\cmd;C:\Program Files\MySQL\MySQL Server 8.0\bin;C:\Program Files\Microsoft SQL Server\Client SDK\ODBC\170\Tools\Binn\;C:\Program Files (x86)\Microsoft SQL Server\160\Tools\Binn\;C:\Program Files\Microsoft SQL Server\160\Tools\Binn\;C:\Program Files\Microsoft SQL Server\160\DTS\Binn\;C:\Program Files\cursor\resources\app\bin;C:\Program Files\Microsoft SQL Server\150\Tools\Binn\;C:\Users\HP.MYLAPTOP1.000\AppData\Local\Microsoft\WindowsApps;M:\Microsoft VS Code\bin
USERNAME=HP
OS=Windows_NT
PROCESSOR_IDENTIFIER=Intel64 Family 6 Model 142 Stepping 10, GenuineIntel



---------------  S Y S T E M  ---------------

OS:
 Windows 11 , 64 bit Build 26100 (10.0.26100.7309)
OS uptime: 0 days 3:14 hours

CPU: total 8 (initial active 8) (4 cores per cpu, 2 threads per core) family 6 model 142 stepping 10 microcode 0xf6, cx8, cmov, fxsr, ht, mmx, 3dnowpref, sse, sse2, sse3, ssse3, sse4.1, sse4.2, popcnt, lzcnt, tsc, tscinvbit, avx, avx2, aes, erms, clmul, bmi1, bmi2, adx, fma, vzeroupper, clflush, clflushopt

Memory: 4k page, system-wide physical 8035M (727M free)
TotalPageFile size 12131M (AvailPageFile size 0M)
current process WorkingSet (physical memory assigned to process): 206M, peak: 249M
current process commit charge ("private bytes"): 251M, peak: 286M

vm_info: Java HotSpot(TM) 64-Bit Server VM (17.0.12+8-LTS-286) for windows-amd64 JRE (17.0.12+8-LTS-286), built on Jun  5 2024 06:46:59 by "mach5one" with MS VC++ 17.6 (VS2022)

END.
