#
# There is insufficient memory for the Java Runtime Environment to continue.
# Native memory allocation (malloc) failed to allocate 1088752 bytes for Chunk::new
# Possible reasons:
#   The system is out of physical RAM or swap space
#   The process is running with CompressedOops enabled, and the Java Heap may be blocking the growth of the native heap
# Possible solutions:
#   Reduce memory load on the system
#   Increase physical memory or swap space
#   Check if swap backing store is full
#   Decrease Java heap size (-Xmx/-Xms)
#   Decrease number of Java threads
#   Decrease Java thread stack sizes (-Xss)
#   Set larger code cache with -XX:ReservedCodeCacheSize=
#   JVM is running with Unscaled Compressed Oops mode in which the Java heap is
#     placed in the first 4GB address space. The Java Heap base address is the
#     maximum limit for the native heap growth. Please use -XX:HeapBaseMinAddress
#     to set the Java Heap base and to place the Java Heap above 4GB virtual address.
# This output file may be truncated or incomplete.
#
#  Out of Memory Error (arena.cpp:189), pid=3792, tid=11348
#
# JRE version: Java(TM) SE Runtime Environment (17.0.12+8) (build 17.0.12+8-LTS-286)
# Java VM: Java HotSpot(TM) 64-Bit Server VM (17.0.12+8-LTS-286, mixed mode, sharing, tiered, compressed oops, compressed class ptrs, g1 gc, windows-amd64)
# No core dump will be written. Minidumps are not enabled by default on client versions of Windows
#

---------------  S U M M A R Y ------------

Command Line: -javaagent:C:\Program Files\JetBrains\IntelliJ IDEA Community Edition 2025.2.6\lib\idea_rt.jar=61921 -Dfile.encoding=UTF-8 com.example.mentalhealth.MentalHealthApplication

Host: Intel(R) Core(TM) i7-8550U CPU @ 1.80GHz, 8 cores, 7G,  Windows 11 , 64 bit Build 26100 (10.0.26100.7309)
Time: Thu Dec 18 12:35:12 2025 Egypt Standard Time elapsed time: 6.707136 seconds (0d 0h 0m 6s)

---------------  T H R E A D  ---------------

Current thread (0x00000236fee4dc50):  JavaThread "C2 CompilerThread0" daemon [_thread_in_native, id=11348, stack(0x000000c4f6400000,0x000000c4f6500000)]


Current CompileTask:
C2:   6707 5291       4       jdk.internal.org.objectweb.asm.MethodWriter::computeAllFrames (510 bytes)

Stack: [0x000000c4f6400000,0x000000c4f6500000]
Native frames: (J=compiled Java code, j=interpreted, Vv=VM code, C=native code)
V  [jvm.dll+0x67a04a]
V  [jvm.dll+0x7da4ed]
V  [jvm.dll+0x7dbe33]
V  [jvm.dll+0x7dc4a3]
V  [jvm.dll+0x24508f]
V  [jvm.dll+0xab773]
V  [jvm.dll+0xabd3c]
V  [jvm.dll+0x361bee]
V  [jvm.dll+0x32c431]
V  [jvm.dll+0x32b8ca]
V  [jvm.dll+0x21683f]
V  [jvm.dll+0x215c6f]
V  [jvm.dll+0x1a2960]
V  [jvm.dll+0x22610b]
V  [jvm.dll+0x2242ab]
V  [jvm.dll+0x79075c]
V  [jvm.dll+0x78abea]
V  [jvm.dll+0x678f35]
C  [ucrtbase.dll+0x37b0]
C  [KERNEL32.DLL+0x2e8d7]
C  [ntdll.dll+0x8c53c]


---------------  P R O C E S S  ---------------

Threads class SMR info:
_java_thread_list=0x00000236c7e63610, length=21, elements={
0x00000236df2ed830, 0x00000236fee2a8a0, 0x00000236fee2b460, 0x00000236fee3cbf0,
0x00000236fee3f6c0, 0x00000236fee41090, 0x00000236fee41a50, 0x00000236fee4dc50,
0x00000236fee4f660, 0x00000236fee54f90, 0x00000236ff5bdb00, 0x00000236ff778840,
0x00000236ff8c61a0, 0x00000236ff7e79a0, 0x00000236c822abc0, 0x00000236c7b8c430,
0x00000236c7f9eed0, 0x00000236c5bac3d0, 0x00000236c5baaf90, 0x00000236c5bab4a0,
0x00000236c5b43510
}

Java Threads: ( => current thread )
  0x00000236df2ed830 JavaThread "main" [_thread_in_vm, id=760, stack(0x000000c4f5700000,0x000000c4f5800000)]
  0x00000236fee2a8a0 JavaThread "Reference Handler" daemon [_thread_blocked, id=6904, stack(0x000000c4f5e00000,0x000000c4f5f00000)]
  0x00000236fee2b460 JavaThread "Finalizer" daemon [_thread_blocked, id=6608, stack(0x000000c4f5f00000,0x000000c4f6000000)]
  0x00000236fee3cbf0 JavaThread "Signal Dispatcher" daemon [_thread_blocked, id=11956, stack(0x000000c4f6000000,0x000000c4f6100000)]
  0x00000236fee3f6c0 JavaThread "Attach Listener" daemon [_thread_blocked, id=12492, stack(0x000000c4f6100000,0x000000c4f6200000)]
  0x00000236fee41090 JavaThread "Service Thread" daemon [_thread_blocked, id=1188, stack(0x000000c4f6200000,0x000000c4f6300000)]
  0x00000236fee41a50 JavaThread "Monitor Deflation Thread" daemon [_thread_blocked, id=8612, stack(0x000000c4f6300000,0x000000c4f6400000)]
=>0x00000236fee4dc50 JavaThread "C2 CompilerThread0" daemon [_thread_in_native, id=11348, stack(0x000000c4f6400000,0x000000c4f6500000)]
  0x00000236fee4f660 JavaThread "C1 CompilerThread0" daemon [_thread_in_native, id=13232, stack(0x000000c4f6500000,0x000000c4f6600000)]
  0x00000236fee54f90 JavaThread "Sweeper thread" daemon [_thread_blocked, id=9432, stack(0x000000c4f6600000,0x000000c4f6700000)]
  0x00000236ff5bdb00 JavaThread "Common-Cleaner" daemon [_thread_blocked, id=15312, stack(0x000000c4f6700000,0x000000c4f6800000)]
  0x00000236ff778840 JavaThread "C2 CompilerThread1" daemon [_thread_in_native, id=18436, stack(0x000000c4f6800000,0x000000c4f6900000)]
  0x00000236ff8c61a0 JavaThread "Monitor Ctrl-Break" daemon [_thread_in_native, id=18392, stack(0x000000c4f6900000,0x000000c4f6a00000)]
  0x00000236ff7e79a0 JavaThread "Notification Thread" daemon [_thread_blocked, id=6924, stack(0x000000c4f6a00000,0x000000c4f6b00000)]
  0x00000236c822abc0 JavaThread "Catalina-utility-1" [_thread_blocked, id=21400, stack(0x000000c4f7500000,0x000000c4f7600000)]
  0x00000236c7b8c430 JavaThread "Catalina-utility-2" [_thread_blocked, id=5104, stack(0x000000c4f7600000,0x000000c4f7700000)]
  0x00000236c7f9eed0 JavaThread "container-0" [_thread_blocked, id=4944, stack(0x000000c4f7700000,0x000000c4f7800000)]
  0x00000236c5bac3d0 JavaThread "PostgreSQL-JDBC-Cleaner" daemon [_thread_blocked, id=15228, stack(0x000000c4f7900000,0x000000c4f7a00000)]
  0x00000236c5baaf90 JavaThread "HikariPool-1:housekeeper" daemon [_thread_blocked, id=14644, stack(0x000000c4f7a00000,0x000000c4f7b00000)]
  0x00000236c5bab4a0 JavaThread "HikariPool-1:connection-adder" daemon [_thread_blocked, id=1652, stack(0x000000c4f7b00000,0x000000c4f7c00000)]
  0x00000236c5b43510 JavaThread "C2 CompilerThread2" daemon [_thread_in_native, id=18748, stack(0x000000c4f7400000,0x000000c4f7500000)]

Other Threads:
  0x00000236fee26e00 VMThread "VM Thread" [stack: 0x000000c4f5d00000,0x000000c4f5e00000] [id=13940]
  0x00000236df3652a0 WatcherThread [stack: 0x000000c4f6b00000,0x000000c4f6c00000] [id=4476]
  0x00000236df347ad0 GCTaskThread "GC Thread#0" [stack: 0x000000c4f5800000,0x000000c4f5900000] [id=16460]
  0x00000236c5855e50 GCTaskThread "GC Thread#1" [stack: 0x000000c4f6c00000,0x000000c4f6d00000] [id=19776]
  0x00000236c5856110 GCTaskThread "GC Thread#2" [stack: 0x000000c4f6d00000,0x000000c4f6e00000] [id=12204]
  0x00000236c597b8e0 GCTaskThread "GC Thread#3" [stack: 0x000000c4f6e00000,0x000000c4f6f00000] [id=14420]
  0x00000236c597bfb0 GCTaskThread "GC Thread#4" [stack: 0x000000c4f6f00000,0x000000c4f7000000] [id=19100]
  0x00000236c597c270 GCTaskThread "GC Thread#5" [stack: 0x000000c4f7000000,0x000000c4f7100000] [id=20584]
  0x00000236c6053700 GCTaskThread "GC Thread#6" [stack: 0x000000c4f7200000,0x000000c4f7300000] [id=13260]
  0x00000236c6120850 GCTaskThread "GC Thread#7" [stack: 0x000000c4f7300000,0x000000c4f7400000] [id=13872]
  0x00000236df35b250 ConcurrentGCThread "G1 Main Marker" [stack: 0x000000c4f5900000,0x000000c4f5a00000] [id=15152]
  0x00000236df35e410 ConcurrentGCThread "G1 Conc#0" [stack: 0x000000c4f5a00000,0x000000c4f5b00000] [id=14988]
  0x00000236c79c7820 ConcurrentGCThread "G1 Conc#1" [stack: 0x000000c4f7100000,0x000000c4f7200000] [id=1284]
  0x00000236df3ae490 ConcurrentGCThread "G1 Refine#0" [stack: 0x000000c4f5b00000,0x000000c4f5c00000] [id=16272]
  0x00000236fecd5ed0 ConcurrentGCThread "G1 Service" [stack: 0x000000c4f5c00000,0x000000c4f5d00000] [id=17332]

Threads with active compile tasks:
C2 CompilerThread0     6749 5291       4       jdk.internal.org.objectweb.asm.MethodWriter::computeAllFrames (510 bytes)
C2 CompilerThread1     6749 5408       4       org.springframework.transaction.annotation.AnnotationTransactionAttributeSource::determineTransactionAttribute (88 bytes)
C2 CompilerThread2     6749 5395       4       org.springframework.core.ResolvableType::hasGenerics (14 bytes)

VM state: not at safepoint (normal execution)

VM Mutex/Monitor currently owned by a thread: None

Heap address: 0x0000000082600000, size: 2010 MB, Compressed Oops mode: 32-bit

CDS archive(s) mapped at: [0x0000023680000000-0x0000023680bd0000-0x0000023680bd0000), size 12386304, SharedBaseAddress: 0x0000023680000000, ArchiveRelocationMode: 1.
Compressed class space mapped at: 0x0000023681000000-0x00000236c1000000, reserved size: 1073741824
Narrow klass base: 0x0000023680000000, Narrow klass shift: 0, Narrow klass range: 0x100000000

GC Precious Log:
 CPUs: 8 total, 8 available
 Memory: 8035M
 Large Page Support: Disabled
 NUMA Support: Disabled
 Compressed Oops: Enabled (32-bit)
 Heap Region Size: 1M
 Heap Min Capacity: 8M
 Heap Initial Capacity: 126M
 Heap Max Capacity: 2010M
 Pre-touch: Disabled
 Parallel Workers: 8
 Concurrent Workers: 2
 Concurrent Refinement Workers: 8
 Periodic GC: Disabled

Heap:
 garbage-first heap   total 68608K, used 44444K [0x0000000082600000, 0x0000000100000000)
  region size 1024K, 23 young (23552K), 3 survivors (3072K)
 Metaspace       used 62479K, committed 63040K, reserved 1114112K
  class space    used 8686K, committed 8960K, reserved 1048576K

Heap Regions: E=young(eden), S=young(survivor), O=old, HS=humongous(starts), HC=humongous(continues), CS=collection set, F=free, OA=open archive, CA=closed archive, TAMS=top-at-mark-start (previous, next)
|   0|0x0000000082600000, 0x0000000082700000, 0x0000000082700000|100%|HS|  |TAMS 0x0000000082700000, 0x0000000082600000| Complete 
|   1|0x0000000082700000, 0x0000000082800000, 0x0000000082800000|100%|HS|  |TAMS 0x0000000082800000, 0x0000000082700000| Complete 
|   2|0x0000000082800000, 0x0000000082900000, 0x0000000082900000|100%| O|  |TAMS 0x0000000082900000, 0x0000000082800000| Untracked 
|   3|0x0000000082900000, 0x0000000082a00000, 0x0000000082a00000|100%| O|  |TAMS 0x0000000082a00000, 0x0000000082900000| Untracked 
|   4|0x0000000082a00000, 0x0000000082b00000, 0x0000000082b00000|100%| O|  |TAMS 0x0000000082b00000, 0x0000000082a00000| Untracked 
|   5|0x0000000082b00000, 0x0000000082c00000, 0x0000000082c00000|100%| O|  |TAMS 0x0000000082c00000, 0x0000000082b00000| Untracked 
|   6|0x0000000082c00000, 0x0000000082d00000, 0x0000000082d00000|100%| O|  |TAMS 0x0000000082d00000, 0x0000000082c00000| Untracked 
|   7|0x0000000082d00000, 0x0000000082e00000, 0x0000000082e00000|100%| O|  |TAMS 0x0000000082e00000, 0x0000000082d00000| Untracked 
|   8|0x0000000082e00000, 0x0000000082f00000, 0x0000000082f00000|100%| O|  |TAMS 0x0000000082f00000, 0x0000000082e00000| Untracked 
|   9|0x0000000082f00000, 0x0000000083000000, 0x0000000083000000|100%| O|  |TAMS 0x0000000083000000, 0x0000000082f00000| Untracked 
|  10|0x0000000083000000, 0x0000000083100000, 0x0000000083100000|100%| O|  |TAMS 0x0000000083100000, 0x0000000083000000| Untracked 
|  11|0x0000000083100000, 0x0000000083200000, 0x0000000083200000|100%| O|  |TAMS 0x0000000083200000, 0x0000000083100000| Untracked 
|  12|0x0000000083200000, 0x0000000083300000, 0x0000000083300000|100%| O|  |TAMS 0x0000000083300000, 0x0000000083200000| Untracked 
|  13|0x0000000083300000, 0x0000000083400000, 0x0000000083400000|100%| O|  |TAMS 0x0000000083400000, 0x0000000083300000| Untracked 
|  14|0x0000000083400000, 0x0000000083500000, 0x0000000083500000|100%| O|  |TAMS 0x0000000083500000, 0x0000000083400000| Untracked 
|  15|0x0000000083500000, 0x0000000083600000, 0x0000000083600000|100%| O|  |TAMS 0x0000000083500000, 0x0000000083500000| Untracked 
|  16|0x0000000083600000, 0x0000000083700000, 0x0000000083700000|100%| O|  |TAMS 0x0000000083700000, 0x0000000083600000| Untracked 
|  17|0x0000000083700000, 0x0000000083800000, 0x0000000083800000|100%| O|  |TAMS 0x0000000083800000, 0x0000000083700000| Untracked 
|  18|0x0000000083800000, 0x0000000083900000, 0x0000000083900000|100%| O|  |TAMS 0x0000000083900000, 0x0000000083800000| Untracked 
|  19|0x0000000083900000, 0x0000000083a00000, 0x0000000083a00000|100%| O|  |TAMS 0x0000000083a00000, 0x0000000083900000| Untracked 
|  20|0x0000000083a00000, 0x0000000083b00000, 0x0000000083b00000|100%| O|  |TAMS 0x0000000083b00000, 0x0000000083a00000| Untracked 
|  21|0x0000000083b00000, 0x0000000083c00000, 0x0000000083c00000|100%| O|  |TAMS 0x0000000083bf0e00, 0x0000000083b00000| Untracked 
|  22|0x0000000083c00000, 0x0000000083c59000, 0x0000000083d00000| 34%| O|  |TAMS 0x0000000083c00000, 0x0000000083c00000| Untracked 
|  23|0x0000000083d00000, 0x0000000083d00000, 0x0000000083e00000|  0%| F|  |TAMS 0x0000000083d00000, 0x0000000083d00000| Untracked 
|  24|0x0000000083e00000, 0x0000000083e00000, 0x0000000083f00000|  0%| F|  |TAMS 0x0000000083e00000, 0x0000000083e00000| Untracked 
|  25|0x0000000083f00000, 0x0000000083f00000, 0x0000000084000000|  0%| F|  |TAMS 0x0000000083f00000, 0x0000000083f00000| Untracked 
|  26|0x0000000084000000, 0x0000000084000000, 0x0000000084100000|  0%| F|  |TAMS 0x0000000084000000, 0x0000000084000000| Untracked 
|  27|0x0000000084100000, 0x0000000084100000, 0x0000000084200000|  0%| F|  |TAMS 0x0000000084100000, 0x0000000084100000| Untracked 
|  28|0x0000000084200000, 0x0000000084200000, 0x0000000084300000|  0%| F|  |TAMS 0x0000000084200000, 0x0000000084200000| Untracked 
|  29|0x0000000084300000, 0x0000000084300000, 0x0000000084400000|  0%| F|  |TAMS 0x0000000084300000, 0x0000000084300000| Untracked 
|  30|0x0000000084400000, 0x0000000084400000, 0x0000000084500000|  0%| F|  |TAMS 0x0000000084400000, 0x0000000084400000| Untracked 
|  31|0x0000000084500000, 0x0000000084500000, 0x0000000084600000|  0%| F|  |TAMS 0x0000000084500000, 0x0000000084500000| Untracked 
|  32|0x0000000084600000, 0x0000000084600000, 0x0000000084700000|  0%| F|  |TAMS 0x0000000084600000, 0x0000000084600000| Untracked 
|  33|0x0000000084700000, 0x0000000084700000, 0x0000000084800000|  0%| F|  |TAMS 0x0000000084700000, 0x0000000084700000| Untracked 
|  34|0x0000000084800000, 0x0000000084800000, 0x0000000084900000|  0%| F|  |TAMS 0x0000000084800000, 0x0000000084800000| Untracked 
|  35|0x0000000084900000, 0x0000000084900000, 0x0000000084a00000|  0%| F|  |TAMS 0x0000000084900000, 0x0000000084900000| Untracked 
|  36|0x0000000084a00000, 0x0000000084a00000, 0x0000000084b00000|  0%| F|  |TAMS 0x0000000084a00000, 0x0000000084a00000| Untracked 
|  37|0x0000000084b00000, 0x0000000084b00000, 0x0000000084c00000|  0%| F|  |TAMS 0x0000000084b00000, 0x0000000084b00000| Untracked 
|  38|0x0000000084c00000, 0x0000000084c00000, 0x0000000084d00000|  0%| F|  |TAMS 0x0000000084c00000, 0x0000000084c00000| Untracked 
|  39|0x0000000084d00000, 0x0000000084d00000, 0x0000000084e00000|  0%| F|  |TAMS 0x0000000084d00000, 0x0000000084d00000| Untracked 
|  40|0x0000000084e00000, 0x0000000084e00000, 0x0000000084f00000|  0%| F|  |TAMS 0x0000000084e00000, 0x0000000084e00000| Untracked 
|  41|0x0000000084f00000, 0x0000000084f00000, 0x0000000085000000|  0%| F|  |TAMS 0x0000000084f00000, 0x0000000084f00000| Untracked 
|  42|0x0000000085000000, 0x0000000085000000, 0x0000000085100000|  0%| F|  |TAMS 0x0000000085000000, 0x0000000085000000| Untracked 
|  43|0x0000000085100000, 0x0000000085100000, 0x0000000085200000|  0%| F|  |TAMS 0x0000000085100000, 0x0000000085100000| Untracked 
|  44|0x0000000085200000, 0x0000000085300000, 0x0000000085300000|100%| E|  |TAMS 0x0000000085200000, 0x0000000085200000| Complete 
|  45|0x0000000085300000, 0x0000000085400000, 0x0000000085400000|100%| E|CS|TAMS 0x0000000085300000, 0x0000000085300000| Complete 
|  46|0x0000000085400000, 0x0000000085500000, 0x0000000085500000|100%| E|CS|TAMS 0x0000000085400000, 0x0000000085400000| Complete 
|  47|0x0000000085500000, 0x0000000085600000, 0x0000000085600000|100%| E|CS|TAMS 0x0000000085500000, 0x0000000085500000| Complete 
|  48|0x0000000085600000, 0x0000000085700000, 0x0000000085700000|100%| E|CS|TAMS 0x0000000085600000, 0x0000000085600000| Complete 
|  49|0x0000000085700000, 0x0000000085800000, 0x0000000085800000|100%| E|CS|TAMS 0x0000000085700000, 0x0000000085700000| Complete 
|  50|0x0000000085800000, 0x0000000085900000, 0x0000000085900000|100%| E|CS|TAMS 0x0000000085800000, 0x0000000085800000| Complete 
|  51|0x0000000085900000, 0x0000000085a00000, 0x0000000085a00000|100%| E|CS|TAMS 0x0000000085900000, 0x0000000085900000| Complete 
|  52|0x0000000085a00000, 0x0000000085b00000, 0x0000000085b00000|100%| E|CS|TAMS 0x0000000085a00000, 0x0000000085a00000| Complete 
|  53|0x0000000085b00000, 0x0000000085c00000, 0x0000000085c00000|100%| E|CS|TAMS 0x0000000085b00000, 0x0000000085b00000| Complete 
|  54|0x0000000085c00000, 0x0000000085d00000, 0x0000000085d00000|100%| E|CS|TAMS 0x0000000085c00000, 0x0000000085c00000| Complete 
|  55|0x0000000085d00000, 0x0000000085e00000, 0x0000000085e00000|100%| E|CS|TAMS 0x0000000085d00000, 0x0000000085d00000| Complete 
|  56|0x0000000085e00000, 0x0000000085f00000, 0x0000000085f00000|100%| E|CS|TAMS 0x0000000085e00000, 0x0000000085e00000| Complete 
|  57|0x0000000085f00000, 0x0000000086000000, 0x0000000086000000|100%| E|CS|TAMS 0x0000000085f00000, 0x0000000085f00000| Complete 
|  58|0x0000000086000000, 0x0000000086100000, 0x0000000086100000|100%| E|CS|TAMS 0x0000000086000000, 0x0000000086000000| Complete 
|  59|0x0000000086100000, 0x0000000086200000, 0x0000000086200000|100%| E|CS|TAMS 0x0000000086100000, 0x0000000086100000| Complete 
|  60|0x0000000086200000, 0x000000008620e088, 0x0000000086300000|  5%| S|CS|TAMS 0x0000000086200000, 0x0000000086200000| Complete 
|  61|0x0000000086300000, 0x0000000086400000, 0x0000000086400000|100%| S|CS|TAMS 0x0000000086300000, 0x0000000086300000| Complete 
|  62|0x0000000086400000, 0x0000000086500000, 0x0000000086500000|100%| S|CS|TAMS 0x0000000086400000, 0x0000000086400000| Complete 
|  63|0x0000000086500000, 0x0000000086600000, 0x0000000086600000|100%| E|CS|TAMS 0x0000000086500000, 0x0000000086500000| Complete 
|  64|0x0000000086600000, 0x0000000086700000, 0x0000000086700000|100%| E|CS|TAMS 0x0000000086600000, 0x0000000086600000| Complete 
|  65|0x0000000086700000, 0x0000000086800000, 0x0000000086800000|100%| E|CS|TAMS 0x0000000086700000, 0x0000000086700000| Complete 
| 125|0x000000008a300000, 0x000000008a400000, 0x000000008a400000|100%| E|CS|TAMS 0x000000008a300000, 0x000000008a300000| Complete 

Card table byte_map: [0x00000236f81f0000,0x00000236f85e0000] _byte_map_base: 0x00000236f7ddd000

Marking Bits (Prev, Next): (CMBitMap*) 0x00000236df349140, (CMBitMap*) 0x00000236df349100
 Prev Bits: [0x00000236fa940000, 0x00000236fc8a8000)
 Next Bits: [0x00000236f89d0000, 0x00000236fa938000)

Polling page: 0x00000236df3c0000

Metaspace:

Usage:
  Non-class:     52.54 MB used.
      Class:      8.48 MB used.
       Both:     61.02 MB used.

Virtual space:
  Non-class space:       64.00 MB reserved,      52.81 MB ( 83%) committed,  1 nodes.
      Class space:        1.00 GB reserved,       8.75 MB ( <1%) committed,  1 nodes.
             Both:        1.06 GB reserved,      61.56 MB (  6%) committed. 

Chunk freelists:
   Non-Class:  11.22 MB
       Class:  7.22 MB
        Both:  18.44 MB

MaxMetaspaceSize: unlimited
CompressedClassSpaceSize: 1.00 GB
Initial GC threshold: 21.00 MB
Current GC threshold: 98.25 MB
CDS: on
MetaspaceReclaimPolicy: balanced
 - commit_granule_bytes: 65536.
 - commit_granule_words: 8192.
 - virtual_space_node_default_size: 8388608.
 - enlarge_chunks_in_place: 1.
 - new_chunks_are_fully_committed: 0.
 - uncommit_free_chunks: 1.
 - use_allocation_guard: 0.
 - handle_deallocations: 1.


Internal statistics:

num_allocs_failed_limit: 9.
num_arena_births: 790.
num_arena_deaths: 0.
num_vsnodes_births: 2.
num_vsnodes_deaths: 0.
num_space_committed: 985.
num_space_uncommitted: 0.
num_chunks_returned_to_freelist: 9.
num_chunks_taken_from_freelist: 3115.
num_chunk_merges: 9.
num_chunk_splits: 2247.
num_chunks_enlarged: 1761.
num_inconsistent_stats: 0.

CodeHeap 'non-profiled nmethods': size=120000Kb used=3076Kb max_used=3424Kb free=116923Kb
 bounds [0x00000236efe50000, 0x00000236f01b0000, 0x00000236f7380000]
CodeHeap 'profiled nmethods': size=120000Kb used=9067Kb max_used=10329Kb free=110932Kb
 bounds [0x00000236e8380000, 0x00000236e8da0000, 0x00000236ef8b0000]
CodeHeap 'non-nmethods': size=5760Kb used=1327Kb max_used=1365Kb free=4432Kb
 bounds [0x00000236ef8b0000, 0x00000236efb20000, 0x00000236efe50000]
 total_blobs=5379 nmethods=4719 adapters=572
 compilation: enabled
              stopped_count=0, restarted_count=0
 full_count=0

Compilation events (20 events):
Event: 6.563 Thread 0x00000236fee4f660 5464       1       org.springframework.cglib.core.Block::getStart (5 bytes)
Event: 6.563 Thread 0x00000236fee4f660 nmethod 5464 0x00000236efed7910 code [0x00000236efed7aa0, 0x00000236efed7b78]
Event: 6.564 Thread 0x00000236fee4f660 5466       3       org.springframework.asm.MethodVisitor::visitLabel (16 bytes)
Event: 6.564 Thread 0x00000236fee4f660 nmethod 5466 0x00000236e8c28410 code [0x00000236e8c285c0, 0x00000236e8c287c8]
Event: 6.564 Thread 0x00000236fee4f660 5469       3       org.springframework.asm.Type::getSort (19 bytes)
Event: 6.564 Thread 0x00000236fee4f660 nmethod 5469 0x00000236e83bd090 code [0x00000236e83bd220, 0x00000236e83bd378]
Event: 6.564 Thread 0x00000236fee4f660 5468       3       org.springframework.cglib.core.CodeEmitter::mark (9 bytes)
Event: 6.564 Thread 0x00000236fee4f660 nmethod 5468 0x00000236e8788690 code [0x00000236e8788840, 0x00000236e8788a08]
Event: 6.564 Thread 0x00000236fee4f660 5467       3       org.springframework.cglib.core.ClassEmitter::getClassType (8 bytes)
Event: 6.564 Thread 0x00000236fee4f660 nmethod 5467 0x00000236e8788210 code [0x00000236e87883c0, 0x00000236e8788588]
Event: 6.565 Thread 0x00000236fee4f660 5470       3       org.springframework.cglib.core.TypeUtils::isStatic (13 bytes)
Event: 6.565 Thread 0x00000236fee4f660 nmethod 5470 0x00000236e863c510 code [0x00000236e863c6a0, 0x00000236e863c7f8]
Event: 6.565 Thread 0x00000236fee4f660 5471       3       org.springframework.asm.MethodWriter::visitFrameStart (55 bytes)
Event: 6.565 Thread 0x00000236fee4f660 nmethod 5471 0x00000236e8787c10 code [0x00000236e8787dc0, 0x00000236e87880d8]
Event: 6.565 Thread 0x00000236fee4f660 5472       3       org.springframework.asm.MethodWriter::visitFrameEnd (53 bytes)
Event: 6.565 Thread 0x00000236fee4f660 nmethod 5472 0x00000236e8c32010 code [0x00000236e8c321e0, 0x00000236e8c326c8]
Event: 6.565 Thread 0x00000236fee4f660 5473       3       java.lang.StringConcatHelper::mix (11 bytes)
Event: 6.565 Thread 0x00000236fee4f660 nmethod 5473 0x00000236e8c31910 code [0x00000236e8c31ac0, 0x00000236e8c31d38]
Event: 6.565 Thread 0x00000236fee4f660 5474       3       java.lang.StringConcatHelper::prepend (22 bytes)
Event: 6.566 Thread 0x00000236fee4f660 nmethod 5474 0x00000236e8931f10 code [0x00000236e89320e0, 0x00000236e8932368]

GC Heap History (20 events):
Event: 2.148 GC heap before
{Heap before GC invocations=2 (full 0):
 garbage-first heap   total 129024K, used 50383K [0x0000000082600000, 0x0000000100000000)
  region size 1024K, 44 young (45056K), 3 survivors (3072K)
 Metaspace       used 21172K, committed 21504K, reserved 1114112K
  class space    used 2662K, committed 2816K, reserved 1048576K
}
Event: 2.156 GC heap after
{Heap after GC invocations=3 (full 0):
 garbage-first heap   total 129024K, used 13754K [0x0000000082600000, 0x0000000100000000)
  region size 1024K, 6 young (6144K), 6 survivors (6144K)
 Metaspace       used 21172K, committed 21504K, reserved 1114112K
  class space    used 2662K, committed 2816K, reserved 1048576K
}
Event: 2.720 GC heap before
{Heap before GC invocations=4 (full 0):
 garbage-first heap   total 51200K, used 38330K [0x0000000082600000, 0x0000000100000000)
  region size 1024K, 30 young (30720K), 6 survivors (6144K)
 Metaspace       used 24929K, committed 25344K, reserved 1114112K
  class space    used 3170K, committed 3328K, reserved 1048576K
}
Event: 2.734 GC heap after
{Heap after GC invocations=5 (full 0):
 garbage-first heap   total 51200K, used 15976K [0x0000000082600000, 0x0000000100000000)
  region size 1024K, 3 young (3072K), 3 survivors (3072K)
 Metaspace       used 24929K, committed 25344K, reserved 1114112K
  class space    used 3170K, committed 3328K, reserved 1048576K
}
Event: 2.756 GC heap before
{Heap before GC invocations=5 (full 0):
 garbage-first heap   total 51200K, used 17000K [0x0000000082600000, 0x0000000100000000)
  region size 1024K, 4 young (4096K), 3 survivors (3072K)
 Metaspace       used 25134K, committed 25536K, reserved 1114112K
  class space    used 3206K, committed 3392K, reserved 1048576K
}
Event: 2.761 GC heap after
{Heap after GC invocations=6 (full 0):
 garbage-first heap   total 51200K, used 15895K [0x0000000082600000, 0x0000000100000000)
  region size 1024K, 1 young (1024K), 1 survivors (1024K)
 Metaspace       used 25134K, committed 25536K, reserved 1114112K
  class space    used 3206K, committed 3392K, reserved 1048576K
}
Event: 3.292 GC heap before
{Heap before GC invocations=6 (full 0):
 garbage-first heap   total 51200K, used 36375K [0x0000000082600000, 0x0000000100000000)
  region size 1024K, 21 young (21504K), 1 survivors (1024K)
 Metaspace       used 29858K, committed 30336K, reserved 1114112K
  class space    used 3832K, committed 4096K, reserved 1048576K
}
Event: 3.299 GC heap after
{Heap after GC invocations=7 (full 0):
 garbage-first heap   total 86016K, used 17559K [0x0000000082600000, 0x0000000100000000)
  region size 1024K, 3 young (3072K), 3 survivors (3072K)
 Metaspace       used 29858K, committed 30336K, reserved 1114112K
  class space    used 3832K, committed 4096K, reserved 1048576K
}
Event: 4.028 GC heap before
{Heap before GC invocations=7 (full 0):
 garbage-first heap   total 86016K, used 44183K [0x0000000082600000, 0x0000000100000000)
  region size 1024K, 30 young (30720K), 3 survivors (3072K)
 Metaspace       used 35489K, committed 35968K, reserved 1114112K
  class space    used 4778K, committed 4992K, reserved 1048576K
}
Event: 4.033 GC heap after
{Heap after GC invocations=8 (full 0):
 garbage-first heap   total 86016K, used 19456K [0x0000000082600000, 0x0000000100000000)
  region size 1024K, 4 young (4096K), 4 survivors (4096K)
 Metaspace       used 35489K, committed 35968K, reserved 1114112K
  class space    used 4778K, committed 4992K, reserved 1048576K
}
Event: 4.996 GC heap before
{Heap before GC invocations=9 (full 0):
 garbage-first heap   total 68608K, used 56320K [0x0000000082600000, 0x0000000100000000)
  region size 1024K, 40 young (40960K), 4 survivors (4096K)
 Metaspace       used 44933K, committed 45440K, reserved 1114112K
  class space    used 6194K, committed 6464K, reserved 1048576K
}
Event: 5.001 GC heap after
{Heap after GC invocations=10 (full 0):
 garbage-first heap   total 68608K, used 21910K [0x0000000082600000, 0x0000000100000000)
  region size 1024K, 5 young (5120K), 5 survivors (5120K)
 Metaspace       used 44933K, committed 45440K, reserved 1114112K
  class space    used 6194K, committed 6464K, reserved 1048576K
}
Event: 5.033 GC heap before
{Heap before GC invocations=10 (full 0):
 garbage-first heap   total 68608K, used 22934K [0x0000000082600000, 0x0000000100000000)
  region size 1024K, 6 young (6144K), 5 survivors (5120K)
 Metaspace       used 45248K, committed 45696K, reserved 1114112K
  class space    used 6224K, committed 6464K, reserved 1048576K
}
Event: 5.039 GC heap after
{Heap after GC invocations=11 (full 0):
 garbage-first heap   total 68608K, used 22112K [0x0000000082600000, 0x0000000100000000)
  region size 1024K, 1 young (1024K), 1 survivors (1024K)
 Metaspace       used 45248K, committed 45696K, reserved 1114112K
  class space    used 6224K, committed 6464K, reserved 1048576K
}
Event: 5.605 GC heap before
{Heap before GC invocations=11 (full 0):
 garbage-first heap   total 68608K, used 50784K [0x0000000082600000, 0x0000000100000000)
  region size 1024K, 30 young (30720K), 1 survivors (1024K)
 Metaspace       used 53393K, committed 53888K, reserved 1114112K
  class space    used 7352K, committed 7616K, reserved 1048576K
}
Event: 5.607 GC heap after
{Heap after GC invocations=12 (full 0):
 garbage-first heap   total 68608K, used 22954K [0x0000000082600000, 0x0000000100000000)
  region size 1024K, 2 young (2048K), 2 survivors (2048K)
 Metaspace       used 53393K, committed 53888K, reserved 1114112K
  class space    used 7352K, committed 7616K, reserved 1048576K
}
Event: 6.178 GC heap before
{Heap before GC invocations=12 (full 0):
 garbage-first heap   total 68608K, used 51626K [0x0000000082600000, 0x0000000100000000)
  region size 1024K, 31 young (31744K), 2 survivors (2048K)
 Metaspace       used 59447K, committed 60032K, reserved 1114112K
  class space    used 8255K, committed 8512K, reserved 1048576K
}
Event: 6.182 GC heap after
{Heap after GC invocations=13 (full 0):
 garbage-first heap   total 68608K, used 24376K [0x0000000082600000, 0x0000000100000000)
  region size 1024K, 3 young (3072K), 3 survivors (3072K)
 Metaspace       used 59447K, committed 60032K, reserved 1114112K
  class space    used 8255K, committed 8512K, reserved 1048576K
}
Event: 6.229 GC heap before
{Heap before GC invocations=13 (full 0):
 garbage-first heap   total 68608K, used 27448K [0x0000000082600000, 0x0000000100000000)
  region size 1024K, 7 young (7168K), 3 survivors (3072K)
 Metaspace       used 59593K, committed 60160K, reserved 1114112K
  class space    used 8273K, committed 8512K, reserved 1048576K
}
Event: 6.232 GC heap after
{Heap after GC invocations=14 (full 0):
 garbage-first heap   total 68608K, used 24988K [0x0000000082600000, 0x0000000100000000)
  region size 1024K, 3 young (3072K), 3 survivors (3072K)
 Metaspace       used 59593K, committed 60160K, reserved 1114112K
  class space    used 8273K, committed 8512K, reserved 1048576K
}

Deoptimization events (20 events):
Event: 6.322 Thread 0x00000236df2ed830 Uncommon trap: trap_request=0xfffffff4 fr.pc=0x00000236f0098d68 relative=0x0000000000000068
Event: 6.322 Thread 0x00000236df2ed830 Uncommon trap: reason=null_check action=make_not_entrant pc=0x00000236f0098d68 method=java.lang.Class.isAnnotation()Z @ 1 c2
Event: 6.322 Thread 0x00000236df2ed830 DEOPT PACKING pc=0x00000236f0098d68 sp=0x000000c4f57fb980
Event: 6.322 Thread 0x00000236df2ed830 DEOPT UNPACKING pc=0x00000236ef9023a3 sp=0x000000c4f57fb910 mode 2
Event: 6.346 Thread 0x00000236df2ed830 Uncommon trap: trap_request=0xffffff45 fr.pc=0x00000236f01874a0 relative=0x0000000000001180
Event: 6.346 Thread 0x00000236df2ed830 Uncommon trap: reason=unstable_if action=reinterpret pc=0x00000236f01874a0 method=java.util.concurrent.ConcurrentHashMap.computeIfAbsent(Ljava/lang/Object;Ljava/util/function/Function;)Ljava/lang/Object; @ 123 c2
Event: 6.346 Thread 0x00000236df2ed830 DEOPT PACKING pc=0x00000236f01874a0 sp=0x000000c4f57fc2f0
Event: 6.346 Thread 0x00000236df2ed830 DEOPT UNPACKING pc=0x00000236ef9023a3 sp=0x000000c4f57fc270 mode 2
Event: 6.350 Thread 0x00000236df2ed830 Uncommon trap: trap_request=0xffffff45 fr.pc=0x00000236f0106584 relative=0x0000000000000824
Event: 6.350 Thread 0x00000236df2ed830 Uncommon trap: reason=unstable_if action=reinterpret pc=0x00000236f0106584 method=java.util.HashMap.putVal(ILjava/lang/Object;Ljava/lang/Object;ZZ)Ljava/lang/Object; @ 206 c2
Event: 6.350 Thread 0x00000236df2ed830 DEOPT PACKING pc=0x00000236f0106584 sp=0x000000c4f57fc310
Event: 6.350 Thread 0x00000236df2ed830 DEOPT UNPACKING pc=0x00000236ef9023a3 sp=0x000000c4f57fc2a8 mode 2
Event: 6.482 Thread 0x00000236df2ed830 Uncommon trap: trap_request=0xfffffff4 fr.pc=0x00000236effc340c relative=0x000000000000008c
Event: 6.482 Thread 0x00000236df2ed830 Uncommon trap: reason=null_check action=make_not_entrant pc=0x00000236effc340c method=org.springframework.util.ClassUtils.isAssignable(Ljava/lang/Class;Ljava/lang/Class;)Z @ 14 c2
Event: 6.482 Thread 0x00000236df2ed830 DEOPT PACKING pc=0x00000236effc340c sp=0x000000c4f57fcf70
Event: 6.482 Thread 0x00000236df2ed830 DEOPT UNPACKING pc=0x00000236ef9023a3 sp=0x000000c4f57fcf10 mode 2
Event: 6.538 Thread 0x00000236df2ed830 Uncommon trap: trap_request=0xffffffde fr.pc=0x00000236efe93c78 relative=0x00000000000003d8
Event: 6.538 Thread 0x00000236df2ed830 Uncommon trap: reason=class_check action=maybe_recompile pc=0x00000236efe93c78 method=org.springframework.core.annotation.AnnotatedElementUtils.getAnnotationAttributes(Lorg/springframework/core/annotation/MergedAnnotation;ZZ)Lorg/springframework/core/anno
Event: 6.538 Thread 0x00000236df2ed830 DEOPT PACKING pc=0x00000236efe93c78 sp=0x000000c4f57fdc60
Event: 6.538 Thread 0x00000236df2ed830 DEOPT UNPACKING pc=0x00000236ef9023a3 sp=0x000000c4f57fdb18 mode 2

Classes unloaded (0 events):
No events

Classes redefined (0 events):
No events

Internal exceptions (20 events):
Event: 6.228 Thread 0x00000236df2ed830 Exception <a 'java/lang/IncompatibleClassChangeError'{0x0000000086525668}: Found class java.lang.Object, but interface was expected> (0x0000000086525668) 
thrown [s\open\src\hotspot\share\interpreter\linkResolver.cpp, line 826]
Event: 6.273 Thread 0x00000236df2ed830 Exception <a 'java/lang/IncompatibleClassChangeError'{0x00000000867903d8}: Found class java.lang.Object, but interface was expected> (0x00000000867903d8) 
thrown [s\open\src\hotspot\share\interpreter\linkResolver.cpp, line 826]
Event: 6.428 Thread 0x00000236df2ed830 Exception <a 'java/lang/reflect/InvocationTargetException'{0x0000000085b50b98}> (0x0000000085b50b98) 
thrown [s\open\src\hotspot\share\runtime\reflection.cpp, line 1121]
Event: 6.444 Thread 0x00000236df2ed830 Exception <a 'java/lang/IncompatibleClassChangeError'{0x0000000085a0fe50}: Found class java.lang.Object, but interface was expected> (0x0000000085a0fe50) 
thrown [s\open\src\hotspot\share\interpreter\linkResolver.cpp, line 826]
Event: 6.450 Thread 0x00000236df2ed830 Exception <a 'java/lang/reflect/InvocationTargetException'{0x0000000085a31510}> (0x0000000085a31510) 
thrown [s\open\src\hotspot\share\runtime\reflection.cpp, line 1121]
Event: 6.466 Thread 0x00000236df2ed830 Exception <a 'java/lang/reflect/InvocationTargetException'{0x000000008595b390}> (0x000000008595b390) 
thrown [s\open\src\hotspot\share\runtime\reflection.cpp, line 1121]
Event: 6.468 Thread 0x00000236df2ed830 Exception <a 'java/lang/reflect/InvocationTargetException'{0x00000000859694c0}> (0x00000000859694c0) 
thrown [s\open\src\hotspot\share\runtime\reflection.cpp, line 1121]
Event: 6.478 Thread 0x00000236df2ed830 Exception <a 'java/lang/reflect/InvocationTargetException'{0x0000000085865a10}> (0x0000000085865a10) 
thrown [s\open\src\hotspot\share\runtime\reflection.cpp, line 1121]
Event: 6.481 Thread 0x00000236df2ed830 Exception <a 'java/lang/reflect/InvocationTargetException'{0x0000000085880150}> (0x0000000085880150) 
thrown [s\open\src\hotspot\share\runtime\reflection.cpp, line 1121]
Event: 6.482 Thread 0x00000236df2ed830 Exception <a 'java/lang/reflect/InvocationTargetException'{0x0000000085888500}> (0x0000000085888500) 
thrown [s\open\src\hotspot\share\runtime\reflection.cpp, line 1121]
Event: 6.495 Thread 0x00000236df2ed830 Exception <a 'java/lang/reflect/InvocationTargetException'{0x0000000085795c90}> (0x0000000085795c90) 
thrown [s\open\src\hotspot\share\runtime\reflection.cpp, line 1121]
Event: 6.497 Thread 0x00000236df2ed830 Exception <a 'java/lang/reflect/InvocationTargetException'{0x000000008579fd48}> (0x000000008579fd48) 
thrown [s\open\src\hotspot\share\runtime\reflection.cpp, line 1121]
Event: 6.499 Thread 0x00000236df2ed830 Exception <a 'java/lang/reflect/InvocationTargetException'{0x00000000857a8808}> (0x00000000857a8808) 
thrown [s\open\src\hotspot\share\runtime\reflection.cpp, line 1121]
Event: 6.500 Thread 0x00000236df2ed830 Exception <a 'java/lang/reflect/InvocationTargetException'{0x00000000857b14e0}> (0x00000000857b14e0) 
thrown [s\open\src\hotspot\share\runtime\reflection.cpp, line 1121]
Event: 6.502 Thread 0x00000236df2ed830 Exception <a 'java/lang/reflect/InvocationTargetException'{0x00000000857b7aa8}> (0x00000000857b7aa8) 
thrown [s\open\src\hotspot\share\runtime\reflection.cpp, line 1121]
Event: 6.514 Thread 0x00000236df2ed830 Exception <a 'java/lang/reflect/InvocationTargetException'{0x00000000856b4838}> (0x00000000856b4838) 
thrown [s\open\src\hotspot\share\runtime\reflection.cpp, line 1121]
Event: 6.516 Thread 0x00000236df2ed830 Exception <a 'java/lang/reflect/InvocationTargetException'{0x00000000856c1308}> (0x00000000856c1308) 
thrown [s\open\src\hotspot\share\runtime\reflection.cpp, line 1121]
Event: 6.517 Thread 0x00000236df2ed830 Exception <a 'java/lang/reflect/InvocationTargetException'{0x00000000856c8fc8}> (0x00000000856c8fc8) 
thrown [s\open\src\hotspot\share\runtime\reflection.cpp, line 1121]
Event: 6.532 Thread 0x00000236df2ed830 Exception <a 'java/lang/reflect/InvocationTargetException'{0x00000000855cc968}> (0x00000000855cc968) 
thrown [s\open\src\hotspot\share\runtime\reflection.cpp, line 1121]
Event: 6.549 Thread 0x00000236df2ed830 Exception <a 'java/lang/NoSuchMethodError'{0x00000000854b01b0}: 'int java.lang.invoke.DirectMethodHandle$Holder.invokeStaticInit(java.lang.Object, int, java.lang.Object, java.lang.Object, java.lang.Object, java.lang.Object)'> (0x00000000854b01b0) 
thrown [s\open\src\hotspot\share\interpreter\linkResolver.cpp, line 759]

VM Operations (20 events):
Event: 5.957 Executing VM operation: HandshakeAllThreads
Event: 5.957 Executing VM operation: HandshakeAllThreads done
Event: 6.020 Executing VM operation: HandshakeAllThreads
Event: 6.020 Executing VM operation: HandshakeAllThreads done
Event: 6.173 Executing VM operation: ICBufferFull
Event: 6.173 Executing VM operation: ICBufferFull done
Event: 6.178 Executing VM operation: G1CollectForAllocation
Event: 6.182 Executing VM operation: G1CollectForAllocation done
Event: 6.229 Executing VM operation: CollectForMetadataAllocation
Event: 6.232 Executing VM operation: CollectForMetadataAllocation done
Event: 6.253 Executing VM operation: G1Concurrent
Event: 6.256 Executing VM operation: G1Concurrent done
Event: 6.266 Executing VM operation: G1Concurrent
Event: 6.266 Executing VM operation: G1Concurrent done
Event: 6.305 Executing VM operation: HandshakeAllThreads
Event: 6.305 Executing VM operation: HandshakeAllThreads done
Event: 6.352 Executing VM operation: HandshakeAllThreads
Event: 6.352 Executing VM operation: HandshakeAllThreads done
Event: 6.352 Executing VM operation: HandshakeAllThreads
Event: 6.352 Executing VM operation: HandshakeAllThreads done

Events (20 events):
Event: 6.210 loading class sun/reflect/generics/reflectiveObjects/GenericArrayTypeImpl done
Event: 6.305 loading class java/util/regex/Pattern$SliceS
Event: 6.305 loading class java/util/regex/Pattern$SliceS done
Event: 6.348 loading class java/lang/Package$1PackageInfoProxy
Event: 6.348 loading class java/lang/Package$1PackageInfoProxy done
Event: 6.461 loading class java/util/WeakHashMap$KeyIterator
Event: 6.461 loading class java/util/WeakHashMap$HashIterator
Event: 6.461 loading class java/util/WeakHashMap$HashIterator done
Event: 6.461 loading class java/util/WeakHashMap$KeyIterator done
Event: 6.462 loading class java/util/WeakHashMap$EntrySet
Event: 6.462 loading class java/util/WeakHashMap$EntrySet done
Event: 6.462 loading class java/util/WeakHashMap$EntryIterator
Event: 6.462 loading class java/util/WeakHashMap$EntryIterator done
Event: 6.479 loading class java/util/regex/Pattern$LookBehindEndNode
Event: 6.479 loading class java/util/regex/Pattern$LookBehindEndNode done
Event: 6.479 loading class java/util/regex/Pattern$Behind
Event: 6.479 loading class java/util/regex/Pattern$Behind done
Event: 6.489 Thread 0x00000236c5b43510 Thread added: 0x00000236c5b43510
Event: 6.555 loading class java/lang/invoke/MethodHandleImpl$CountingWrapper$1
Event: 6.555 loading class java/lang/invoke/MethodHandleImpl$CountingWrapper$1 done


Dynamic libraries:
0x00007ff6db220000 - 0x00007ff6db230000 	C:\Program Files\Java\jdk-17\bin\java.exe
0x00007ff8813c0000 - 0x00007ff881627000 	C:\WINDOWS\SYSTEM32\ntdll.dll
0x00007ff87f370000 - 0x00007ff87f439000 	C:\WINDOWS\System32\KERNEL32.DLL
0x00007ff87e7f0000 - 0x00007ff87ebdf000 	C:\WINDOWS\System32\KERNELBASE.dll
0x00007ff87ed20000 - 0x00007ff87ee6b000 	C:\WINDOWS\System32\ucrtbase.dll
0x00007ff862350000 - 0x00007ff862369000 	C:\Program Files\Java\jdk-17\bin\jli.dll
0x00007ff85f360000 - 0x00007ff85f37b000 	C:\Program Files\Java\jdk-17\bin\VCRUNTIME140.dll
0x00007ff87fd70000 - 0x00007ff87fe24000 	C:\WINDOWS\System32\ADVAPI32.dll
0x00007ff87ffd0000 - 0x00007ff880079000 	C:\WINDOWS\System32\msvcrt.dll
0x00007ff880fc0000 - 0x00007ff881066000 	C:\WINDOWS\System32\sechost.dll
0x00007ff881260000 - 0x00007ff881378000 	C:\WINDOWS\System32\RPCRT4.dll
0x00007ff880340000 - 0x00007ff880505000 	C:\WINDOWS\System32\USER32.dll
0x00007ff863510000 - 0x00007ff8637a3000 	C:\WINDOWS\WinSxS\amd64_microsoft.windows.common-controls_6595b64144ccf1df_6.0.26100.7309_none_3e05feeae336a044\COMCTL32.dll
0x00007ff87e700000 - 0x00007ff87e727000 	C:\WINDOWS\System32\win32u.dll
0x00007ff880c00000 - 0x00007ff880c2b000 	C:\WINDOWS\System32\GDI32.dll
0x00007ff87ebf0000 - 0x00007ff87ed1c000 	C:\WINDOWS\System32\gdi32full.dll
0x00007ff87e510000 - 0x00007ff87e5b3000 	C:\WINDOWS\System32\msvcp_win.dll
0x00007ff874b00000 - 0x00007ff874b0b000 	C:\WINDOWS\SYSTEM32\VERSION.dll
0x00007ff881210000 - 0x00007ff881241000 	C:\WINDOWS\System32\IMM32.DLL
0x00007ff865640000 - 0x00007ff86564c000 	C:\Program Files\Java\jdk-17\bin\vcruntime140_1.dll
0x00007ff852bf0000 - 0x00007ff852c7e000 	C:\Program Files\Java\jdk-17\bin\msvcp140.dll
0x00007fffe46d0000 - 0x00007fffe52b0000 	C:\Program Files\Java\jdk-17\bin\server\jvm.dll
0x00007ff881250000 - 0x00007ff881258000 	C:\WINDOWS\System32\PSAPI.DLL
0x00007ff860a00000 - 0x00007ff860a0a000 	C:\WINDOWS\SYSTEM32\WSOCK32.dll
0x00007ff8654f0000 - 0x00007ff865525000 	C:\WINDOWS\SYSTEM32\WINMM.dll
0x00007ff8806f0000 - 0x00007ff880764000 	C:\WINDOWS\System32\WS2_32.dll
0x00007ff87d2c0000 - 0x00007ff87d2db000 	C:\WINDOWS\SYSTEM32\kernel.appcore.dll
0x00007ff860ac0000 - 0x00007ff860aca000 	C:\Program Files\Java\jdk-17\bin\jimage.dll
0x00007ff879410000 - 0x00007ff879652000 	C:\WINDOWS\SYSTEM32\DBGHELP.DLL
0x00007ff880c30000 - 0x00007ff880fb5000 	C:\WINDOWS\System32\combase.dll
0x00007ff8801a0000 - 0x00007ff880276000 	C:\WINDOWS\System32\OLEAUT32.dll
0x00007ff8533e0000 - 0x00007ff85341c000 	C:\WINDOWS\SYSTEM32\dbgcore.DLL
0x00007ff87e5c0000 - 0x00007ff87e665000 	C:\WINDOWS\System32\bcryptPrimitives.dll
0x00007ff85f350000 - 0x00007ff85f35e000 	C:\Program Files\Java\jdk-17\bin\instrument.dll
0x00007ff8547f0000 - 0x00007ff854815000 	C:\Program Files\Java\jdk-17\bin\java.dll
0x00007ff850b60000 - 0x00007ff850c37000 	C:\Program Files\Java\jdk-17\bin\jsvml.dll
0x00007ff87f610000 - 0x00007ff87fd63000 	C:\WINDOWS\System32\SHELL32.dll
0x00007ff87ee70000 - 0x00007ff87efda000 	C:\WINDOWS\System32\wintypes.dll
0x00007ff87c150000 - 0x00007ff87c9ae000 	C:\WINDOWS\SYSTEM32\windows.storage.dll
0x00007ff87fe30000 - 0x00007ff87ff25000 	C:\WINDOWS\System32\SHCORE.dll
0x00007ff880280000 - 0x00007ff8802e6000 	C:\WINDOWS\System32\shlwapi.dll
0x00007ff87e430000 - 0x00007ff87e459000 	C:\WINDOWS\SYSTEM32\profapi.dll
0x00007ff853950000 - 0x00007ff853968000 	C:\Program Files\Java\jdk-17\bin\zip.dll
0x00007ff854c60000 - 0x00007ff854c79000 	C:\Program Files\Java\jdk-17\bin\net.dll
0x00007ff86f4b0000 - 0x00007ff86f5d8000 	C:\WINDOWS\SYSTEM32\WINHTTP.dll
0x00007ff87d830000 - 0x00007ff87d89b000 	C:\WINDOWS\system32\mswsock.dll
0x00007ff853b50000 - 0x00007ff853b66000 	C:\Program Files\Java\jdk-17\bin\nio.dll
0x00007ff854bb0000 - 0x00007ff854bbe000 	C:\Program Files\Java\jdk-17\bin\sunmscapi.dll
0x00007ff87efe0000 - 0x00007ff87f157000 	C:\WINDOWS\System32\CRYPT32.dll
0x00007ff87dd10000 - 0x00007ff87dd40000 	C:\WINDOWS\SYSTEM32\ncrypt.dll
0x00007ff87dcc0000 - 0x00007ff87dcff000 	C:\WINDOWS\SYSTEM32\NTASN1.dll
0x00007ff87daf0000 - 0x00007ff87db0b000 	C:\WINDOWS\SYSTEM32\CRYPTSP.dll
0x00007ff87d220000 - 0x00007ff87d25a000 	C:\WINDOWS\system32\rsaenh.dll
0x00007ff87d8e0000 - 0x00007ff87d90b000 	C:\WINDOWS\SYSTEM32\USERENV.dll
0x00007ff87e400000 - 0x00007ff87e42a000 	C:\WINDOWS\SYSTEM32\bcrypt.dll
0x00007ff87db10000 - 0x00007ff87db1c000 	C:\WINDOWS\SYSTEM32\CRYPTBASE.dll
0x00007ff87cd20000 - 0x00007ff87cd54000 	C:\WINDOWS\SYSTEM32\IPHLPAPI.DLL
0x00007ff87ff30000 - 0x00007ff87ff3a000 	C:\WINDOWS\System32\NSI.dll
0x00007ff8737c0000 - 0x00007ff8737de000 	C:\WINDOWS\SYSTEM32\dhcpcsvc6.DLL
0x00007ff86f480000 - 0x00007ff86f4a3000 	C:\WINDOWS\SYSTEM32\dhcpcsvc.DLL
0x00007ff87cdc0000 - 0x00007ff87ceec000 	C:\WINDOWS\SYSTEM32\DNSAPI.dll
0x00007ff854470000 - 0x00007ff85447a000 	C:\Program Files\Java\jdk-17\bin\management.dll
0x00007ff852f60000 - 0x00007ff852f6b000 	C:\Program Files\Java\jdk-17\bin\management_ext.dll
0x00007ff8737b0000 - 0x00007ff8737bb000 	C:\Windows\System32\rasadhlp.dll
0x00007ff86e660000 - 0x00007ff86e6e6000 	C:\WINDOWS\System32\fwpuclnt.dll

dbghelp: loaded successfully - version: 4.0.5 - missing functions: none
symbol engine: initialized successfully - sym options: 0x614 - pdb path: .;C:\Program Files\Java\jdk-17\bin;C:\WINDOWS\SYSTEM32;C:\WINDOWS\WinSxS\amd64_microsoft.windows.common-controls_6595b64144ccf1df_6.0.26100.7309_none_3e05feeae336a044;C:\Program Files\Java\jdk-17\bin\server

VM Arguments:
jvm_args: -javaagent:C:\Program Files\JetBrains\IntelliJ IDEA Community Edition 2025.2.6\lib\idea_rt.jar=61921 -Dfile.encoding=UTF-8 
java_command: com.example.mentalhealth.MentalHealthApplication
java_class_path (initial): M:\BEST_PROGRAMMING-FINAL_PROJECT\MENTAL_HEALTH_BST_PRO_2\target\classes;C:\Users\HP.MYLAPTOP1.000\.m2\repository\org\springframework\boot\spring-boot-starter-data-jpa\4.0.0\spring-boot-starter-data-jpa-4.0.0.jar;C:\Users\HP.MYLAPTOP1.000\.m2\repository\org\springframework\boot\spring-boot-starter\4.0.0\spring-boot-starter-4.0.0.jar;C:\Users\HP.MYLAPTOP1.000\.m2\repository\org\springframework\boot\spring-boot-starter-logging\4.0.0\spring-boot-starter-logging-4.0.0.jar;C:\Users\HP.MYLAPTOP1.000\.m2\repository\ch\qos\logback\logback-classic\1.5.21\logback-classic-1.5.21.jar;C:\Users\HP.MYLAPTOP1.000\.m2\repository\ch\qos\logback\logback-core\1.5.21\logback-core-1.5.21.jar;C:\Users\HP.MYLAPTOP1.000\.m2\repository\org\apache\logging\log4j\log4j-to-slf4j\2.25.2\log4j-to-slf4j-2.25.2.jar;C:\Users\HP.MYLAPTOP1.000\.m2\repository\org\apache\logging\log4j\log4j-api\2.25.2\log4j-api-2.25.2.jar;C:\Users\HP.MYLAPTOP1.000\.m2\repository\org\slf4j\jul-to-slf4j\2.0.17\jul-to-slf4j-2.0.17.jar;C:\Users\HP.MYLAPTOP1.000\.m2\repository\org\springframework\boot\spring-boot-autoconfigure\4.0.0\spring-boot-autoconfigure-4.0.0.jar;C:\Users\HP.MYLAPTOP1.000\.m2\repository\jakarta\annotation\jakarta.annotation-api\3.0.0\jakarta.annotation-api-3.0.0.jar;C:\Users\HP.MYLAPTOP1.000\.m2\repository\org\yaml\snakeyaml\2.5\snakeyaml-2.5.jar;C:\Users\HP.MYLAPTOP1.000\.m2\repository\org\springframework\boot\spring-boot-starter-jdbc\4.0.0\spring-boot-starter-jdbc-4.0.0.jar;C:\Users\HP.MYLAPTOP1.000\.m2\repository\com\zaxxer\HikariCP\7.0.2\HikariCP-7.0.2.jar;C:\Users\HP.MYLAPTOP1.000\.m2\repository\org\springframework\boot\spring-boot-data-jpa\4.0.0\spring-boot-data-jpa-4.0.0.jar;C:\Users\HP.MYLAPTOP1.000\.m2\repository\org\springframework\boot\spring-boot-data-commons\4.0.0\spring-boot-data-commons-4.0.0.jar;C:\Users\HP.MYLAPTOP1.000\.m2\repository\org\springframework\boot\spring-boot-persistence\4.0.0\spring-boot-persistence-4.0.0.jar;C:\Users\HP.MYLAPTOP1.000\.m2\reposit
Launcher Type: SUN_STANDARD

[Global flags]
     intx CICompilerCount                          = 4                                         {product} {ergonomic}
     uint ConcGCThreads                            = 2                                         {product} {ergonomic}
     uint G1ConcRefinementThreads                  = 8                                         {product} {ergonomic}
   size_t G1HeapRegionSize                         = 1048576                                   {product} {ergonomic}
    uintx GCDrainStackTargetSize                   = 64                                        {product} {ergonomic}
   size_t InitialHeapSize                          = 132120576                                 {product} {ergonomic}
   size_t MarkStackSize                            = 4194304                                   {product} {ergonomic}
   size_t MaxHeapSize                              = 2107637760                                {product} {ergonomic}
   size_t MaxNewSize                               = 1264582656                                {product} {ergonomic}
   size_t MinHeapDeltaBytes                        = 1048576                                   {product} {ergonomic}
   size_t MinHeapSize                              = 8388608                                   {product} {ergonomic}
    uintx NonNMethodCodeHeapSize                   = 5839372                                {pd product} {ergonomic}
    uintx NonProfiledCodeHeapSize                  = 122909434                              {pd product} {ergonomic}
    uintx ProfiledCodeHeapSize                     = 122909434                              {pd product} {ergonomic}
    uintx ReservedCodeCacheSize                    = 251658240                              {pd product} {ergonomic}
     bool SegmentedCodeCache                       = true                                      {product} {ergonomic}
   size_t SoftMaxHeapSize                          = 2107637760                             {manageable} {ergonomic}
     bool UseCompressedClassPointers               = true                           {product lp64_product} {ergonomic}
     bool UseCompressedOops                        = true                           {product lp64_product} {ergonomic}
     bool UseG1GC                                  = true                                      {product} {ergonomic}
     bool UseLargePagesIndividualAllocation        = false                                  {pd product} {ergonomic}

Logging:
Log output configuration:
 #0: stdout all=warning uptime,level,tags
 #1: stderr all=off uptime,level,tags

Environment Variables:
PATH=C:\Program Files\Common Files\Oracle\Java\javapath;C:\ProgramData\Oracle\Java\javapath;C:\Program Files (x86)\Common Files\Oracle\Java\java8path;C:\Program Files (x86)\Common Files\Oracle\Java\javapath;C:\WINDOWS\system32;C:\WINDOWS;C:\WINDOWS\System32\Wbem;C:\WINDOWS\System32\WindowsPowerShell\v1.0\;C:\WINDOWS\System32\OpenSSH\;C:\Program Files (x86)\PuTTY\;C:\Users\HP\AppData\Local\nvm;C:\nvm4w\nodejs;C:\ProgramData\Microsoft\Windows\Start Menu\Programs;C:\Program Files\nodejs\;C:\Program Files\dotnet\;C:\Program Files\Git\cmd;C:\Program Files\MySQL\MySQL Server 8.0\bin;C:\Program Files\Microsoft SQL Server\Client SDK\ODBC\170\Tools\Binn\;C:\Program Files (x86)\Microsoft SQL Server\160\Tools\Binn\;C:\Program Files\Microsoft SQL Server\160\Tools\Binn\;C:\Program Files\Microsoft SQL Server\160\DTS\Binn\;C:\Program Files\Microsoft SQL Server\150\Tools\Binn\;C:\Program Files\cursor\resources\app\bin;C:\Users\HP.MYLAPTOP1.000\AppData\Local\Microsoft\WindowsApps;M:\Microsoft VS Code\bin;C:\Users\HP.MYLAPTOP1.000\AppData\Local\Programs\Windsurf\bin;C:\Program Files\JetBrains\IntelliJ IDEA Community Edition 2025.2.6\bin;C:\Users\HP.MYLAPTOP1.000\AppData\Local\Programs\cursor\resources\app\bin
USERNAME=HP
OS=Windows_NT
PROCESSOR_IDENTIFIER=Intel64 Family 6 Model 142 Stepping 10, GenuineIntel



---------------  S Y S T E M  ---------------

OS:
 Windows 11 , 64 bit Build 26100 (10.0.26100.7309)
OS uptime: 0 days 22:39 hours

CPU: total 8 (initial active 8) (4 cores per cpu, 2 threads per core) family 6 model 142 stepping 10 microcode 0xf6, cx8, cmov, fxsr, ht, mmx, 3dnowpref, sse, sse2, sse3, ssse3, sse4.1, sse4.2, popcnt, lzcnt, tsc, tscinvbit, avx, avx2, aes, erms, clmul, bmi1, bmi2, adx, fma, vzeroupper, clflush, clflushopt

Memory: 4k page, system-wide physical 8035M (797M free)
TotalPageFile size 12131M (AvailPageFile size 9M)
current process WorkingSet (physical memory assigned to process): 253M, peak: 254M
current process commit charge ("private bytes"): 289M, peak: 290M

vm_info: Java HotSpot(TM) 64-Bit Server VM (17.0.12+8-LTS-286) for windows-amd64 JRE (17.0.12+8-LTS-286), built on Jun  5 2024 06:46:59 by "mach5one" with MS VC++ 17.6 (VS2022)

END.
