[INFO] Scanning for projects...
[INFO] 
[INFO] ----------------< com.example:MENTAL_HEALTH_BST_PRO_2 >-----------------
[INFO] Building MENTAL_HEALTH_BST_PRO_2 0.0.1-SNAPSHOT
[INFO]   from pom.xml
[INFO] --------------------------------[ jar ]---------------------------------
[INFO] 
[INFO] >>> spring-boot:4.0.0:run (default-cli) > test-compile @ MENTAL_HEALTH_BST_PRO_2 >>>
[INFO] 
[INFO] --- resources:3.3.1:resources (default-resources) @ MENTAL_HEALTH_BST_PRO_2 ---
[INFO] Copying 2 resources from src\main\resources to target\classes
[INFO] Copying 3 resources from src\main\resources to target\classes
[INFO] 
[INFO] --- compiler:3.14.1:compile (default-compile) @ MENTAL_HEALTH_BST_PRO_2 ---
[INFO] Nothing to compile - all classes are up to date.
[INFO] 
[INFO] --- resources:3.3.1:testResources (default-testResources) @ MENTAL_HEALTH_BST_PRO_2 ---
[INFO] skip non existing resourceDirectory M:\BEST_PROGRAMMING-FINAL_PROJECT\MENTAL_HEALTH_BST_PRO_2\src\test\resources
[INFO] 
[INFO] --- compiler:3.14.1:testCompile (default-testCompile) @ MENTAL_HEALTH_BST_PRO_2 ---
[INFO] Nothing to compile - all classes are up to date.
[INFO] 
[INFO] <<< spring-boot:4.0.0:run (default-cli) < test-compile @ MENTAL_HEALTH_BST_PRO_2 <<<
[INFO] 
[INFO] 
[INFO] --- spring-boot:4.0.0:run (default-cli) @ MENTAL_HEALTH_BST_PRO_2 ---
[INFO] ------------------------------------------------------------------------
[INFO] BUILD FAILURE
[INFO] ------------------------------------------------------------------------
[INFO] Total time:  5.547 s
[INFO] Finished at: 2025-12-07T12:48:12+02:00
[INFO] ------------------------------------------------------------------------
[ERROR] Failed to execute goal org.springframework.boot:spring-boot-maven-plugin:4.0.0:run (default-cli) on project MENTAL_HEALTH_BST_PRO_2: Execution default-cli of goal org.springframework.boot:spring-boot-maven-plugin:4.0.0:run failed: Unable to find a single main class from the following candidates [com.example.mentalhealth.MentalHealthApplication, com.example.MENTAL_HEALTH_BST_PRO_2.MentalHealthBstPro2Application] -> [Help 1]
[ERROR] 
[ERROR] To see the full stack trace of the errors, re-run Maven with the -e switch.
[ERROR] Re-run Maven using the -X switch to enable full debug logging.
[ERROR] 
[ERROR] For more information about the errors and possible solutions, please read the following articles:
[ERROR] [Help 1] http://cwiki.apache.org/confluence/display/MAVEN/PluginExecutionException
